   1              		.syntax unified
   2              		.cpu cortex-m4
   3              		.eabi_attribute 27, 3
   4              		.eabi_attribute 28, 1
   5              		.fpu fpv4-sp-d16
   6              		.eabi_attribute 20, 1
   7              		.eabi_attribute 21, 1
   8              		.eabi_attribute 23, 3
   9              		.eabi_attribute 24, 1
  10              		.eabi_attribute 25, 1
  11              		.eabi_attribute 26, 1
  12              		.eabi_attribute 30, 6
  13              		.eabi_attribute 34, 1
  14              		.eabi_attribute 18, 4
  15              		.thumb
  16              		.file	"KIN1.c"
  17              		.text
  18              	.Ltext0:
  19              		.cfi_sections	.debug_frame
  20              		.section	.rodata
  21              		.align	2
  22              	.LC0:
  23 0000 4B313020 		.ascii	"K10 or K12 Family\000"
  23      6F72204B 
  23      31322046 
  23      616D696C 
  23      7900
  24 0012 0000     		.align	2
  25              	.LC1:
  26 0014 4B323020 		.ascii	"K20 or K22 Family\000"
  26      6F72204B 
  26      32322046 
  26      616D696C 
  26      7900
  27 0026 0000     		.align	2
  28              	.LC2:
  29 0028 4B33302C 		.ascii	"K30, K11 or K61 Family\000"
  29      204B3131 
  29      206F7220 
  29      4B363120 
  29      46616D69 
  30 003f 00       		.align	2
  31              	.LC3:
  32 0040 4B343020 		.ascii	"K40 or K21 Family\000"
  32      6F72204B 
  32      32312046 
  32      616D696C 
  32      7900
  33 0052 0000     		.align	2
  34              	.LC4:
  35 0054 4B363020 		.ascii	"K60 or K62 Family\000"
  35      6F72204B 
  35      36322046 
  35      616D696C 
  35      7900
  36 0066 0000     		.align	2
  37              	.LC5:
  38 0068 4B373020 		.ascii	"K70 Family\000"
  38      46616D69 
  38      6C7900
  39 0073 00       		.align	2
  40              	.LC6:
  41 0074 52657365 		.ascii	"Reserved\000"
  41      72766564 
  41      00
  42              		.section	.data.KinetisM4FamilyStrings,"aw",%progbits
  43              		.align	2
  46              	KinetisM4FamilyStrings:
  47 0000 00000000 		.word	.LC0
  48 0004 14000000 		.word	.LC1
  49 0008 28000000 		.word	.LC2
  50 000c 40000000 		.word	.LC3
  51 0010 54000000 		.word	.LC4
  52 0014 68000000 		.word	.LC5
  53 0018 74000000 		.word	.LC6
  54 001c 74000000 		.word	.LC6
  55              		.section	.rodata
  56 007d 000000   		.align	2
  57              	.LC7:
  58 0080 4B494E31 		.ascii	"KIN1\000"
  58      00
  59 0085 000000   		.align	2
  60              	.LC8:
  61 0088 0D0A00   		.ascii	"\015\012\000"
  62 008b 00       		.align	2
  63              	.LC9:
  64 008c 4552524F 		.ascii	"ERROR\000"
  64      5200
  65 0092 0000     		.align	2
  66              	.LC10:
  67 0094 20205549 		.ascii	"  UID\000"
  67      4400
  68 009a 0000     		.align	2
  69              	.LC11:
  70 009c 20204661 		.ascii	"  Family\000"
  70      6D696C79 
  70      00
  71              		.section	.text.PrintStatus,"ax",%progbits
  72              		.align	2
  73              		.thumb
  74              		.thumb_func
  76              	PrintStatus:
  77              	.LFB0:
  78              		.file 1 "../Generated_Code/KIN1.c"
   1:../Generated_Code/KIN1.c **** /* ###################################################################
   2:../Generated_Code/KIN1.c **** **     This component module is generated by Processor Expert. Do not modify it.
   3:../Generated_Code/KIN1.c **** **     Filename    : KIN1.c
   4:../Generated_Code/KIN1.c **** **     Project     : TEAM_Robot
   5:../Generated_Code/KIN1.c **** **     Processor   : MK22FX512VLK12
   6:../Generated_Code/KIN1.c **** **     Component   : KinetisTools
   7:../Generated_Code/KIN1.c **** **     Version     : Component 01.038, Driver 01.00, CPU db: 3.00.000
   8:../Generated_Code/KIN1.c **** **     Repository  : My Components
   9:../Generated_Code/KIN1.c **** **     Compiler    : GNU C Compiler
  10:../Generated_Code/KIN1.c **** **     Date/Time   : 2018-09-28, 15:03, # CodeGen: 0
  11:../Generated_Code/KIN1.c **** **     Abstract    :
  12:../Generated_Code/KIN1.c **** **
  13:../Generated_Code/KIN1.c **** **     Settings    :
  14:../Generated_Code/KIN1.c **** **          Component name                                 : KIN1
  15:../Generated_Code/KIN1.c **** **          SDK                                            : MCUC1
  16:../Generated_Code/KIN1.c **** **          Utility                                        : UTIL1
  17:../Generated_Code/KIN1.c **** **          Shell                                          : Enabled
  18:../Generated_Code/KIN1.c **** **            Shell                                        : CLS1
  19:../Generated_Code/KIN1.c **** **     Contents    :
  20:../Generated_Code/KIN1.c **** **         SoftwareReset          - void KIN1_SoftwareReset(void);
  21:../Generated_Code/KIN1.c **** **         UIDGet                 - uint8_t KIN1_UIDGet(KIN1_UID *uid);
  22:../Generated_Code/KIN1.c **** **         UIDSame                - bool KIN1_UIDSame(const KIN1_UID *src, const KIN1_UID *dst);
  23:../Generated_Code/KIN1.c **** **         UIDtoString            - uint8_t KIN1_UIDtoString(const KIN1_UID *uid, uint8_t *buf, siz
  24:../Generated_Code/KIN1.c **** **         GetKinetisFamilyString - KIN1_ConstCharPtr KIN1_GetKinetisFamilyString(void);
  25:../Generated_Code/KIN1.c **** **         GetPC                  - void* KIN1_GetPC(void);
  26:../Generated_Code/KIN1.c **** **         GetSP                  - void* KIN1_GetSP(void);
  27:../Generated_Code/KIN1.c **** **         SetPSP                 - void KIN1_SetPSP(void *setval);
  28:../Generated_Code/KIN1.c **** **         SetLR                  - void KIN1_SetLR(uint32_t setval);
  29:../Generated_Code/KIN1.c **** **         InitCycleCounter       - void KIN1_InitCycleCounter(void);
  30:../Generated_Code/KIN1.c **** **         ResetCycleCounter      - void KIN1_ResetCycleCounter(void);
  31:../Generated_Code/KIN1.c **** **         EnableCycleCounter     - void KIN1_EnableCycleCounter(void);
  32:../Generated_Code/KIN1.c **** **         DisableCycleCounter    - void KIN1_DisableCycleCounter(void);
  33:../Generated_Code/KIN1.c **** **         GetCycleCounter        - uint32_t KIN1_GetCycleCounter(void);
  34:../Generated_Code/KIN1.c **** **         ParseCommand           - uint8_t KIN1_ParseCommand(const unsigned char* cmd, bool *handl
  35:../Generated_Code/KIN1.c **** **
  36:../Generated_Code/KIN1.c **** **     * Copyright (c) 2014-2017, Erich Styger
  37:../Generated_Code/KIN1.c **** **      * Web:         https://mcuoneclipse.com
  38:../Generated_Code/KIN1.c **** **      * SourceForge: https://sourceforge.net/projects/mcuoneclipse
  39:../Generated_Code/KIN1.c **** **      * Git:         https://github.com/ErichStyger/McuOnEclipse_PEx
  40:../Generated_Code/KIN1.c **** **      * All rights reserved.
  41:../Generated_Code/KIN1.c **** **      *
  42:../Generated_Code/KIN1.c **** **      * Redistribution and use in source and binary forms, with or without modification,
  43:../Generated_Code/KIN1.c **** **      * are permitted provided that the following conditions are met:
  44:../Generated_Code/KIN1.c **** **      *
  45:../Generated_Code/KIN1.c **** **      * - Redistributions of source code must retain the above copyright notice, this list
  46:../Generated_Code/KIN1.c **** **      *   of conditions and the following disclaimer.
  47:../Generated_Code/KIN1.c **** **      *
  48:../Generated_Code/KIN1.c **** **      * - Redistributions in binary form must reproduce the above copyright notice, this
  49:../Generated_Code/KIN1.c **** **      *   list of conditions and the following disclaimer in the documentation and/or
  50:../Generated_Code/KIN1.c **** **      *   other materials provided with the distribution.
  51:../Generated_Code/KIN1.c **** **      *
  52:../Generated_Code/KIN1.c **** **      * THIS SOFTWARE IS PROVIDED BY THE COPYRIGHT HOLDERS AND CONTRIBUTORS "AS IS" AND
  53:../Generated_Code/KIN1.c **** **      * ANY EXPRESS OR IMPLIED WARRANTIES, INCLUDING, BUT NOT LIMITED TO, THE IMPLIED
  54:../Generated_Code/KIN1.c **** **      * WARRANTIES OF MERCHANTABILITY AND FITNESS FOR A PARTICULAR PURPOSE ARE
  55:../Generated_Code/KIN1.c **** **      * DISCLAIMED. IN NO EVENT SHALL THE COPYRIGHT HOLDER OR CONTRIBUTORS BE LIABLE FOR
  56:../Generated_Code/KIN1.c **** **      * ANY DIRECT, INDIRECT, INCIDENTAL, SPECIAL, EXEMPLARY, OR CONSEQUENTIAL DAMAGES
  57:../Generated_Code/KIN1.c **** **      * (INCLUDING, BUT NOT LIMITED TO, PROCUREMENT OF SUBSTITUTE GOODS OR SERVICES;
  58:../Generated_Code/KIN1.c **** **      * LOSS OF USE, DATA, OR PROFITS; OR BUSINESS INTERRUPTION) HOWEVER CAUSED AND ON
  59:../Generated_Code/KIN1.c **** **      * ANY THEORY OF LIABILITY, WHETHER IN CONTRACT, STRICT LIABILITY, OR TORT
  60:../Generated_Code/KIN1.c **** **      * (INCLUDING NEGLIGENCE OR OTHERWISE) ARISING IN ANY WAY OUT OF THE USE OF THIS
  61:../Generated_Code/KIN1.c **** **      * SOFTWARE, EVEN IF ADVISED OF THE POSSIBILITY OF SUCH DAMAGE.
  62:../Generated_Code/KIN1.c **** ** ###################################################################*/
  63:../Generated_Code/KIN1.c **** /*!
  64:../Generated_Code/KIN1.c **** ** @file KIN1.c
  65:../Generated_Code/KIN1.c **** ** @version 01.00
  66:../Generated_Code/KIN1.c **** ** @brief
  67:../Generated_Code/KIN1.c **** **
  68:../Generated_Code/KIN1.c **** */         
  69:../Generated_Code/KIN1.c **** /*!
  70:../Generated_Code/KIN1.c **** **  @addtogroup KIN1_module KIN1 module documentation
  71:../Generated_Code/KIN1.c **** **  @{
  72:../Generated_Code/KIN1.c **** */         
  73:../Generated_Code/KIN1.c **** 
  74:../Generated_Code/KIN1.c **** /* MODULE KIN1. */
  75:../Generated_Code/KIN1.c **** 
  76:../Generated_Code/KIN1.c **** #include "KIN1.h"
  77:../Generated_Code/KIN1.c **** #include "UTIL1.h" /* various utility functions */
  78:../Generated_Code/KIN1.c **** #if MCUC1_CONFIG_NXP_SDK_2_0_USED
  79:../Generated_Code/KIN1.c ****   #include "fsl_sim.h" /* system integration module */
  80:../Generated_Code/KIN1.c **** #elif MCUC1_CONFIG_SDK_VERSION_USED==MCUC1_CONFIG_SDK_KINETIS_1_3
  81:../Generated_Code/KIN1.c ****   #include "Cpu.h" /* include CPU related interfaces and defines */
  82:../Generated_Code/KIN1.c **** #elif MCUC1_CONFIG_CPU_IS_ARM_CORTEX_M
  83:../Generated_Code/KIN1.c ****   /* include device specific header file for CMSIS inside "KIN1config.h" */
  84:../Generated_Code/KIN1.c **** #endif
  85:../Generated_Code/KIN1.c **** 
  86:../Generated_Code/KIN1.c **** #if MCUC1_CONFIG_CPU_IS_KINETIS
  87:../Generated_Code/KIN1.c **** #if MCUC1_CONFIG_CORTEX_M==4
  88:../Generated_Code/KIN1.c **** static const unsigned char *KinetisM4FamilyStrings[] =
  89:../Generated_Code/KIN1.c **** { /* FAMID (3 bits) are used as index */
  90:../Generated_Code/KIN1.c ****   (const unsigned char *)"K10 or K12 Family",          /* 000 */
  91:../Generated_Code/KIN1.c ****   (const unsigned char *)"K20 or K22 Family",          /* 001 */
  92:../Generated_Code/KIN1.c ****   (const unsigned char *)"K30, K11 or K61 Family",     /* 010 */
  93:../Generated_Code/KIN1.c ****   (const unsigned char *)"K40 or K21 Family",          /* 011 */
  94:../Generated_Code/KIN1.c ****   (const unsigned char *)"K60 or K62 Family",          /* 100 */
  95:../Generated_Code/KIN1.c ****   (const unsigned char *)"K70 Family",                 /* 101 */
  96:../Generated_Code/KIN1.c ****   (const unsigned char *)"Reserved",                   /* 110 */
  97:../Generated_Code/KIN1.c ****   (const unsigned char *)"Reserved"                    /* 111 */
  98:../Generated_Code/KIN1.c **** };
  99:../Generated_Code/KIN1.c **** #endif
 100:../Generated_Code/KIN1.c **** 
 101:../Generated_Code/KIN1.c **** #if MCUC1_CONFIG_CORTEX_M==0
 102:../Generated_Code/KIN1.c **** static const unsigned char *KinetisM0FamilyStrings[] =
 103:../Generated_Code/KIN1.c **** { /* FAMID (3 bits) are used as index */
 104:../Generated_Code/KIN1.c ****   (const unsigned char *)"KL0x",          /* 0000 */
 105:../Generated_Code/KIN1.c ****   (const unsigned char *)"KL1x",          /* 0001 */
 106:../Generated_Code/KIN1.c ****   (const unsigned char *)"KL2x",          /* 0010 */
 107:../Generated_Code/KIN1.c ****   (const unsigned char *)"KL3x",          /* 0011 */
 108:../Generated_Code/KIN1.c ****   (const unsigned char *)"KL4x",          /* 0100 */
 109:../Generated_Code/KIN1.c ****   (const unsigned char *)"Reserved",      /* 0101 */
 110:../Generated_Code/KIN1.c ****   (const unsigned char *)"Reserved",      /* 0110 */
 111:../Generated_Code/KIN1.c ****   (const unsigned char *)"Reserved"       /* 0111 */
 112:../Generated_Code/KIN1.c **** };
 113:../Generated_Code/KIN1.c **** #endif
 114:../Generated_Code/KIN1.c **** #endif
 115:../Generated_Code/KIN1.c **** 
 116:../Generated_Code/KIN1.c **** #if KIN1_CONFIG_PARSE_COMMAND_ENABLED
 117:../Generated_Code/KIN1.c **** static uint8_t PrintStatus(const CLS1_StdIOType *io)
 118:../Generated_Code/KIN1.c **** {
  79              		.loc 1 118 0
  80              		.cfi_startproc
  81              		@ args = 0, pretend = 0, frame = 112
  82              		@ frame_needed = 1, uses_anonymous_args = 0
  83 0000 80B5     		push	{r7, lr}
  84              		.cfi_def_cfa_offset 8
  85              		.cfi_offset 7, -8
  86              		.cfi_offset 14, -4
  87 0002 9CB0     		sub	sp, sp, #112
  88              		.cfi_def_cfa_offset 120
  89 0004 00AF     		add	r7, sp, #0
  90              		.cfi_def_cfa_register 7
  91 0006 7860     		str	r0, [r7, #4]
 119:../Generated_Code/KIN1.c **** #if MCUC1_CONFIG_CPU_IS_KINETIS
 120:../Generated_Code/KIN1.c ****   uint8_t buf[1+(16*5)+1+1]; /* "{0xAA,...0xBB}" */
 121:../Generated_Code/KIN1.c ****   uint8_t res;
 122:../Generated_Code/KIN1.c ****   KIN1_UID uid;
 123:../Generated_Code/KIN1.c **** #endif
 124:../Generated_Code/KIN1.c **** 
 125:../Generated_Code/KIN1.c ****   CLS1_SendStatusStr((unsigned char*)"KIN1", (unsigned char*)"\r\n", io->stdOut);
  92              		.loc 1 125 0
  93 0008 7B68     		ldr	r3, [r7, #4]
  94 000a 5B68     		ldr	r3, [r3, #4]
  95 000c 2548     		ldr	r0, .L5
  96 000e 2649     		ldr	r1, .L5+4
  97 0010 1A46     		mov	r2, r3
  98 0012 FFF7FEFF 		bl	CLS1_SendStatusStr
 126:../Generated_Code/KIN1.c **** #if MCUC1_CONFIG_CPU_IS_KINETIS
 127:../Generated_Code/KIN1.c ****   res = KIN1_UIDGet(&uid);
  99              		.loc 1 127 0
 100 0016 07F10C03 		add	r3, r7, #12
 101 001a 1846     		mov	r0, r3
 102 001c FFF7FEFF 		bl	KIN1_UIDGet
 103 0020 0346     		mov	r3, r0
 104 0022 87F86F30 		strb	r3, [r7, #111]
 128:../Generated_Code/KIN1.c ****   if (res==ERR_OK) {
 105              		.loc 1 128 0
 106 0026 97F86F30 		ldrb	r3, [r7, #111]	@ zero_extendqisi2
 107 002a 002B     		cmp	r3, #0
 108 002c 0BD1     		bne	.L2
 129:../Generated_Code/KIN1.c ****     res = KIN1_UIDtoString(&uid, buf, sizeof(buf));
 109              		.loc 1 129 0
 110 002e 07F10C02 		add	r2, r7, #12
 111 0032 07F11C03 		add	r3, r7, #28
 112 0036 1046     		mov	r0, r2
 113 0038 1946     		mov	r1, r3
 114 003a 5322     		movs	r2, #83
 115 003c FFF7FEFF 		bl	KIN1_UIDtoString
 116 0040 0346     		mov	r3, r0
 117 0042 87F86F30 		strb	r3, [r7, #111]
 118              	.L2:
 130:../Generated_Code/KIN1.c ****   }
 131:../Generated_Code/KIN1.c ****   if (res!=ERR_OK) {
 119              		.loc 1 131 0
 120 0046 97F86F30 		ldrb	r3, [r7, #111]	@ zero_extendqisi2
 121 004a 002B     		cmp	r3, #0
 122 004c 06D0     		beq	.L3
 132:../Generated_Code/KIN1.c ****     UTIL1_strcpy(buf, sizeof(buf), (unsigned char*)"ERROR");
 123              		.loc 1 132 0
 124 004e 07F11C03 		add	r3, r7, #28
 125 0052 1846     		mov	r0, r3
 126 0054 5321     		movs	r1, #83
 127 0056 154A     		ldr	r2, .L5+8
 128 0058 FFF7FEFF 		bl	UTIL1_strcpy
 129              	.L3:
 133:../Generated_Code/KIN1.c ****   }
 134:../Generated_Code/KIN1.c ****   CLS1_SendStatusStr((unsigned char*)"  UID", buf, io->stdOut);
 130              		.loc 1 134 0
 131 005c 7B68     		ldr	r3, [r7, #4]
 132 005e 5B68     		ldr	r3, [r3, #4]
 133 0060 07F11C02 		add	r2, r7, #28
 134 0064 1248     		ldr	r0, .L5+12
 135 0066 1146     		mov	r1, r2
 136 0068 1A46     		mov	r2, r3
 137 006a FFF7FEFF 		bl	CLS1_SendStatusStr
 135:../Generated_Code/KIN1.c ****   CLS1_SendStr((unsigned char*)"\r\n", io->stdOut);
 138              		.loc 1 135 0
 139 006e 7B68     		ldr	r3, [r7, #4]
 140 0070 5B68     		ldr	r3, [r3, #4]
 141 0072 0D48     		ldr	r0, .L5+4
 142 0074 1946     		mov	r1, r3
 143 0076 FFF7FEFF 		bl	CLS1_SendStr
 136:../Generated_Code/KIN1.c **** #endif
 137:../Generated_Code/KIN1.c ****   CLS1_SendStatusStr((unsigned char*)"  Family", (uint8_t*)KIN1_GetKinetisFamilyString(), io->stdOu
 144              		.loc 1 137 0
 145 007a FFF7FEFF 		bl	KIN1_GetKinetisFamilyString
 146 007e 0246     		mov	r2, r0
 147 0080 7B68     		ldr	r3, [r7, #4]
 148 0082 5B68     		ldr	r3, [r3, #4]
 149 0084 0B48     		ldr	r0, .L5+16
 150 0086 1146     		mov	r1, r2
 151 0088 1A46     		mov	r2, r3
 152 008a FFF7FEFF 		bl	CLS1_SendStatusStr
 138:../Generated_Code/KIN1.c ****   CLS1_SendStr((unsigned char*)"\r\n", io->stdOut);
 153              		.loc 1 138 0
 154 008e 7B68     		ldr	r3, [r7, #4]
 155 0090 5B68     		ldr	r3, [r3, #4]
 156 0092 0548     		ldr	r0, .L5+4
 157 0094 1946     		mov	r1, r3
 158 0096 FFF7FEFF 		bl	CLS1_SendStr
 139:../Generated_Code/KIN1.c ****   return ERR_OK;
 159              		.loc 1 139 0
 160 009a 0023     		movs	r3, #0
 140:../Generated_Code/KIN1.c **** }
 161              		.loc 1 140 0
 162 009c 1846     		mov	r0, r3
 163 009e 7037     		adds	r7, r7, #112
 164 00a0 BD46     		mov	sp, r7
 165              		@ sp needed
 166 00a2 80BD     		pop	{r7, pc}
 167              	.L6:
 168              		.align	2
 169              	.L5:
 170 00a4 80000000 		.word	.LC7
 171 00a8 88000000 		.word	.LC8
 172 00ac 8C000000 		.word	.LC9
 173 00b0 94000000 		.word	.LC10
 174 00b4 9C000000 		.word	.LC11
 175              		.cfi_endproc
 176              	.LFE0:
 178              		.section	.rodata
 179 00a5 000000   		.align	2
 180              	.LC12:
 181 00a8 47726F75 		.ascii	"Group of KIN1 commands\015\012\000"
 181      70206F66 
 181      204B494E 
 181      3120636F 
 181      6D6D616E 
 182 00c1 000000   		.align	2
 183              	.LC13:
 184 00c4 20207265 		.ascii	"  reset\000"
 184      73657400 
 185              		.align	2
 186              	.LC14:
 187 00cc 50657266 		.ascii	"Performs a software reset\015\012\000"
 187      6F726D73 
 187      20612073 
 187      6F667477 
 187      61726520 
 188              		.align	2
 189              	.LC15:
 190 00e8 20206865 		.ascii	"  help|status\000"
 190      6C707C73 
 190      74617475 
 190      7300
 191 00f6 0000     		.align	2
 192              	.LC16:
 193 00f8 5072696E 		.ascii	"Print help or status information\015\012\000"
 193      74206865 
 193      6C70206F 
 193      72207374 
 193      61747573 
 194              		.section	.text.PrintHelp,"ax",%progbits
 195              		.align	2
 196              		.thumb
 197              		.thumb_func
 199              	PrintHelp:
 200              	.LFB1:
 141:../Generated_Code/KIN1.c **** #endif
 142:../Generated_Code/KIN1.c **** 
 143:../Generated_Code/KIN1.c **** #if KIN1_CONFIG_PARSE_COMMAND_ENABLED
 144:../Generated_Code/KIN1.c **** static uint8_t PrintHelp(const CLS1_StdIOType *io)
 145:../Generated_Code/KIN1.c **** {
 201              		.loc 1 145 0
 202              		.cfi_startproc
 203              		@ args = 0, pretend = 0, frame = 8
 204              		@ frame_needed = 1, uses_anonymous_args = 0
 205 0000 80B5     		push	{r7, lr}
 206              		.cfi_def_cfa_offset 8
 207              		.cfi_offset 7, -8
 208              		.cfi_offset 14, -4
 209 0002 82B0     		sub	sp, sp, #8
 210              		.cfi_def_cfa_offset 16
 211 0004 00AF     		add	r7, sp, #0
 212              		.cfi_def_cfa_register 7
 213 0006 7860     		str	r0, [r7, #4]
 146:../Generated_Code/KIN1.c ****   CLS1_SendHelpStr((unsigned char*)"KIN1", (unsigned char*)"Group of KIN1 commands\r\n", io->stdOut
 214              		.loc 1 146 0
 215 0008 7B68     		ldr	r3, [r7, #4]
 216 000a 5B68     		ldr	r3, [r3, #4]
 217 000c 0B48     		ldr	r0, .L9
 218 000e 0C49     		ldr	r1, .L9+4
 219 0010 1A46     		mov	r2, r3
 220 0012 FFF7FEFF 		bl	CLS1_SendHelpStr
 147:../Generated_Code/KIN1.c ****   CLS1_SendHelpStr((unsigned char*)"  reset", (unsigned char*)"Performs a software reset\r\n", io->
 221              		.loc 1 147 0
 222 0016 7B68     		ldr	r3, [r7, #4]
 223 0018 5B68     		ldr	r3, [r3, #4]
 224 001a 0A48     		ldr	r0, .L9+8
 225 001c 0A49     		ldr	r1, .L9+12
 226 001e 1A46     		mov	r2, r3
 227 0020 FFF7FEFF 		bl	CLS1_SendHelpStr
 148:../Generated_Code/KIN1.c ****   CLS1_SendHelpStr((unsigned char*)"  help|status", (unsigned char*)"Print help or status informati
 228              		.loc 1 148 0
 229 0024 7B68     		ldr	r3, [r7, #4]
 230 0026 5B68     		ldr	r3, [r3, #4]
 231 0028 0848     		ldr	r0, .L9+16
 232 002a 0949     		ldr	r1, .L9+20
 233 002c 1A46     		mov	r2, r3
 234 002e FFF7FEFF 		bl	CLS1_SendHelpStr
 149:../Generated_Code/KIN1.c ****   return ERR_OK;
 235              		.loc 1 149 0
 236 0032 0023     		movs	r3, #0
 150:../Generated_Code/KIN1.c **** }
 237              		.loc 1 150 0
 238 0034 1846     		mov	r0, r3
 239 0036 0837     		adds	r7, r7, #8
 240 0038 BD46     		mov	sp, r7
 241              		@ sp needed
 242 003a 80BD     		pop	{r7, pc}
 243              	.L10:
 244              		.align	2
 245              	.L9:
 246 003c 80000000 		.word	.LC7
 247 0040 A8000000 		.word	.LC12
 248 0044 C4000000 		.word	.LC13
 249 0048 CC000000 		.word	.LC14
 250 004c E8000000 		.word	.LC15
 251 0050 F8000000 		.word	.LC16
 252              		.cfi_endproc
 253              	.LFE1:
 255              		.section	.text.KIN1_SoftwareReset,"ax",%progbits
 256              		.align	2
 257              		.global	KIN1_SoftwareReset
 258              		.thumb
 259              		.thumb_func
 261              	KIN1_SoftwareReset:
 262              	.LFB2:
 151:../Generated_Code/KIN1.c **** #endif
 152:../Generated_Code/KIN1.c **** 
 153:../Generated_Code/KIN1.c **** /*
 154:../Generated_Code/KIN1.c **** ** ===================================================================
 155:../Generated_Code/KIN1.c **** **     Method      :  KIN1_SoftwareReset (component KinetisTools)
 156:../Generated_Code/KIN1.c **** **     Description :
 157:../Generated_Code/KIN1.c **** **         Performs a reset of the device
 158:../Generated_Code/KIN1.c **** **     Parameters  : None
 159:../Generated_Code/KIN1.c **** **     Returns     : Nothing
 160:../Generated_Code/KIN1.c **** ** ===================================================================
 161:../Generated_Code/KIN1.c **** */
 162:../Generated_Code/KIN1.c **** void KIN1_SoftwareReset(void)
 163:../Generated_Code/KIN1.c **** {
 263              		.loc 1 163 0
 264              		.cfi_startproc
 265              		@ args = 0, pretend = 0, frame = 0
 266              		@ frame_needed = 1, uses_anonymous_args = 0
 267              		@ link register save eliminated.
 268 0000 80B4     		push	{r7}
 269              		.cfi_def_cfa_offset 4
 270              		.cfi_offset 7, -4
 271 0002 00AF     		add	r7, sp, #0
 272              		.cfi_def_cfa_register 7
 164:../Generated_Code/KIN1.c ****   /* Generic way to request a reset from software for ARM Cortex */
 165:../Generated_Code/KIN1.c ****   /* See https://community.freescale.com/thread/99740
 166:../Generated_Code/KIN1.c ****      To write to this register, you must write 0x5FA to the VECTKEY field, otherwise the processor 
 167:../Generated_Code/KIN1.c ****      SYSRESETREQ will cause a system reset asynchronously, so need to wait afterwards.
 168:../Generated_Code/KIN1.c ****    */
 169:../Generated_Code/KIN1.c **** #if MCUC1_CONFIG_CPU_IS_ARM_CORTEX_M
 170:../Generated_Code/KIN1.c **** #if MCUC1_CONFIG_PEX_SDK_USED
 171:../Generated_Code/KIN1.c ****   SCB_AIRCR = SCB_AIRCR_VECTKEY(0x5FA) | SCB_AIRCR_SYSRESETREQ_MASK;
 273              		.loc 1 171 0
 274 0004 4FF0E023 		mov	r3, #-536813568
 275 0008 014A     		ldr	r2, .L13
 276 000a C3F80C2D 		str	r2, [r3, #3340]
 277              	.L12:
 172:../Generated_Code/KIN1.c **** #else
 173:../Generated_Code/KIN1.c ****   SCB->AIRCR = (0x5FA<<SCB_AIRCR_VECTKEY_Pos)|SCB_AIRCR_SYSRESETREQ_Msk;
 174:../Generated_Code/KIN1.c **** #endif
 175:../Generated_Code/KIN1.c **** #endif
 176:../Generated_Code/KIN1.c ****   for(;;) {
 177:../Generated_Code/KIN1.c ****     /* wait until reset */
 178:../Generated_Code/KIN1.c ****   }
 278              		.loc 1 178 0 discriminator 1
 279 000e FEE7     		b	.L12
 280              	.L14:
 281              		.align	2
 282              	.L13:
 283 0010 0400FA05 		.word	100270084
 284              		.cfi_endproc
 285              	.LFE2:
 287              		.section	.text.KIN1_UIDGet,"ax",%progbits
 288              		.align	2
 289              		.global	KIN1_UIDGet
 290              		.thumb
 291              		.thumb_func
 293              	KIN1_UIDGet:
 294              	.LFB3:
 179:../Generated_Code/KIN1.c **** }
 180:../Generated_Code/KIN1.c **** 
 181:../Generated_Code/KIN1.c **** /*
 182:../Generated_Code/KIN1.c **** ** ===================================================================
 183:../Generated_Code/KIN1.c **** **     Method      :  KIN1_UIDGet (component KinetisTools)
 184:../Generated_Code/KIN1.c **** **     Description :
 185:../Generated_Code/KIN1.c **** **         Return the 128bit UID of the device
 186:../Generated_Code/KIN1.c **** **     Parameters  :
 187:../Generated_Code/KIN1.c **** **         NAME            - DESCRIPTION
 188:../Generated_Code/KIN1.c **** **       * uid             - Pointer to 
 189:../Generated_Code/KIN1.c **** **     Returns     :
 190:../Generated_Code/KIN1.c **** **         ---             - Error code
 191:../Generated_Code/KIN1.c **** ** ===================================================================
 192:../Generated_Code/KIN1.c **** */
 193:../Generated_Code/KIN1.c **** /*!
 194:../Generated_Code/KIN1.c ****  * \brief Return the 80bit UID of the device
 195:../Generated_Code/KIN1.c ****  * \param uid Pointer to the buffer where to store the UID
 196:../Generated_Code/KIN1.c ****  * \return Error code, ERR_OK if everything is ok.
 197:../Generated_Code/KIN1.c ****  */
 198:../Generated_Code/KIN1.c **** uint8_t KIN1_UIDGet(KIN1_UID *uid)
 199:../Generated_Code/KIN1.c **** {
 295              		.loc 1 199 0
 296              		.cfi_startproc
 297              		@ args = 0, pretend = 0, frame = 8
 298              		@ frame_needed = 1, uses_anonymous_args = 0
 299              		@ link register save eliminated.
 300 0000 80B4     		push	{r7}
 301              		.cfi_def_cfa_offset 4
 302              		.cfi_offset 7, -4
 303 0002 83B0     		sub	sp, sp, #12
 304              		.cfi_def_cfa_offset 16
 305 0004 00AF     		add	r7, sp, #0
 306              		.cfi_def_cfa_register 7
 307 0006 7860     		str	r0, [r7, #4]
 200:../Generated_Code/KIN1.c **** #if MCUC1_CONFIG_CPU_IS_KINETIS
 201:../Generated_Code/KIN1.c **** #if MCUC1_CONFIG_NXP_SDK_2_0_USED
 202:../Generated_Code/KIN1.c ****   sim_uid_t tmp;
 203:../Generated_Code/KIN1.c ****   int i, j;
 204:../Generated_Code/KIN1.c **** 
 205:../Generated_Code/KIN1.c ****   SIM_GetUniqueId(&tmp);
 206:../Generated_Code/KIN1.c ****   /* init */
 207:../Generated_Code/KIN1.c ****   for(i=0;i<sizeof(KIN1_UID);i++) {
 208:../Generated_Code/KIN1.c ****     uid->id[i] = 0;
 209:../Generated_Code/KIN1.c ****   }
 210:../Generated_Code/KIN1.c ****   if (sizeof(sim_uid_t)>sizeof(KIN1_UID)) {
 211:../Generated_Code/KIN1.c ****     return ERR_OVERFLOW;
 212:../Generated_Code/KIN1.c ****   }
 213:../Generated_Code/KIN1.c ****   /* copy into our own structure, data is right justified */
 214:../Generated_Code/KIN1.c ****   for(i=0,j=sizeof(KIN1_UID)-sizeof(sim_uid_t);i<sizeof(sim_uid_t)&&i<sizeof(KIN1_UID);i++,j++) {
 215:../Generated_Code/KIN1.c ****     uid->id[j] = ((uint8_t*)&tmp)[i];
 216:../Generated_Code/KIN1.c ****   }
 217:../Generated_Code/KIN1.c **** #else
 218:../Generated_Code/KIN1.c **** #ifdef SIM_UIDMH /* 80 or 128 bit UUID: SIM_UIDMH, SIM_UIDML and SIM_UIDL */
 219:../Generated_Code/KIN1.c **** #ifdef SIM_UIDH
 220:../Generated_Code/KIN1.c ****   uid->id[0] = (SIM_UIDH>>24)&0xff;
 308              		.loc 1 220 0
 309 0008 474B     		ldr	r3, .L17
 310 000a 03F58253 		add	r3, r3, #4160
 311 000e 1433     		adds	r3, r3, #20
 312 0010 1B68     		ldr	r3, [r3]
 313 0012 1B0E     		lsrs	r3, r3, #24
 314 0014 DAB2     		uxtb	r2, r3
 315 0016 7B68     		ldr	r3, [r7, #4]
 316 0018 1A70     		strb	r2, [r3]
 221:../Generated_Code/KIN1.c ****   uid->id[1] = (SIM_UIDH>>16)&0xff;
 317              		.loc 1 221 0
 318 001a 434B     		ldr	r3, .L17
 319 001c 03F58253 		add	r3, r3, #4160
 320 0020 1433     		adds	r3, r3, #20
 321 0022 1B68     		ldr	r3, [r3]
 322 0024 1B0C     		lsrs	r3, r3, #16
 323 0026 DAB2     		uxtb	r2, r3
 324 0028 7B68     		ldr	r3, [r7, #4]
 325 002a 5A70     		strb	r2, [r3, #1]
 222:../Generated_Code/KIN1.c ****   uid->id[2] = (SIM_UIDH>>8)&0xff;
 326              		.loc 1 222 0
 327 002c 3E4B     		ldr	r3, .L17
 328 002e 03F58253 		add	r3, r3, #4160
 329 0032 1433     		adds	r3, r3, #20
 330 0034 1B68     		ldr	r3, [r3]
 331 0036 1B0A     		lsrs	r3, r3, #8
 332 0038 DAB2     		uxtb	r2, r3
 333 003a 7B68     		ldr	r3, [r7, #4]
 334 003c 9A70     		strb	r2, [r3, #2]
 223:../Generated_Code/KIN1.c ****   uid->id[3] = SIM_UIDH&0xff;
 335              		.loc 1 223 0
 336 003e 3A4B     		ldr	r3, .L17
 337 0040 03F58253 		add	r3, r3, #4160
 338 0044 1433     		adds	r3, r3, #20
 339 0046 1B68     		ldr	r3, [r3]
 340 0048 DAB2     		uxtb	r2, r3
 341 004a 7B68     		ldr	r3, [r7, #4]
 342 004c DA70     		strb	r2, [r3, #3]
 224:../Generated_Code/KIN1.c **** #else
 225:../Generated_Code/KIN1.c ****   uid->id[0] = 0;
 226:../Generated_Code/KIN1.c ****   uid->id[1] = 0;
 227:../Generated_Code/KIN1.c ****   uid->id[2] = 0;
 228:../Generated_Code/KIN1.c ****   uid->id[3] = 0;
 229:../Generated_Code/KIN1.c **** #endif
 230:../Generated_Code/KIN1.c ****   uid->id[4] = (SIM_UIDMH>>24)&0xff;
 343              		.loc 1 230 0
 344 004e 364B     		ldr	r3, .L17
 345 0050 03F58253 		add	r3, r3, #4160
 346 0054 1833     		adds	r3, r3, #24
 347 0056 1B68     		ldr	r3, [r3]
 348 0058 1B0E     		lsrs	r3, r3, #24
 349 005a DAB2     		uxtb	r2, r3
 350 005c 7B68     		ldr	r3, [r7, #4]
 351 005e 1A71     		strb	r2, [r3, #4]
 231:../Generated_Code/KIN1.c ****   uid->id[5] = (SIM_UIDMH>>16)&0xff;
 352              		.loc 1 231 0
 353 0060 314B     		ldr	r3, .L17
 354 0062 03F58253 		add	r3, r3, #4160
 355 0066 1833     		adds	r3, r3, #24
 356 0068 1B68     		ldr	r3, [r3]
 357 006a 1B0C     		lsrs	r3, r3, #16
 358 006c DAB2     		uxtb	r2, r3
 359 006e 7B68     		ldr	r3, [r7, #4]
 360 0070 5A71     		strb	r2, [r3, #5]
 232:../Generated_Code/KIN1.c ****   uid->id[6] = (SIM_UIDMH>>8)&0xff;
 361              		.loc 1 232 0
 362 0072 2D4B     		ldr	r3, .L17
 363 0074 03F58253 		add	r3, r3, #4160
 364 0078 1833     		adds	r3, r3, #24
 365 007a 1B68     		ldr	r3, [r3]
 366 007c 1B0A     		lsrs	r3, r3, #8
 367 007e DAB2     		uxtb	r2, r3
 368 0080 7B68     		ldr	r3, [r7, #4]
 369 0082 9A71     		strb	r2, [r3, #6]
 233:../Generated_Code/KIN1.c ****   uid->id[7] = SIM_UIDMH&0xff;
 370              		.loc 1 233 0
 371 0084 284B     		ldr	r3, .L17
 372 0086 03F58253 		add	r3, r3, #4160
 373 008a 1833     		adds	r3, r3, #24
 374 008c 1B68     		ldr	r3, [r3]
 375 008e DAB2     		uxtb	r2, r3
 376 0090 7B68     		ldr	r3, [r7, #4]
 377 0092 DA71     		strb	r2, [r3, #7]
 234:../Generated_Code/KIN1.c **** 
 235:../Generated_Code/KIN1.c ****   uid->id[8] = (SIM_UIDML>>24)&0xff;
 378              		.loc 1 235 0
 379 0094 244B     		ldr	r3, .L17
 380 0096 03F58253 		add	r3, r3, #4160
 381 009a 1C33     		adds	r3, r3, #28
 382 009c 1B68     		ldr	r3, [r3]
 383 009e 1B0E     		lsrs	r3, r3, #24
 384 00a0 DAB2     		uxtb	r2, r3
 385 00a2 7B68     		ldr	r3, [r7, #4]
 386 00a4 1A72     		strb	r2, [r3, #8]
 236:../Generated_Code/KIN1.c ****   uid->id[9] = (SIM_UIDML>>16)&0xff;
 387              		.loc 1 236 0
 388 00a6 204B     		ldr	r3, .L17
 389 00a8 03F58253 		add	r3, r3, #4160
 390 00ac 1C33     		adds	r3, r3, #28
 391 00ae 1B68     		ldr	r3, [r3]
 392 00b0 1B0C     		lsrs	r3, r3, #16
 393 00b2 DAB2     		uxtb	r2, r3
 394 00b4 7B68     		ldr	r3, [r7, #4]
 395 00b6 5A72     		strb	r2, [r3, #9]
 237:../Generated_Code/KIN1.c ****   uid->id[10] = (SIM_UIDML>>8)&0xff;
 396              		.loc 1 237 0
 397 00b8 1B4B     		ldr	r3, .L17
 398 00ba 03F58253 		add	r3, r3, #4160
 399 00be 1C33     		adds	r3, r3, #28
 400 00c0 1B68     		ldr	r3, [r3]
 401 00c2 1B0A     		lsrs	r3, r3, #8
 402 00c4 DAB2     		uxtb	r2, r3
 403 00c6 7B68     		ldr	r3, [r7, #4]
 404 00c8 9A72     		strb	r2, [r3, #10]
 238:../Generated_Code/KIN1.c ****   uid->id[11] = SIM_UIDML&0xff;
 405              		.loc 1 238 0
 406 00ca 174B     		ldr	r3, .L17
 407 00cc 03F58253 		add	r3, r3, #4160
 408 00d0 1C33     		adds	r3, r3, #28
 409 00d2 1B68     		ldr	r3, [r3]
 410 00d4 DAB2     		uxtb	r2, r3
 411 00d6 7B68     		ldr	r3, [r7, #4]
 412 00d8 DA72     		strb	r2, [r3, #11]
 239:../Generated_Code/KIN1.c **** 
 240:../Generated_Code/KIN1.c ****   uid->id[12] = (SIM_UIDL>>24)&0xff;
 413              		.loc 1 240 0
 414 00da 134B     		ldr	r3, .L17
 415 00dc 03F58353 		add	r3, r3, #4192
 416 00e0 1B68     		ldr	r3, [r3]
 417 00e2 1B0E     		lsrs	r3, r3, #24
 418 00e4 DAB2     		uxtb	r2, r3
 419 00e6 7B68     		ldr	r3, [r7, #4]
 420 00e8 1A73     		strb	r2, [r3, #12]
 241:../Generated_Code/KIN1.c ****   uid->id[13] = (SIM_UIDL>>16)&0xff;
 421              		.loc 1 241 0
 422 00ea 0F4B     		ldr	r3, .L17
 423 00ec 03F58353 		add	r3, r3, #4192
 424 00f0 1B68     		ldr	r3, [r3]
 425 00f2 1B0C     		lsrs	r3, r3, #16
 426 00f4 DAB2     		uxtb	r2, r3
 427 00f6 7B68     		ldr	r3, [r7, #4]
 428 00f8 5A73     		strb	r2, [r3, #13]
 242:../Generated_Code/KIN1.c ****   uid->id[14] = (SIM_UIDL>>8)&0xff;
 429              		.loc 1 242 0
 430 00fa 0B4B     		ldr	r3, .L17
 431 00fc 03F58353 		add	r3, r3, #4192
 432 0100 1B68     		ldr	r3, [r3]
 433 0102 1B0A     		lsrs	r3, r3, #8
 434 0104 DAB2     		uxtb	r2, r3
 435 0106 7B68     		ldr	r3, [r7, #4]
 436 0108 9A73     		strb	r2, [r3, #14]
 243:../Generated_Code/KIN1.c ****   uid->id[15] = SIM_UIDL&0xff;
 437              		.loc 1 243 0
 438 010a 074B     		ldr	r3, .L17
 439 010c 03F58353 		add	r3, r3, #4192
 440 0110 1B68     		ldr	r3, [r3]
 441 0112 DAB2     		uxtb	r2, r3
 442 0114 7B68     		ldr	r3, [r7, #4]
 443 0116 DA73     		strb	r2, [r3, #15]
 244:../Generated_Code/KIN1.c **** #elif defined(SIM_UUIDMH) /* KE06Z: SIM_UUIDMH, SIM_UUIDML and SIM_UUIDL */
 245:../Generated_Code/KIN1.c ****   uid->id[0] = 0;
 246:../Generated_Code/KIN1.c ****   uid->id[1] = 0;
 247:../Generated_Code/KIN1.c ****   uid->id[2] = 0;
 248:../Generated_Code/KIN1.c ****   uid->id[3] = 0;
 249:../Generated_Code/KIN1.c ****   uid->id[4] = 0;
 250:../Generated_Code/KIN1.c ****   uid->id[5] = 0;
 251:../Generated_Code/KIN1.c ****   uid->id[6] = (SIM_UUIDMH>>8)&0xff;
 252:../Generated_Code/KIN1.c ****   uid->id[7] = SIM_UUIDMH&0xff;
 253:../Generated_Code/KIN1.c **** 
 254:../Generated_Code/KIN1.c ****   uid->id[8] = (SIM_UUIDML>>24)&0xff;
 255:../Generated_Code/KIN1.c ****   uid->id[9] = (SIM_UUIDML>>16)&0xff;
 256:../Generated_Code/KIN1.c ****   uid->id[10] = (SIM_UUIDML>>8)&0xff;
 257:../Generated_Code/KIN1.c ****   uid->id[11] = SIM_UUIDML&0xff;
 258:../Generated_Code/KIN1.c **** 
 259:../Generated_Code/KIN1.c ****   uid->id[12] = (SIM_UUIDL>>24)&0xff;
 260:../Generated_Code/KIN1.c ****   uid->id[13] = (SIM_UUIDL>>16)&0xff;
 261:../Generated_Code/KIN1.c ****   uid->id[14] = (SIM_UUIDL>>8)&0xff;
 262:../Generated_Code/KIN1.c ****   uid->id[15] = SIM_UUIDL&0xff;
 263:../Generated_Code/KIN1.c **** #else /* some devices like the KE02Z only have 64bit UUID: only SIM_UUIDH and SIM_UUIDL */
 264:../Generated_Code/KIN1.c ****   uid->id[0] = 0;
 265:../Generated_Code/KIN1.c ****   uid->id[1] = 0;
 266:../Generated_Code/KIN1.c ****   uid->id[2] = 0;
 267:../Generated_Code/KIN1.c ****   uid->id[3] = 0;
 268:../Generated_Code/KIN1.c ****   uid->id[4] = 0;
 269:../Generated_Code/KIN1.c ****   uid->id[5] = 0;
 270:../Generated_Code/KIN1.c ****   uid->id[6] = 0;
 271:../Generated_Code/KIN1.c ****   uid->id[7] = 0;
 272:../Generated_Code/KIN1.c ****   uid->id[8] = (SIM_UUIDH>>24)&0xff;
 273:../Generated_Code/KIN1.c ****   uid->id[9] = (SIM_UUIDH>>16)&0xff;
 274:../Generated_Code/KIN1.c ****   uid->id[10] = (SIM_UUIDH>>8)&0xff;
 275:../Generated_Code/KIN1.c ****   uid->id[11] = SIM_UUIDH&0xff;
 276:../Generated_Code/KIN1.c **** 
 277:../Generated_Code/KIN1.c ****   uid->id[12] = (SIM_UUIDL>>24)&0xff;
 278:../Generated_Code/KIN1.c ****   uid->id[13] = (SIM_UUIDL>>16)&0xff;
 279:../Generated_Code/KIN1.c ****   uid->id[14] = (SIM_UUIDL>>8)&0xff;
 280:../Generated_Code/KIN1.c ****   uid->id[15] = SIM_UUIDL&0xff;
 281:../Generated_Code/KIN1.c **** #endif
 282:../Generated_Code/KIN1.c **** #endif /* SDK V2.0 */
 283:../Generated_Code/KIN1.c ****   return ERR_OK;
 444              		.loc 1 283 0
 445 0118 0023     		movs	r3, #0
 284:../Generated_Code/KIN1.c **** #else
 285:../Generated_Code/KIN1.c ****   (void)uid; /* not used */
 286:../Generated_Code/KIN1.c ****   return ERR_FAILED;
 287:../Generated_Code/KIN1.c **** #endif
 288:../Generated_Code/KIN1.c **** }
 446              		.loc 1 288 0
 447 011a 1846     		mov	r0, r3
 448 011c 0C37     		adds	r7, r7, #12
 449 011e BD46     		mov	sp, r7
 450              		@ sp needed
 451 0120 5DF8047B 		ldr	r7, [sp], #4
 452 0124 7047     		bx	lr
 453              	.L18:
 454 0126 00BF     		.align	2
 455              	.L17:
 456 0128 00700440 		.word	1074032640
 457              		.cfi_endproc
 458              	.LFE3:
 460              		.section	.text.KIN1_UIDSame,"ax",%progbits
 461              		.align	2
 462              		.global	KIN1_UIDSame
 463              		.thumb
 464              		.thumb_func
 466              	KIN1_UIDSame:
 467              	.LFB4:
 289:../Generated_Code/KIN1.c **** 
 290:../Generated_Code/KIN1.c **** /*
 291:../Generated_Code/KIN1.c **** ** ===================================================================
 292:../Generated_Code/KIN1.c **** **     Method      :  KIN1_UIDSame (component KinetisTools)
 293:../Generated_Code/KIN1.c **** **     Description :
 294:../Generated_Code/KIN1.c **** **         Compares two UID
 295:../Generated_Code/KIN1.c **** **     Parameters  :
 296:../Generated_Code/KIN1.c **** **         NAME            - DESCRIPTION
 297:../Generated_Code/KIN1.c **** **       * src             - Pointer to 
 298:../Generated_Code/KIN1.c **** **         Variable_1      - 
 299:../Generated_Code/KIN1.c **** **     Returns     :
 300:../Generated_Code/KIN1.c **** **         ---             - TRUE if the same, FALSE otherwise
 301:../Generated_Code/KIN1.c **** ** ===================================================================
 302:../Generated_Code/KIN1.c **** */
 303:../Generated_Code/KIN1.c **** /*!
 304:../Generated_Code/KIN1.c ****  * \brief Compares two UID
 305:../Generated_Code/KIN1.c ****  * \param src One UID
 306:../Generated_Code/KIN1.c ****  * \param dst The other UID
 307:../Generated_Code/KIN1.c ****  * \return TRUE if the two UID's are the same
 308:../Generated_Code/KIN1.c ****  */
 309:../Generated_Code/KIN1.c **** bool KIN1_UIDSame(const KIN1_UID *src, const KIN1_UID *dst)
 310:../Generated_Code/KIN1.c **** {
 468              		.loc 1 310 0
 469              		.cfi_startproc
 470              		@ args = 0, pretend = 0, frame = 16
 471              		@ frame_needed = 1, uses_anonymous_args = 0
 472              		@ link register save eliminated.
 473 0000 80B4     		push	{r7}
 474              		.cfi_def_cfa_offset 4
 475              		.cfi_offset 7, -4
 476 0002 85B0     		sub	sp, sp, #20
 477              		.cfi_def_cfa_offset 24
 478 0004 00AF     		add	r7, sp, #0
 479              		.cfi_def_cfa_register 7
 480 0006 7860     		str	r0, [r7, #4]
 481 0008 3960     		str	r1, [r7]
 311:../Generated_Code/KIN1.c ****   unsigned int i;
 312:../Generated_Code/KIN1.c **** 
 313:../Generated_Code/KIN1.c ****   for(i=0; i<sizeof(KIN1_UID); i++) {
 482              		.loc 1 313 0
 483 000a 0023     		movs	r3, #0
 484 000c FB60     		str	r3, [r7, #12]
 485 000e 0EE0     		b	.L20
 486              	.L23:
 314:../Generated_Code/KIN1.c ****     if (src->id[i]!=dst->id[i]) {
 487              		.loc 1 314 0
 488 0010 7A68     		ldr	r2, [r7, #4]
 489 0012 FB68     		ldr	r3, [r7, #12]
 490 0014 1344     		add	r3, r3, r2
 491 0016 1A78     		ldrb	r2, [r3]	@ zero_extendqisi2
 492 0018 3968     		ldr	r1, [r7]
 493 001a FB68     		ldr	r3, [r7, #12]
 494 001c 0B44     		add	r3, r3, r1
 495 001e 1B78     		ldrb	r3, [r3]	@ zero_extendqisi2
 496 0020 9A42     		cmp	r2, r3
 497 0022 01D0     		beq	.L21
 315:../Generated_Code/KIN1.c ****       return FALSE; /* no match */
 498              		.loc 1 315 0
 499 0024 0023     		movs	r3, #0
 500 0026 06E0     		b	.L22
 501              	.L21:
 313:../Generated_Code/KIN1.c ****   for(i=0; i<sizeof(KIN1_UID); i++) {
 502              		.loc 1 313 0
 503 0028 FB68     		ldr	r3, [r7, #12]
 504 002a 0133     		adds	r3, r3, #1
 505 002c FB60     		str	r3, [r7, #12]
 506              	.L20:
 313:../Generated_Code/KIN1.c ****   for(i=0; i<sizeof(KIN1_UID); i++) {
 507              		.loc 1 313 0 is_stmt 0 discriminator 1
 508 002e FB68     		ldr	r3, [r7, #12]
 509 0030 0F2B     		cmp	r3, #15
 510 0032 EDD9     		bls	.L23
 316:../Generated_Code/KIN1.c ****     }
 317:../Generated_Code/KIN1.c ****   }
 318:../Generated_Code/KIN1.c ****   return TRUE;
 511              		.loc 1 318 0 is_stmt 1
 512 0034 0123     		movs	r3, #1
 513              	.L22:
 319:../Generated_Code/KIN1.c **** }
 514              		.loc 1 319 0
 515 0036 1846     		mov	r0, r3
 516 0038 1437     		adds	r7, r7, #20
 517 003a BD46     		mov	sp, r7
 518              		@ sp needed
 519 003c 5DF8047B 		ldr	r7, [sp], #4
 520 0040 7047     		bx	lr
 521              		.cfi_endproc
 522              	.LFE4:
 524 0042 00BF     		.section	.rodata
 525 011b 00       		.align	2
 526              	.LC17:
 527 011c 7B00     		.ascii	"{\000"
 528 011e 0000     		.align	2
 529              	.LC18:
 530 0120 307800   		.ascii	"0x\000"
 531 0123 00       		.align	2
 532              	.LC19:
 533 0124 2C00     		.ascii	",\000"
 534 0126 0000     		.align	2
 535              	.LC20:
 536 0128 7D00     		.ascii	"}\000"
 537              		.section	.text.KIN1_UIDtoString,"ax",%progbits
 538              		.align	2
 539              		.global	KIN1_UIDtoString
 540              		.thumb
 541              		.thumb_func
 543              	KIN1_UIDtoString:
 544              	.LFB5:
 320:../Generated_Code/KIN1.c **** 
 321:../Generated_Code/KIN1.c **** /*
 322:../Generated_Code/KIN1.c **** ** ===================================================================
 323:../Generated_Code/KIN1.c **** **     Method      :  KIN1_UIDtoString (component KinetisTools)
 324:../Generated_Code/KIN1.c **** **     Description :
 325:../Generated_Code/KIN1.c **** **         Returns the value of the UID as string
 326:../Generated_Code/KIN1.c **** **     Parameters  :
 327:../Generated_Code/KIN1.c **** **         NAME            - DESCRIPTION
 328:../Generated_Code/KIN1.c **** **         uid             - 
 329:../Generated_Code/KIN1.c **** **       * buf             - Pointer to 
 330:../Generated_Code/KIN1.c **** **         bufSize         - 
 331:../Generated_Code/KIN1.c **** **     Returns     :
 332:../Generated_Code/KIN1.c **** **         ---             - Error code
 333:../Generated_Code/KIN1.c **** ** ===================================================================
 334:../Generated_Code/KIN1.c **** */
 335:../Generated_Code/KIN1.c **** /*!
 336:../Generated_Code/KIN1.c ****  * \brief Transforms the 80bit UID into a string
 337:../Generated_Code/KIN1.c ****  * \param id Pointer to the buffer where to store the string
 338:../Generated_Code/KIN1.c ****  * \param bufSize Size of buffer in bytes
 339:../Generated_Code/KIN1.c ****  * \return Error code, ERR_OK if everything is ok.
 340:../Generated_Code/KIN1.c ****  */
 341:../Generated_Code/KIN1.c **** uint8_t KIN1_UIDtoString(const KIN1_UID *uid, uint8_t *buf, size_t bufSize)
 342:../Generated_Code/KIN1.c **** {
 545              		.loc 1 342 0
 546              		.cfi_startproc
 547              		@ args = 0, pretend = 0, frame = 24
 548              		@ frame_needed = 1, uses_anonymous_args = 0
 549 0000 80B5     		push	{r7, lr}
 550              		.cfi_def_cfa_offset 8
 551              		.cfi_offset 7, -8
 552              		.cfi_offset 14, -4
 553 0002 86B0     		sub	sp, sp, #24
 554              		.cfi_def_cfa_offset 32
 555 0004 00AF     		add	r7, sp, #0
 556              		.cfi_def_cfa_register 7
 557 0006 F860     		str	r0, [r7, #12]
 558 0008 B960     		str	r1, [r7, #8]
 559 000a 7A60     		str	r2, [r7, #4]
 343:../Generated_Code/KIN1.c ****   unsigned int i;
 344:../Generated_Code/KIN1.c **** 
 345:../Generated_Code/KIN1.c ****   UTIL1_strcpy(buf, bufSize, (unsigned char*)"{");
 560              		.loc 1 345 0
 561 000c B868     		ldr	r0, [r7, #8]
 562 000e 7968     		ldr	r1, [r7, #4]
 563 0010 154A     		ldr	r2, .L29
 564 0012 FFF7FEFF 		bl	UTIL1_strcpy
 346:../Generated_Code/KIN1.c ****   for(i=0;i<sizeof(KIN1_UID);i++) {
 565              		.loc 1 346 0
 566 0016 0023     		movs	r3, #0
 567 0018 7B61     		str	r3, [r7, #20]
 568 001a 18E0     		b	.L25
 569              	.L27:
 347:../Generated_Code/KIN1.c ****     UTIL1_strcat(buf, bufSize, (unsigned char*)"0x");
 570              		.loc 1 347 0
 571 001c B868     		ldr	r0, [r7, #8]
 572 001e 7968     		ldr	r1, [r7, #4]
 573 0020 124A     		ldr	r2, .L29+4
 574 0022 FFF7FEFF 		bl	UTIL1_strcat
 348:../Generated_Code/KIN1.c ****     UTIL1_strcatNum8Hex(buf, bufSize, uid->id[i]);
 575              		.loc 1 348 0
 576 0026 FA68     		ldr	r2, [r7, #12]
 577 0028 7B69     		ldr	r3, [r7, #20]
 578 002a 1344     		add	r3, r3, r2
 579 002c 1B78     		ldrb	r3, [r3]	@ zero_extendqisi2
 580 002e B868     		ldr	r0, [r7, #8]
 581 0030 7968     		ldr	r1, [r7, #4]
 582 0032 1A46     		mov	r2, r3
 583 0034 FFF7FEFF 		bl	UTIL1_strcatNum8Hex
 349:../Generated_Code/KIN1.c ****     if (i<sizeof(KIN1_UID)-1) {
 584              		.loc 1 349 0
 585 0038 7B69     		ldr	r3, [r7, #20]
 586 003a 0E2B     		cmp	r3, #14
 587 003c 04D8     		bhi	.L26
 350:../Generated_Code/KIN1.c ****       UTIL1_strcat(buf, bufSize, (unsigned char*)",");
 588              		.loc 1 350 0
 589 003e B868     		ldr	r0, [r7, #8]
 590 0040 7968     		ldr	r1, [r7, #4]
 591 0042 0B4A     		ldr	r2, .L29+8
 592 0044 FFF7FEFF 		bl	UTIL1_strcat
 593              	.L26:
 346:../Generated_Code/KIN1.c ****   for(i=0;i<sizeof(KIN1_UID);i++) {
 594              		.loc 1 346 0
 595 0048 7B69     		ldr	r3, [r7, #20]
 596 004a 0133     		adds	r3, r3, #1
 597 004c 7B61     		str	r3, [r7, #20]
 598              	.L25:
 346:../Generated_Code/KIN1.c ****   for(i=0;i<sizeof(KIN1_UID);i++) {
 599              		.loc 1 346 0 is_stmt 0 discriminator 1
 600 004e 7B69     		ldr	r3, [r7, #20]
 601 0050 0F2B     		cmp	r3, #15
 602 0052 E3D9     		bls	.L27
 351:../Generated_Code/KIN1.c ****     }
 352:../Generated_Code/KIN1.c ****   }
 353:../Generated_Code/KIN1.c ****   UTIL1_strcat(buf, bufSize, (unsigned char*)"}");
 603              		.loc 1 353 0 is_stmt 1
 604 0054 B868     		ldr	r0, [r7, #8]
 605 0056 7968     		ldr	r1, [r7, #4]
 606 0058 064A     		ldr	r2, .L29+12
 607 005a FFF7FEFF 		bl	UTIL1_strcat
 354:../Generated_Code/KIN1.c ****   return ERR_OK;
 608              		.loc 1 354 0
 609 005e 0023     		movs	r3, #0
 355:../Generated_Code/KIN1.c **** }
 610              		.loc 1 355 0
 611 0060 1846     		mov	r0, r3
 612 0062 1837     		adds	r7, r7, #24
 613 0064 BD46     		mov	sp, r7
 614              		@ sp needed
 615 0066 80BD     		pop	{r7, pc}
 616              	.L30:
 617              		.align	2
 618              	.L29:
 619 0068 1C010000 		.word	.LC17
 620 006c 20010000 		.word	.LC18
 621 0070 24010000 		.word	.LC19
 622 0074 28010000 		.word	.LC20
 623              		.cfi_endproc
 624              	.LFE5:
 626              		.section	.rodata
 627 012a 0000     		.align	2
 628              	.LC21:
 629 012c 68656C70 		.ascii	"help\000"
 629      00
 630 0131 000000   		.align	2
 631              	.LC22:
 632 0134 4B494E31 		.ascii	"KIN1 help\000"
 632      2068656C 
 632      7000
 633 013e 0000     		.align	2
 634              	.LC23:
 635 0140 73746174 		.ascii	"status\000"
 635      757300
 636 0147 00       		.align	2
 637              	.LC24:
 638 0148 4B494E31 		.ascii	"KIN1 status\000"
 638      20737461 
 638      74757300 
 639              		.align	2
 640              	.LC25:
 641 0154 4B494E31 		.ascii	"KIN1 reset\000"
 641      20726573 
 641      657400
 642              		.section	.text.KIN1_ParseCommand,"ax",%progbits
 643              		.align	2
 644              		.global	KIN1_ParseCommand
 645              		.thumb
 646              		.thumb_func
 648              	KIN1_ParseCommand:
 649              	.LFB6:
 356:../Generated_Code/KIN1.c **** 
 357:../Generated_Code/KIN1.c **** /*
 358:../Generated_Code/KIN1.c **** ** ===================================================================
 359:../Generated_Code/KIN1.c **** **     Method      :  KIN1_ParseCommand (component KinetisTools)
 360:../Generated_Code/KIN1.c **** **     Description :
 361:../Generated_Code/KIN1.c **** **         Shell Command Line parser. Method is only available if Shell
 362:../Generated_Code/KIN1.c **** **         is enabled in the component properties.
 363:../Generated_Code/KIN1.c **** **     Parameters  :
 364:../Generated_Code/KIN1.c **** **         NAME            - DESCRIPTION
 365:../Generated_Code/KIN1.c **** **         cmd             - Pointer to command string
 366:../Generated_Code/KIN1.c **** **       * handled         - Pointer to variable which tells if
 367:../Generated_Code/KIN1.c **** **                           the command has been handled or not
 368:../Generated_Code/KIN1.c **** **       * io              - Pointer to I/O structure
 369:../Generated_Code/KIN1.c **** **     Returns     :
 370:../Generated_Code/KIN1.c **** **         ---             - Error code
 371:../Generated_Code/KIN1.c **** ** ===================================================================
 372:../Generated_Code/KIN1.c **** */
 373:../Generated_Code/KIN1.c **** #if KIN1_CONFIG_PARSE_COMMAND_ENABLED
 374:../Generated_Code/KIN1.c **** uint8_t KIN1_ParseCommand(const unsigned char* cmd, bool *handled, const CLS1_StdIOType *io)
 375:../Generated_Code/KIN1.c **** {
 650              		.loc 1 375 0
 651              		.cfi_startproc
 652              		@ args = 0, pretend = 0, frame = 24
 653              		@ frame_needed = 1, uses_anonymous_args = 0
 654 0000 80B5     		push	{r7, lr}
 655              		.cfi_def_cfa_offset 8
 656              		.cfi_offset 7, -8
 657              		.cfi_offset 14, -4
 658 0002 86B0     		sub	sp, sp, #24
 659              		.cfi_def_cfa_offset 32
 660 0004 00AF     		add	r7, sp, #0
 661              		.cfi_def_cfa_register 7
 662 0006 F860     		str	r0, [r7, #12]
 663 0008 B960     		str	r1, [r7, #8]
 664 000a 7A60     		str	r2, [r7, #4]
 376:../Generated_Code/KIN1.c ****   uint8_t res = ERR_OK;
 665              		.loc 1 376 0
 666 000c 0023     		movs	r3, #0
 667 000e FB75     		strb	r3, [r7, #23]
 377:../Generated_Code/KIN1.c **** 
 378:../Generated_Code/KIN1.c ****   if (UTIL1_strcmp((char*)cmd, CLS1_CMD_HELP) == 0
 668              		.loc 1 378 0
 669 0010 F868     		ldr	r0, [r7, #12]
 670 0012 1E49     		ldr	r1, .L38
 671 0014 FFF7FEFF 		bl	strcmp
 672 0018 0346     		mov	r3, r0
 673 001a 002B     		cmp	r3, #0
 674 001c 06D0     		beq	.L32
 379:../Generated_Code/KIN1.c ****     || UTIL1_strcmp((char*)cmd, "KIN1 help") == 0) {
 675              		.loc 1 379 0
 676 001e F868     		ldr	r0, [r7, #12]
 677 0020 1B49     		ldr	r1, .L38+4
 678 0022 FFF7FEFF 		bl	strcmp
 679 0026 0346     		mov	r3, r0
 680 0028 002B     		cmp	r3, #0
 681 002a 07D1     		bne	.L33
 682              	.L32:
 380:../Generated_Code/KIN1.c ****     *handled = TRUE;
 683              		.loc 1 380 0
 684 002c BB68     		ldr	r3, [r7, #8]
 685 002e 0122     		movs	r2, #1
 686 0030 1A70     		strb	r2, [r3]
 381:../Generated_Code/KIN1.c ****     return PrintHelp(io);
 687              		.loc 1 381 0
 688 0032 7868     		ldr	r0, [r7, #4]
 689 0034 FFF7FEFF 		bl	PrintHelp
 690 0038 0346     		mov	r3, r0
 691 003a 23E0     		b	.L34
 692              	.L33:
 382:../Generated_Code/KIN1.c ****   } else if (   (UTIL1_strcmp((char*)cmd, CLS1_CMD_STATUS)==0)
 693              		.loc 1 382 0
 694 003c F868     		ldr	r0, [r7, #12]
 695 003e 1549     		ldr	r1, .L38+8
 696 0040 FFF7FEFF 		bl	strcmp
 697 0044 0346     		mov	r3, r0
 698 0046 002B     		cmp	r3, #0
 699 0048 06D0     		beq	.L35
 383:../Generated_Code/KIN1.c ****              || (UTIL1_strcmp((char*)cmd, "KIN1 status") == 0)
 700              		.loc 1 383 0
 701 004a F868     		ldr	r0, [r7, #12]
 702 004c 1249     		ldr	r1, .L38+12
 703 004e FFF7FEFF 		bl	strcmp
 704 0052 0346     		mov	r3, r0
 705 0054 002B     		cmp	r3, #0
 706 0056 08D1     		bne	.L36
 707              	.L35:
 384:../Generated_Code/KIN1.c ****             )
 385:../Generated_Code/KIN1.c ****   {
 386:../Generated_Code/KIN1.c ****     *handled = TRUE;
 708              		.loc 1 386 0
 709 0058 BB68     		ldr	r3, [r7, #8]
 710 005a 0122     		movs	r2, #1
 711 005c 1A70     		strb	r2, [r3]
 387:../Generated_Code/KIN1.c ****     res = PrintStatus(io);
 712              		.loc 1 387 0
 713 005e 7868     		ldr	r0, [r7, #4]
 714 0060 FFF7FEFF 		bl	PrintStatus
 715 0064 0346     		mov	r3, r0
 716 0066 FB75     		strb	r3, [r7, #23]
 717 0068 0BE0     		b	.L37
 718              	.L36:
 388:../Generated_Code/KIN1.c ****   } else if (UTIL1_strcmp((char*)cmd, "KIN1 reset") == 0) {
 719              		.loc 1 388 0
 720 006a F868     		ldr	r0, [r7, #12]
 721 006c 0B49     		ldr	r1, .L38+16
 722 006e FFF7FEFF 		bl	strcmp
 723 0072 0346     		mov	r3, r0
 724 0074 002B     		cmp	r3, #0
 725 0076 04D1     		bne	.L37
 389:../Generated_Code/KIN1.c ****     *handled = TRUE;
 726              		.loc 1 389 0
 727 0078 BB68     		ldr	r3, [r7, #8]
 728 007a 0122     		movs	r2, #1
 729 007c 1A70     		strb	r2, [r3]
 390:../Generated_Code/KIN1.c ****     KIN1_SoftwareReset(); /* will perform RESET and does NOT return here! */
 730              		.loc 1 390 0
 731 007e FFF7FEFF 		bl	KIN1_SoftwareReset
 732              	.L37:
 391:../Generated_Code/KIN1.c ****   }
 392:../Generated_Code/KIN1.c ****   return res;
 733              		.loc 1 392 0
 734 0082 FB7D     		ldrb	r3, [r7, #23]	@ zero_extendqisi2
 735              	.L34:
 393:../Generated_Code/KIN1.c **** }
 736              		.loc 1 393 0
 737 0084 1846     		mov	r0, r3
 738 0086 1837     		adds	r7, r7, #24
 739 0088 BD46     		mov	sp, r7
 740              		@ sp needed
 741 008a 80BD     		pop	{r7, pc}
 742              	.L39:
 743              		.align	2
 744              	.L38:
 745 008c 2C010000 		.word	.LC21
 746 0090 34010000 		.word	.LC22
 747 0094 40010000 		.word	.LC23
 748 0098 48010000 		.word	.LC24
 749 009c 54010000 		.word	.LC25
 750              		.cfi_endproc
 751              	.LFE6:
 753              		.section	.rodata
 754 015f 00       		.align	2
 755              	.LC26:
 756 0160 4D342046 		.ascii	"M4 Family ID out of bounds!\000"
 756      616D696C 
 756      79204944 
 756      206F7574 
 756      206F6620 
 757              		.section	.text.KIN1_GetKinetisFamilyString,"ax",%progbits
 758              		.align	2
 759              		.global	KIN1_GetKinetisFamilyString
 760              		.thumb
 761              		.thumb_func
 763              	KIN1_GetKinetisFamilyString:
 764              	.LFB7:
 394:../Generated_Code/KIN1.c **** #endif
 395:../Generated_Code/KIN1.c **** 
 396:../Generated_Code/KIN1.c **** /*
 397:../Generated_Code/KIN1.c **** ** ===================================================================
 398:../Generated_Code/KIN1.c **** **     Method      :  KIN1_GetKinetisFamilyString (component KinetisTools)
 399:../Generated_Code/KIN1.c **** **     Description :
 400:../Generated_Code/KIN1.c **** **         Determines the Kinetis Familiy based on SIM_SDID register
 401:../Generated_Code/KIN1.c **** **     Parameters  : None
 402:../Generated_Code/KIN1.c **** **     Returns     :
 403:../Generated_Code/KIN1.c **** **         ---             - String describing the Kinetis Family
 404:../Generated_Code/KIN1.c **** ** ===================================================================
 405:../Generated_Code/KIN1.c **** */
 406:../Generated_Code/KIN1.c **** KIN1_ConstCharPtr KIN1_GetKinetisFamilyString(void)
 407:../Generated_Code/KIN1.c **** {
 765              		.loc 1 407 0
 766              		.cfi_startproc
 767              		@ args = 0, pretend = 0, frame = 8
 768              		@ frame_needed = 1, uses_anonymous_args = 0
 769              		@ link register save eliminated.
 770 0000 80B4     		push	{r7}
 771              		.cfi_def_cfa_offset 4
 772              		.cfi_offset 7, -4
 773 0002 83B0     		sub	sp, sp, #12
 774              		.cfi_def_cfa_offset 16
 775 0004 00AF     		add	r7, sp, #0
 776              		.cfi_def_cfa_register 7
 408:../Generated_Code/KIN1.c **** #if MCUC1_CONFIG_CPU_IS_KINETIS
 409:../Generated_Code/KIN1.c **** #if MCUC1_CONFIG_CORTEX_M==0
 410:../Generated_Code/KIN1.c ****   #ifdef SIM_SDID /* normal Kinetis define this */
 411:../Generated_Code/KIN1.c ****     int32_t val;
 412:../Generated_Code/KIN1.c **** 
 413:../Generated_Code/KIN1.c ****     val = (SIM_SDID>>28)&0x3; /* bits 30..28 */
 414:../Generated_Code/KIN1.c ****     if (val>=0 && val<=(int32_t)(sizeof(KinetisM0FamilyStrings)/sizeof(KinetisM0FamilyStrings[0])))
 415:../Generated_Code/KIN1.c ****       return KinetisM0FamilyStrings[val];
 416:../Generated_Code/KIN1.c ****     } else {
 417:../Generated_Code/KIN1.c ****       return (KIN1_ConstCharPtr)"M0 Family ID out of bounds!";
 418:../Generated_Code/KIN1.c ****     }
 419:../Generated_Code/KIN1.c ****   #elif defined(SIM_SRSID_FAMID) /* MKE02Z4 defines this, hopefully all other KE too... */
 420:../Generated_Code/KIN1.c ****     return (KIN1_ConstCharPtr)"KE0x Family"; /* 0000 only KE0x supported */
 421:../Generated_Code/KIN1.c ****   #elif defined(SIM_SDID_FAMID)
 422:../Generated_Code/KIN1.c ****     int32_t val;
 423:../Generated_Code/KIN1.c **** 
 424:../Generated_Code/KIN1.c ****     val = ((SIM->SDID)>>28)&0xF; /* bits 31..28 */
 425:../Generated_Code/KIN1.c ****     if (val>=0 && val<=(int32_t)(sizeof(KinetisM0FamilyStrings)/sizeof(KinetisM0FamilyStrings[0])))
 426:../Generated_Code/KIN1.c ****       return KinetisM0FamilyStrings[val];
 427:../Generated_Code/KIN1.c ****     } else {
 428:../Generated_Code/KIN1.c ****       return (KIN1_ConstCharPtr)"M0 Family ID out of bounds!";
 429:../Generated_Code/KIN1.c ****     }
 430:../Generated_Code/KIN1.c ****   #else
 431:../Generated_Code/KIN1.c ****     #error "Unknown architecture!"
 432:../Generated_Code/KIN1.c ****     return (KIN1_ConstCharPtr)"ERROR";
 433:../Generated_Code/KIN1.c ****   #endif
 434:../Generated_Code/KIN1.c **** #elif MCUC1_CONFIG_CORTEX_M==4
 435:../Generated_Code/KIN1.c ****   #ifdef SIM_SDID /* normal Kinetis define this */
 436:../Generated_Code/KIN1.c ****     int32_t val;
 437:../Generated_Code/KIN1.c **** 
 438:../Generated_Code/KIN1.c ****     val = (SIM_SDID>>4)&0x3; /* bits 6..4 */
 777              		.loc 1 438 0
 778 0006 0D4B     		ldr	r3, .L43
 779 0008 03F58153 		add	r3, r3, #4128
 780 000c 0433     		adds	r3, r3, #4
 781 000e 1B68     		ldr	r3, [r3]
 782 0010 1B09     		lsrs	r3, r3, #4
 783 0012 03F00303 		and	r3, r3, #3
 784 0016 7B60     		str	r3, [r7, #4]
 439:../Generated_Code/KIN1.c ****     if (val>=0 && val<=(int32_t)(sizeof(KinetisM4FamilyStrings)/sizeof(KinetisM4FamilyStrings[0])))
 785              		.loc 1 439 0
 786 0018 7B68     		ldr	r3, [r7, #4]
 787 001a 002B     		cmp	r3, #0
 788 001c 07DB     		blt	.L41
 789              		.loc 1 439 0 is_stmt 0 discriminator 1
 790 001e 7B68     		ldr	r3, [r7, #4]
 791 0020 082B     		cmp	r3, #8
 792 0022 04DC     		bgt	.L41
 440:../Generated_Code/KIN1.c ****       return KinetisM4FamilyStrings[val];
 793              		.loc 1 440 0 is_stmt 1
 794 0024 064B     		ldr	r3, .L43+4
 795 0026 7A68     		ldr	r2, [r7, #4]
 796 0028 53F82230 		ldr	r3, [r3, r2, lsl #2]
 797 002c 00E0     		b	.L42
 798              	.L41:
 441:../Generated_Code/KIN1.c ****     } else {
 442:../Generated_Code/KIN1.c ****       return (KIN1_ConstCharPtr)"M4 Family ID out of bounds!";
 799              		.loc 1 442 0
 800 002e 054B     		ldr	r3, .L43+8
 801              	.L42:
 443:../Generated_Code/KIN1.c ****     }
 444:../Generated_Code/KIN1.c ****   #elif defined(SIM_SDID_FAMID)
 445:../Generated_Code/KIN1.c ****     int32_t val;
 446:../Generated_Code/KIN1.c **** 
 447:../Generated_Code/KIN1.c ****     val = ((SIM->SDID)>>4)&0x3; /* bits 6..4 */
 448:../Generated_Code/KIN1.c ****     if (val>=0 && val<=(int32_t)(sizeof(KinetisM4FamilyStrings)/sizeof(KinetisM4FamilyStrings[0])))
 449:../Generated_Code/KIN1.c ****       return KinetisM4FamilyStrings[val];
 450:../Generated_Code/KIN1.c ****     } else {
 451:../Generated_Code/KIN1.c ****       return (KIN1_ConstCharPtr)"M4 Family ID out of bounds!";
 452:../Generated_Code/KIN1.c ****     }
 453:../Generated_Code/KIN1.c ****   #else
 454:../Generated_Code/KIN1.c ****     #error "Unknown architecture!"
 455:../Generated_Code/KIN1.c ****     return (KIN1_ConstCharPtr)"ERROR";
 456:../Generated_Code/KIN1.c ****   #endif
 457:../Generated_Code/KIN1.c **** #elif MCUC1_CONFIG_CORTEX_M==7
 458:../Generated_Code/KIN1.c ****   return (KIN1_ConstCharPtr)"Cortex-M7";
 459:../Generated_Code/KIN1.c **** #else
 460:../Generated_Code/KIN1.c ****   #error "Unknown architecture!"
 461:../Generated_Code/KIN1.c ****   return (KIN1_ConstCharPtr)"ERROR";
 462:../Generated_Code/KIN1.c **** #endif
 463:../Generated_Code/KIN1.c **** #else
 464:../Generated_Code/KIN1.c ****   return (KIN1_ConstCharPtr)"NOT KINETIS";
 465:../Generated_Code/KIN1.c **** #endif
 466:../Generated_Code/KIN1.c **** }
 802              		.loc 1 466 0
 803 0030 1846     		mov	r0, r3
 804 0032 0C37     		adds	r7, r7, #12
 805 0034 BD46     		mov	sp, r7
 806              		@ sp needed
 807 0036 5DF8047B 		ldr	r7, [sp], #4
 808 003a 7047     		bx	lr
 809              	.L44:
 810              		.align	2
 811              	.L43:
 812 003c 00700440 		.word	1074032640
 813 0040 00000000 		.word	KinetisM4FamilyStrings
 814 0044 60010000 		.word	.LC26
 815              		.cfi_endproc
 816              	.LFE7:
 818              		.section	.text.KIN1_GetPC,"ax",%progbits
 819              		.align	2
 820              		.global	KIN1_GetPC
 821              		.thumb
 822              		.thumb_func
 824              	KIN1_GetPC:
 825              	.LFB8:
 467:../Generated_Code/KIN1.c **** 
 468:../Generated_Code/KIN1.c **** /*
 469:../Generated_Code/KIN1.c **** ** ===================================================================
 470:../Generated_Code/KIN1.c **** **     Method      :  KIN1_GetPC (component KinetisTools)
 471:../Generated_Code/KIN1.c **** **     Description :
 472:../Generated_Code/KIN1.c **** **         returns the program counter
 473:../Generated_Code/KIN1.c **** **     Parameters  : None
 474:../Generated_Code/KIN1.c **** **     Returns     :
 475:../Generated_Code/KIN1.c **** **         ---             - program counter
 476:../Generated_Code/KIN1.c **** ** ===================================================================
 477:../Generated_Code/KIN1.c **** */
 478:../Generated_Code/KIN1.c **** void* KIN1_GetPC(void)
 479:../Generated_Code/KIN1.c **** {
 826              		.loc 1 479 0
 827              		.cfi_startproc
 828              		@ args = 0, pretend = 0, frame = 8
 829              		@ frame_needed = 1, uses_anonymous_args = 0
 830              		@ link register save eliminated.
 831 0000 80B4     		push	{r7}
 832              		.cfi_def_cfa_offset 4
 833              		.cfi_offset 7, -4
 834 0002 83B0     		sub	sp, sp, #12
 835              		.cfi_def_cfa_offset 16
 836 0004 00AF     		add	r7, sp, #0
 837              		.cfi_def_cfa_register 7
 480:../Generated_Code/KIN1.c **** #ifdef __GNUC__
 481:../Generated_Code/KIN1.c ****   void *pc;
 482:../Generated_Code/KIN1.c **** 
 483:../Generated_Code/KIN1.c ****   __asm__ __volatile__ ("mov %0, pc" : "=r"(pc));
 838              		.loc 1 483 0
 839              	@ 483 "../Generated_Code/KIN1.c" 1
 840 0006 7B46     		mov r3, pc
 841              	@ 0 "" 2
 842              		.thumb
 843 0008 7B60     		str	r3, [r7, #4]
 484:../Generated_Code/KIN1.c ****   return pc;
 844              		.loc 1 484 0
 845 000a 7B68     		ldr	r3, [r7, #4]
 485:../Generated_Code/KIN1.c **** #else
 486:../Generated_Code/KIN1.c ****   #warning "only for GCC"
 487:../Generated_Code/KIN1.c ****   return NULL;
 488:../Generated_Code/KIN1.c **** #endif
 489:../Generated_Code/KIN1.c **** }
 846              		.loc 1 489 0
 847 000c 1846     		mov	r0, r3
 848 000e 0C37     		adds	r7, r7, #12
 849 0010 BD46     		mov	sp, r7
 850              		@ sp needed
 851 0012 5DF8047B 		ldr	r7, [sp], #4
 852 0016 7047     		bx	lr
 853              		.cfi_endproc
 854              	.LFE8:
 856              		.section	.text.KIN1_GetSP,"ax",%progbits
 857              		.align	2
 858              		.global	KIN1_GetSP
 859              		.thumb
 860              		.thumb_func
 862              	KIN1_GetSP:
 863              	.LFB9:
 490:../Generated_Code/KIN1.c **** 
 491:../Generated_Code/KIN1.c **** /*
 492:../Generated_Code/KIN1.c **** ** ===================================================================
 493:../Generated_Code/KIN1.c **** **     Method      :  KIN1_GetSP (component KinetisTools)
 494:../Generated_Code/KIN1.c **** **     Description :
 495:../Generated_Code/KIN1.c **** **         returns the stack pointer
 496:../Generated_Code/KIN1.c **** **     Parameters  : None
 497:../Generated_Code/KIN1.c **** **     Returns     :
 498:../Generated_Code/KIN1.c **** **         ---             - stack pointer
 499:../Generated_Code/KIN1.c **** ** ===================================================================
 500:../Generated_Code/KIN1.c **** */
 501:../Generated_Code/KIN1.c **** void* KIN1_GetSP(void)
 502:../Generated_Code/KIN1.c **** {
 864              		.loc 1 502 0
 865              		.cfi_startproc
 866              		@ args = 0, pretend = 0, frame = 8
 867              		@ frame_needed = 1, uses_anonymous_args = 0
 868              		@ link register save eliminated.
 869 0000 80B4     		push	{r7}
 870              		.cfi_def_cfa_offset 4
 871              		.cfi_offset 7, -4
 872 0002 83B0     		sub	sp, sp, #12
 873              		.cfi_def_cfa_offset 16
 874 0004 00AF     		add	r7, sp, #0
 875              		.cfi_def_cfa_register 7
 503:../Generated_Code/KIN1.c **** #ifdef __GNUC__
 504:../Generated_Code/KIN1.c ****   void *sp;
 505:../Generated_Code/KIN1.c **** 
 506:../Generated_Code/KIN1.c ****   __asm__ __volatile__ ("mrs %0, msp" : "=r"(sp));
 876              		.loc 1 506 0
 877              	@ 506 "../Generated_Code/KIN1.c" 1
 878 0006 EFF30883 		mrs r3, msp
 879              	@ 0 "" 2
 880              		.thumb
 881 000a 7B60     		str	r3, [r7, #4]
 507:../Generated_Code/KIN1.c ****   return sp;
 882              		.loc 1 507 0
 883 000c 7B68     		ldr	r3, [r7, #4]
 508:../Generated_Code/KIN1.c **** #else
 509:../Generated_Code/KIN1.c ****   #warning "only for GCC"
 510:../Generated_Code/KIN1.c ****   return NULL;
 511:../Generated_Code/KIN1.c **** #endif
 512:../Generated_Code/KIN1.c **** }
 884              		.loc 1 512 0
 885 000e 1846     		mov	r0, r3
 886 0010 0C37     		adds	r7, r7, #12
 887 0012 BD46     		mov	sp, r7
 888              		@ sp needed
 889 0014 5DF8047B 		ldr	r7, [sp], #4
 890 0018 7047     		bx	lr
 891              		.cfi_endproc
 892              	.LFE9:
 894 001a 00BF     		.section	.text.KIN1_SetPSP,"ax",%progbits
 895              		.align	2
 896              		.global	KIN1_SetPSP
 897              		.thumb
 898              		.thumb_func
 900              	KIN1_SetPSP:
 901              	.LFB10:
 513:../Generated_Code/KIN1.c **** 
 514:../Generated_Code/KIN1.c **** /*
 515:../Generated_Code/KIN1.c **** ** ===================================================================
 516:../Generated_Code/KIN1.c **** **     Method      :  KIN1_SetPSP (component KinetisTools)
 517:../Generated_Code/KIN1.c **** **     Description :
 518:../Generated_Code/KIN1.c **** **         sets the process stack pointer
 519:../Generated_Code/KIN1.c **** **     Parameters  :
 520:../Generated_Code/KIN1.c **** **         NAME            - DESCRIPTION
 521:../Generated_Code/KIN1.c **** **         setval          - new PSP value
 522:../Generated_Code/KIN1.c **** **     Returns     : Nothing
 523:../Generated_Code/KIN1.c **** ** ===================================================================
 524:../Generated_Code/KIN1.c **** */
 525:../Generated_Code/KIN1.c **** void KIN1_SetPSP(void *setval)
 526:../Generated_Code/KIN1.c **** {
 902              		.loc 1 526 0
 903              		.cfi_startproc
 904              		@ args = 0, pretend = 0, frame = 8
 905              		@ frame_needed = 1, uses_anonymous_args = 0
 906              		@ link register save eliminated.
 907 0000 80B4     		push	{r7}
 908              		.cfi_def_cfa_offset 4
 909              		.cfi_offset 7, -4
 910 0002 83B0     		sub	sp, sp, #12
 911              		.cfi_def_cfa_offset 16
 912 0004 00AF     		add	r7, sp, #0
 913              		.cfi_def_cfa_register 7
 914 0006 7860     		str	r0, [r7, #4]
 527:../Generated_Code/KIN1.c **** #ifdef __GNUC__
 528:../Generated_Code/KIN1.c ****   __asm__ volatile ("msr psp, %[value]\n\t""dmb\n\t""dsb\n\t""isb\n\t"::[value]"r"(setval):);
 915              		.loc 1 528 0
 916 0008 7B68     		ldr	r3, [r7, #4]
 917              	@ 528 "../Generated_Code/KIN1.c" 1
 918 000a 83F30988 		msr psp, r3
 919 000e BFF35F8F 		dmb
 920 0012 BFF34F8F 		dsb
 921 0016 BFF36F8F 		isb
 922              		
 923              	@ 0 "" 2
 529:../Generated_Code/KIN1.c ****   __asm__ volatile ("" ::: "memory");
 924              		.loc 1 529 0
 530:../Generated_Code/KIN1.c **** #else
 531:../Generated_Code/KIN1.c ****   #warning "only for GCC implemented"
 532:../Generated_Code/KIN1.c **** #endif
 533:../Generated_Code/KIN1.c **** }
 925              		.loc 1 533 0
 926              		.thumb
 927 001a 0C37     		adds	r7, r7, #12
 928 001c BD46     		mov	sp, r7
 929              		@ sp needed
 930 001e 5DF8047B 		ldr	r7, [sp], #4
 931 0022 7047     		bx	lr
 932              		.cfi_endproc
 933              	.LFE10:
 935              		.section	.text.KIN1_SetLR,"ax",%progbits
 936              		.align	2
 937              		.global	KIN1_SetLR
 938              		.thumb
 939              		.thumb_func
 941              	KIN1_SetLR:
 942              	.LFB11:
 534:../Generated_Code/KIN1.c **** 
 535:../Generated_Code/KIN1.c **** /*
 536:../Generated_Code/KIN1.c **** ** ===================================================================
 537:../Generated_Code/KIN1.c **** **     Method      :  KIN1_SetLR (component KinetisTools)
 538:../Generated_Code/KIN1.c **** **     Description :
 539:../Generated_Code/KIN1.c **** **         Sets the link register
 540:../Generated_Code/KIN1.c **** **     Parameters  :
 541:../Generated_Code/KIN1.c **** **         NAME            - DESCRIPTION
 542:../Generated_Code/KIN1.c **** **         setval          - new LR value
 543:../Generated_Code/KIN1.c **** **     Returns     : Nothing
 544:../Generated_Code/KIN1.c **** ** ===================================================================
 545:../Generated_Code/KIN1.c **** */
 546:../Generated_Code/KIN1.c **** void KIN1_SetLR(uint32_t setval)
 547:../Generated_Code/KIN1.c **** {
 943              		.loc 1 547 0
 944              		.cfi_startproc
 945              		@ args = 0, pretend = 0, frame = 8
 946              		@ frame_needed = 1, uses_anonymous_args = 0
 947              		@ link register save eliminated.
 948 0000 80B4     		push	{r7}
 949              		.cfi_def_cfa_offset 4
 950              		.cfi_offset 7, -4
 951 0002 83B0     		sub	sp, sp, #12
 952              		.cfi_def_cfa_offset 16
 953 0004 00AF     		add	r7, sp, #0
 954              		.cfi_def_cfa_register 7
 955 0006 7860     		str	r0, [r7, #4]
 548:../Generated_Code/KIN1.c **** #ifdef __GNUC__
 549:../Generated_Code/KIN1.c ****   __asm__ volatile ("mov lr, %[value]\n\t"::[value]"r"(setval):);
 956              		.loc 1 549 0
 957 0008 7B68     		ldr	r3, [r7, #4]
 958              	@ 549 "../Generated_Code/KIN1.c" 1
 959 000a 9E46     		mov lr, r3
 960              		
 961              	@ 0 "" 2
 550:../Generated_Code/KIN1.c ****   __asm__ volatile ("" ::: "memory");
 962              		.loc 1 550 0
 551:../Generated_Code/KIN1.c **** #else
 552:../Generated_Code/KIN1.c ****   #warning "only for GCC"
 553:../Generated_Code/KIN1.c **** #endif
 554:../Generated_Code/KIN1.c **** }
 963              		.loc 1 554 0
 964              		.thumb
 965 000c 0C37     		adds	r7, r7, #12
 966 000e BD46     		mov	sp, r7
 967              		@ sp needed
 968 0010 5DF8047B 		ldr	r7, [sp], #4
 969 0014 7047     		bx	lr
 970              		.cfi_endproc
 971              	.LFE11:
 973 0016 00BF     		.text
 974              	.Letext0:
 975              		.file 2 "c:\\freescale\\kds_v3\\toolchain\\arm-none-eabi\\include\\machine\\_default_types.h"
 976              		.file 3 "c:\\freescale\\kds_v3\\toolchain\\arm-none-eabi\\include\\stdint.h"
 977              		.file 4 "../Generated_Code/PE_Types.h"
 978              		.file 5 "C:/INTRO_HS18/IntroAronAlex/TEAM_Robot/Static_Code/IO_Map/MK22F12.h"
 979              		.file 6 "c:\\freescale\\kds_v3\\toolchain\\lib\\gcc\\arm-none-eabi\\4.8.4\\include\\stddef.h"
 980              		.file 7 "../Generated_Code/CLS1.h"
 981              		.file 8 "../Generated_Code/KIN1.h"
DEFINED SYMBOLS
                            *ABS*:00000000 KIN1.c
C:\Users\Aron\AppData\Local\Temp\ccxNVh4m.s:21     .rodata:00000000 $d
C:\Users\Aron\AppData\Local\Temp\ccxNVh4m.s:43     .data.KinetisM4FamilyStrings:00000000 $d
C:\Users\Aron\AppData\Local\Temp\ccxNVh4m.s:46     .data.KinetisM4FamilyStrings:00000000 KinetisM4FamilyStrings
C:\Users\Aron\AppData\Local\Temp\ccxNVh4m.s:72     .text.PrintStatus:00000000 $t
C:\Users\Aron\AppData\Local\Temp\ccxNVh4m.s:76     .text.PrintStatus:00000000 PrintStatus
C:\Users\Aron\AppData\Local\Temp\ccxNVh4m.s:293    .text.KIN1_UIDGet:00000000 KIN1_UIDGet
C:\Users\Aron\AppData\Local\Temp\ccxNVh4m.s:543    .text.KIN1_UIDtoString:00000000 KIN1_UIDtoString
C:\Users\Aron\AppData\Local\Temp\ccxNVh4m.s:763    .text.KIN1_GetKinetisFamilyString:00000000 KIN1_GetKinetisFamilyString
C:\Users\Aron\AppData\Local\Temp\ccxNVh4m.s:170    .text.PrintStatus:000000a4 $d
C:\Users\Aron\AppData\Local\Temp\ccxNVh4m.s:195    .text.PrintHelp:00000000 $t
C:\Users\Aron\AppData\Local\Temp\ccxNVh4m.s:199    .text.PrintHelp:00000000 PrintHelp
C:\Users\Aron\AppData\Local\Temp\ccxNVh4m.s:246    .text.PrintHelp:0000003c $d
C:\Users\Aron\AppData\Local\Temp\ccxNVh4m.s:256    .text.KIN1_SoftwareReset:00000000 $t
C:\Users\Aron\AppData\Local\Temp\ccxNVh4m.s:261    .text.KIN1_SoftwareReset:00000000 KIN1_SoftwareReset
C:\Users\Aron\AppData\Local\Temp\ccxNVh4m.s:283    .text.KIN1_SoftwareReset:00000010 $d
C:\Users\Aron\AppData\Local\Temp\ccxNVh4m.s:288    .text.KIN1_UIDGet:00000000 $t
C:\Users\Aron\AppData\Local\Temp\ccxNVh4m.s:456    .text.KIN1_UIDGet:00000128 $d
C:\Users\Aron\AppData\Local\Temp\ccxNVh4m.s:461    .text.KIN1_UIDSame:00000000 $t
C:\Users\Aron\AppData\Local\Temp\ccxNVh4m.s:466    .text.KIN1_UIDSame:00000000 KIN1_UIDSame
C:\Users\Aron\AppData\Local\Temp\ccxNVh4m.s:538    .text.KIN1_UIDtoString:00000000 $t
C:\Users\Aron\AppData\Local\Temp\ccxNVh4m.s:619    .text.KIN1_UIDtoString:00000068 $d
C:\Users\Aron\AppData\Local\Temp\ccxNVh4m.s:643    .text.KIN1_ParseCommand:00000000 $t
C:\Users\Aron\AppData\Local\Temp\ccxNVh4m.s:648    .text.KIN1_ParseCommand:00000000 KIN1_ParseCommand
C:\Users\Aron\AppData\Local\Temp\ccxNVh4m.s:745    .text.KIN1_ParseCommand:0000008c $d
C:\Users\Aron\AppData\Local\Temp\ccxNVh4m.s:758    .text.KIN1_GetKinetisFamilyString:00000000 $t
C:\Users\Aron\AppData\Local\Temp\ccxNVh4m.s:812    .text.KIN1_GetKinetisFamilyString:0000003c $d
C:\Users\Aron\AppData\Local\Temp\ccxNVh4m.s:819    .text.KIN1_GetPC:00000000 $t
C:\Users\Aron\AppData\Local\Temp\ccxNVh4m.s:824    .text.KIN1_GetPC:00000000 KIN1_GetPC
C:\Users\Aron\AppData\Local\Temp\ccxNVh4m.s:857    .text.KIN1_GetSP:00000000 $t
C:\Users\Aron\AppData\Local\Temp\ccxNVh4m.s:862    .text.KIN1_GetSP:00000000 KIN1_GetSP
C:\Users\Aron\AppData\Local\Temp\ccxNVh4m.s:895    .text.KIN1_SetPSP:00000000 $t
C:\Users\Aron\AppData\Local\Temp\ccxNVh4m.s:900    .text.KIN1_SetPSP:00000000 KIN1_SetPSP
C:\Users\Aron\AppData\Local\Temp\ccxNVh4m.s:936    .text.KIN1_SetLR:00000000 $t
C:\Users\Aron\AppData\Local\Temp\ccxNVh4m.s:941    .text.KIN1_SetLR:00000000 KIN1_SetLR
                     .debug_frame:00000010 $d
                           .group:00000000 wm4.0.22dcf9ce9babd46e5ea858ea4400d115
                           .group:00000000 wm4.MCUC1config.h.9.0bb8fec22d828f19e34a4cdf9951d555
                           .group:00000000 wm4.features.h.22.6a4ca7cd053637cc1d0db6c16f39b2d7
                           .group:00000000 wm4._default_types.h.15.8b2cb27e528498f8ff711db085d6e489
                           .group:00000000 wm4.stdint.h.20.796e373797e732130a803d4c0338fa1b
                           .group:00000000 wm4.PE_Types.h.68.de7a315b6e4c635a9a7a45ae6ec20b08
                           .group:00000000 wm4.PE_Error.h.60.6ccf96637e85421388d147a5dcbc3621
                           .group:00000000 wm4.PE_Const.h.60.44eca2ca2a72148441f11b3e43b344a9
                           .group:00000000 wm4.MK22F12.h.59.83dcc0895f45d7d67f2182a38aa7f04f
                           .group:00000000 wm4.Cpu.h.66.9574a96471c5a4e92ddf5418cbdcf9a5
                           .group:00000000 wm4.KIN1config.h.9.ab40a5871d92daf91163fbd666cce881
                           .group:00000000 wm4.stddef.h.39.daafd3d79fe2f3a84d2d73d7d4e706f8
                           .group:00000000 wm4.CLS1config.h.2.854bb35357facad932898800d8509913
                           .group:00000000 wm4.CLS1.h.122.6dfe00e3ccac8c27c20e405bc6b8e609
                           .group:00000000 wm4.WAIT1config.h.9.10dc563fdcbcf1b71ae6cd3c0d22fd32
                           .group:00000000 wm4.WAIT1.h.93.af9b975f9a6d5eb80ff72ca188861d18
                           .group:00000000 wm4.newlib.h.8.fec018e441fee7bfa1923812ad010f97
                           .group:00000000 wm4.config.h.212.4163ef2871a828c674038d036b081cfd
                           .group:00000000 wm4._ansi.h.23.2147fde150631f5584b9dc29b914d1b8
                           .group:00000000 wm4.lock.h.2.9bc98482741e5e2a9450b12934a684ea
                           .group:00000000 wm4._types.h.54.d3d34a3b7f3cc230cd159baf022b4b08
                           .group:00000000 wm4.stddef.h.158.61317cdbfb4026324507d123a50b0fd6
                           .group:00000000 wm4.reent.h.17.8bd9e4098e0428508c282cad794fae43
                           .group:00000000 wm4.cdefs.h.56.a2d04de9d47039852021e66fca39bb58
                           .group:00000000 wm4.string.h.15.dab3980bf35408a4c507182805e2de3a
                           .group:00000000 wm4.stddef.h.158.a7efb00f6cbc6f43213b50e183c9830c
                           .group:00000000 wm4.UTIL1.h.779.3f4da336bf693064cf78522cb140d5f7
                           .group:00000000 wm4.XF1config.h.2.019525ef4bf64d9e3cd792a651ed2fc0
                           .group:00000000 wm4.stdarg.h.31.72c3aa8d68b291953fa52b9471bcdff7
                           .group:00000000 wm4.CS1config.h.2.e5153cf58e5fe0ee6ea0dc776d94aafd
                           .group:00000000 wm4.CS1.h.86.71773cc9f7a1189b60d5af00334fca8e
                           .group:00000000 wm4.CLS1.h.172.83b9daee286b58c7d453522f7dba0b4f
                           .group:00000000 wm4.KIN1.h.91.3d4462c05cb3114f21995efcad73491e

UNDEFINED SYMBOLS
CLS1_SendStatusStr
UTIL1_strcpy
CLS1_SendStr
CLS1_SendHelpStr
UTIL1_strcat
UTIL1_strcatNum8Hex
strcmp
