   1              		.syntax unified
   2              		.cpu cortex-m4
   3              		.eabi_attribute 27, 3
   4              		.eabi_attribute 28, 1
   5              		.fpu fpv4-sp-d16
   6              		.eabi_attribute 20, 1
   7              		.eabi_attribute 21, 1
   8              		.eabi_attribute 23, 3
   9              		.eabi_attribute 24, 1
  10              		.eabi_attribute 25, 1
  11              		.eabi_attribute 26, 1
  12              		.eabi_attribute 30, 6
  13              		.eabi_attribute 34, 1
  14              		.eabi_attribute 18, 4
  15              		.thumb
  16              		.file	"MCUC1.c"
  17              		.text
  18              	.Ltext0:
  19              		.cfi_sections	.debug_frame
  20              		.section	.text.MCUC1_Init,"ax",%progbits
  21              		.align	2
  22              		.global	MCUC1_Init
  23              		.thumb
  24              		.thumb_func
  26              	MCUC1_Init:
  27              	.LFB0:
  28              		.file 1 "../Generated_Code/MCUC1.c"
   1:../Generated_Code/MCUC1.c **** /* ###################################################################
   2:../Generated_Code/MCUC1.c **** **     This component module is generated by Processor Expert. Do not modify it.
   3:../Generated_Code/MCUC1.c **** **     Filename    : MCUC1.c
   4:../Generated_Code/MCUC1.c **** **     Project     : TEAM_Robot
   5:../Generated_Code/MCUC1.c **** **     Processor   : MK22FX512VLK12
   6:../Generated_Code/MCUC1.c **** **     Component   : McuLibConfig
   7:../Generated_Code/MCUC1.c **** **     Version     : Component 01.012, Driver 01.00, CPU db: 3.00.000
   8:../Generated_Code/MCUC1.c **** **     Repository  : My Components
   9:../Generated_Code/MCUC1.c **** **     Compiler    : GNU C Compiler
  10:../Generated_Code/MCUC1.c **** **     Date/Time   : 2018-09-28, 15:03, # CodeGen: 0
  11:../Generated_Code/MCUC1.c **** **     Abstract    :
  12:../Generated_Code/MCUC1.c **** **          Configures the drivers for various SDKs and APIs used.
  13:../Generated_Code/MCUC1.c **** **     Settings    :
  14:../Generated_Code/MCUC1.c **** **          Component name                                 : MCUC1
  15:../Generated_Code/MCUC1.c **** **          SDK                                            : Processor Expert
  16:../Generated_Code/MCUC1.c **** **          Config Files Folder                            : 
  17:../Generated_Code/MCUC1.c **** **     Contents    :
  18:../Generated_Code/MCUC1.c **** **         Init   - void MCUC1_Init(void);
  19:../Generated_Code/MCUC1.c **** **         Deinit - void MCUC1_Deinit(void);
  20:../Generated_Code/MCUC1.c **** **
  21:../Generated_Code/MCUC1.c **** **     * Copyright (c) 2016-2018, Erich Styger
  22:../Generated_Code/MCUC1.c **** **      * Web:         https://mcuoneclipse.com
  23:../Generated_Code/MCUC1.c **** **      * SourceForge: https://sourceforge.net/projects/mcuoneclipse
  24:../Generated_Code/MCUC1.c **** **      * Git:         https://github.com/ErichStyger/McuOnEclipse_PEx
  25:../Generated_Code/MCUC1.c **** **      * All rights reserved.
  26:../Generated_Code/MCUC1.c **** **      *
  27:../Generated_Code/MCUC1.c **** **      * Redistribution and use in source and binary forms, with or without modification,
  28:../Generated_Code/MCUC1.c **** **      * are permitted provided that the following conditions are met:
  29:../Generated_Code/MCUC1.c **** **      *
  30:../Generated_Code/MCUC1.c **** **      * - Redistributions of source code must retain the above copyright notice, this list
  31:../Generated_Code/MCUC1.c **** **      *   of conditions and the following disclaimer.
  32:../Generated_Code/MCUC1.c **** **      *
  33:../Generated_Code/MCUC1.c **** **      * - Redistributions in binary form must reproduce the above copyright notice, this
  34:../Generated_Code/MCUC1.c **** **      *   list of conditions and the following disclaimer in the documentation and/or
  35:../Generated_Code/MCUC1.c **** **      *   other materials provided with the distribution.
  36:../Generated_Code/MCUC1.c **** **      *
  37:../Generated_Code/MCUC1.c **** **      * THIS SOFTWARE IS PROVIDED BY THE COPYRIGHT HOLDERS AND CONTRIBUTORS "AS IS" AND
  38:../Generated_Code/MCUC1.c **** **      * ANY EXPRESS OR IMPLIED WARRANTIES, INCLUDING, BUT NOT LIMITED TO, THE IMPLIED
  39:../Generated_Code/MCUC1.c **** **      * WARRANTIES OF MERCHANTABILITY AND FITNESS FOR A PARTICULAR PURPOSE ARE
  40:../Generated_Code/MCUC1.c **** **      * DISCLAIMED. IN NO EVENT SHALL THE COPYRIGHT HOLDER OR CONTRIBUTORS BE LIABLE FOR
  41:../Generated_Code/MCUC1.c **** **      * ANY DIRECT, INDIRECT, INCIDENTAL, SPECIAL, EXEMPLARY, OR CONSEQUENTIAL DAMAGES
  42:../Generated_Code/MCUC1.c **** **      * (INCLUDING, BUT NOT LIMITED TO, PROCUREMENT OF SUBSTITUTE GOODS OR SERVICES;
  43:../Generated_Code/MCUC1.c **** **      * LOSS OF USE, DATA, OR PROFITS; OR BUSINESS INTERRUPTION) HOWEVER CAUSED AND ON
  44:../Generated_Code/MCUC1.c **** **      * ANY THEORY OF LIABILITY, WHETHER IN CONTRACT, STRICT LIABILITY, OR TORT
  45:../Generated_Code/MCUC1.c **** **      * (INCLUDING NEGLIGENCE OR OTHERWISE) ARISING IN ANY WAY OUT OF THE USE OF THIS
  46:../Generated_Code/MCUC1.c **** **      * SOFTWARE, EVEN IF ADVISED OF THE POSSIBILITY OF SUCH DAMAGE.
  47:../Generated_Code/MCUC1.c **** ** ###################################################################*/
  48:../Generated_Code/MCUC1.c **** /*!
  49:../Generated_Code/MCUC1.c **** ** @file MCUC1.c
  50:../Generated_Code/MCUC1.c **** ** @version 01.00
  51:../Generated_Code/MCUC1.c **** ** @brief
  52:../Generated_Code/MCUC1.c **** **          Configures the drivers for various SDKs and APIs used.
  53:../Generated_Code/MCUC1.c **** */         
  54:../Generated_Code/MCUC1.c **** /*!
  55:../Generated_Code/MCUC1.c **** **  @addtogroup MCUC1_module MCUC1 module documentation
  56:../Generated_Code/MCUC1.c **** **  @{
  57:../Generated_Code/MCUC1.c **** */         
  58:../Generated_Code/MCUC1.c **** 
  59:../Generated_Code/MCUC1.c **** /* MODULE MCUC1. */
  60:../Generated_Code/MCUC1.c **** 
  61:../Generated_Code/MCUC1.c **** #include "MCUC1.h"
  62:../Generated_Code/MCUC1.c **** 
  63:../Generated_Code/MCUC1.c **** /*
  64:../Generated_Code/MCUC1.c **** ** ===================================================================
  65:../Generated_Code/MCUC1.c **** **     Method      :  MCUC1_Init (component McuLibConfig)
  66:../Generated_Code/MCUC1.c **** **     Description :
  67:../Generated_Code/MCUC1.c **** **         Driver initialization method
  68:../Generated_Code/MCUC1.c **** **     Parameters  : None
  69:../Generated_Code/MCUC1.c **** **     Returns     : Nothing
  70:../Generated_Code/MCUC1.c **** ** ===================================================================
  71:../Generated_Code/MCUC1.c **** */
  72:../Generated_Code/MCUC1.c **** void MCUC1_Init(void)
  73:../Generated_Code/MCUC1.c **** {
  29              		.loc 1 73 0
  30              		.cfi_startproc
  31              		@ args = 0, pretend = 0, frame = 0
  32              		@ frame_needed = 1, uses_anonymous_args = 0
  33              		@ link register save eliminated.
  34 0000 80B4     		push	{r7}
  35              		.cfi_def_cfa_offset 4
  36              		.cfi_offset 7, -4
  37 0002 00AF     		add	r7, sp, #0
  38              		.cfi_def_cfa_register 7
  74:../Generated_Code/MCUC1.c ****   /* nothing to implement */
  75:../Generated_Code/MCUC1.c **** }
  39              		.loc 1 75 0
  40 0004 BD46     		mov	sp, r7
  41              		@ sp needed
  42 0006 5DF8047B 		ldr	r7, [sp], #4
  43 000a 7047     		bx	lr
  44              		.cfi_endproc
  45              	.LFE0:
  47              		.section	.text.MCUC1_Deinit,"ax",%progbits
  48              		.align	2
  49              		.global	MCUC1_Deinit
  50              		.thumb
  51              		.thumb_func
  53              	MCUC1_Deinit:
  54              	.LFB1:
  76:../Generated_Code/MCUC1.c **** 
  77:../Generated_Code/MCUC1.c **** /*
  78:../Generated_Code/MCUC1.c **** ** ===================================================================
  79:../Generated_Code/MCUC1.c **** **     Method      :  MCUC1_Deinit (component McuLibConfig)
  80:../Generated_Code/MCUC1.c **** **     Description :
  81:../Generated_Code/MCUC1.c **** **         Driver deinitialization method
  82:../Generated_Code/MCUC1.c **** **     Parameters  : None
  83:../Generated_Code/MCUC1.c **** **     Returns     : Nothing
  84:../Generated_Code/MCUC1.c **** ** ===================================================================
  85:../Generated_Code/MCUC1.c **** */
  86:../Generated_Code/MCUC1.c **** void MCUC1_Deinit(void)
  87:../Generated_Code/MCUC1.c **** {
  55              		.loc 1 87 0
  56              		.cfi_startproc
  57              		@ args = 0, pretend = 0, frame = 0
  58              		@ frame_needed = 1, uses_anonymous_args = 0
  59              		@ link register save eliminated.
  60 0000 80B4     		push	{r7}
  61              		.cfi_def_cfa_offset 4
  62              		.cfi_offset 7, -4
  63 0002 00AF     		add	r7, sp, #0
  64              		.cfi_def_cfa_register 7
  88:../Generated_Code/MCUC1.c ****   /* nothing to implement */
  89:../Generated_Code/MCUC1.c **** }
  65              		.loc 1 89 0
  66 0004 BD46     		mov	sp, r7
  67              		@ sp needed
  68 0006 5DF8047B 		ldr	r7, [sp], #4
  69 000a 7047     		bx	lr
  70              		.cfi_endproc
  71              	.LFE1:
  73              		.text
  74              	.Letext0:
DEFINED SYMBOLS
                            *ABS*:00000000 MCUC1.c
C:\Users\Aron\AppData\Local\Temp\ccCfHNlp.s:21     .text.MCUC1_Init:00000000 $t
C:\Users\Aron\AppData\Local\Temp\ccCfHNlp.s:26     .text.MCUC1_Init:00000000 MCUC1_Init
C:\Users\Aron\AppData\Local\Temp\ccCfHNlp.s:48     .text.MCUC1_Deinit:00000000 $t
C:\Users\Aron\AppData\Local\Temp\ccCfHNlp.s:53     .text.MCUC1_Deinit:00000000 MCUC1_Deinit
                     .debug_frame:00000010 $d
                           .group:00000000 wm4.0.22dcf9ce9babd46e5ea858ea4400d115
                           .group:00000000 wm4.MCUC1config.h.9.0bb8fec22d828f19e34a4cdf9951d555
                           .group:00000000 wm4.features.h.22.6a4ca7cd053637cc1d0db6c16f39b2d7
                           .group:00000000 wm4._default_types.h.15.8b2cb27e528498f8ff711db085d6e489
                           .group:00000000 wm4.stdint.h.20.796e373797e732130a803d4c0338fa1b
                           .group:00000000 wm4.PE_Types.h.68.de7a315b6e4c635a9a7a45ae6ec20b08
                           .group:00000000 wm4.PE_Error.h.60.6ccf96637e85421388d147a5dcbc3621
                           .group:00000000 wm4.PE_Const.h.60.44eca2ca2a72148441f11b3e43b344a9
                           .group:00000000 wm4.MK22F12.h.59.83dcc0895f45d7d67f2182a38aa7f04f
                           .group:00000000 wm4.Cpu.h.66.9574a96471c5a4e92ddf5418cbdcf9a5

NO UNDEFINED SYMBOLS
