   1              		.syntax unified
   2              		.cpu cortex-m4
   3              		.eabi_attribute 27, 3
   4              		.eabi_attribute 28, 1
   5              		.fpu fpv4-sp-d16
   6              		.eabi_attribute 20, 1
   7              		.eabi_attribute 21, 1
   8              		.eabi_attribute 23, 3
   9              		.eabi_attribute 24, 1
  10              		.eabi_attribute 25, 1
  11              		.eabi_attribute 26, 1
  12              		.eabi_attribute 30, 6
  13              		.eabi_attribute 34, 1
  14              		.eabi_attribute 18, 4
  15              		.thumb
  16              		.file	"PE_LDD.c"
  17              		.text
  18              	.Ltext0:
  19              		.cfi_sections	.debug_frame
  20              		.section	.rodata.TmDt1_DefaultTime,"a",%progbits
  21              		.align	2
  24              	TmDt1_DefaultTime:
  25 0000 11       		.byte	17
  26 0001 33       		.byte	51
  27 0002 1F       		.byte	31
  28 0003 00       		.byte	0
  29              		.section	.rodata.TmDt1_DefaultDate,"a",%progbits
  30              		.align	2
  33              	TmDt1_DefaultDate:
  34 0000 DC07     		.short	2012
  35 0002 07       		.byte	7
  36 0003 16       		.byte	22
  37              		.global	PE_LDD_DeviceDataList
  38              		.section	.bss.PE_LDD_DeviceDataList,"aw",%nobits
  39              		.align	2
  42              	PE_LDD_DeviceDataList:
  43 0000 00000000 		.space	100
  43      00000000 
  43      00000000 
  43      00000000 
  43      00000000 
  44              		.global	PE_CpuClockConfigurations
  45              		.section	.rodata.PE_CpuClockConfigurations,"a",%progbits
  46              		.align	2
  49              	PE_CpuClockConfigurations:
  50 0000 000E2707 		.word	120000000
  51 0004 00879303 		.word	60000000
  52 0008 00879303 		.word	60000000
  53 000c 00366E01 		.word	24000000
  54 0010 00000000 		.word	0
  55 0014 000E2707 		.word	120000000
  56 0018 00800000 		.word	32768
  57 001c 00127A00 		.word	8000000
  58 0020 E8030000 		.word	1000
  59 0024 127A0000 		.word	31250
  60              		.section	.text.PE_FillMemory,"ax",%progbits
  61              		.align	2
  62              		.global	PE_FillMemory
  63              		.thumb
  64              		.thumb_func
  66              	PE_FillMemory:
  67              	.LFB0:
  68              		.file 1 "../Generated_Code/PE_LDD.c"
   1:../Generated_Code/PE_LDD.c **** /** ###################################################################
   2:../Generated_Code/PE_LDD.c **** **     This component module is generated by Processor Expert. Do not modify it.
   3:../Generated_Code/PE_LDD.c **** **     Filename    : PE_LDD.c
   4:../Generated_Code/PE_LDD.c **** **     Project     : TEAM_Robot
   5:../Generated_Code/PE_LDD.c **** **     Processor   : MK22FX512VLK12
   6:../Generated_Code/PE_LDD.c **** **     Version     : Component 01.014, Driver 01.04, CPU db: 3.00.000
   7:../Generated_Code/PE_LDD.c **** **     Repository  : Kinetis
   8:../Generated_Code/PE_LDD.c **** **     Compiler    : GNU C Compiler
   9:../Generated_Code/PE_LDD.c **** **     Date/Time   : 2018-09-28, 15:03, # CodeGen: 0
  10:../Generated_Code/PE_LDD.c **** **     Abstract    :
  11:../Generated_Code/PE_LDD.c **** **
  12:../Generated_Code/PE_LDD.c **** **     Settings    :
  13:../Generated_Code/PE_LDD.c **** **
  14:../Generated_Code/PE_LDD.c **** **
  15:../Generated_Code/PE_LDD.c **** **     Copyright : 1997 - 2015 Freescale Semiconductor, Inc. 
  16:../Generated_Code/PE_LDD.c **** **     All Rights Reserved.
  17:../Generated_Code/PE_LDD.c **** **     
  18:../Generated_Code/PE_LDD.c **** **     Redistribution and use in source and binary forms, with or without modification,
  19:../Generated_Code/PE_LDD.c **** **     are permitted provided that the following conditions are met:
  20:../Generated_Code/PE_LDD.c **** **     
  21:../Generated_Code/PE_LDD.c **** **     o Redistributions of source code must retain the above copyright notice, this list
  22:../Generated_Code/PE_LDD.c **** **       of conditions and the following disclaimer.
  23:../Generated_Code/PE_LDD.c **** **     
  24:../Generated_Code/PE_LDD.c **** **     o Redistributions in binary form must reproduce the above copyright notice, this
  25:../Generated_Code/PE_LDD.c **** **       list of conditions and the following disclaimer in the documentation and/or
  26:../Generated_Code/PE_LDD.c **** **       other materials provided with the distribution.
  27:../Generated_Code/PE_LDD.c **** **     
  28:../Generated_Code/PE_LDD.c **** **     o Neither the name of Freescale Semiconductor, Inc. nor the names of its
  29:../Generated_Code/PE_LDD.c **** **       contributors may be used to endorse or promote products derived from this
  30:../Generated_Code/PE_LDD.c **** **       software without specific prior written permission.
  31:../Generated_Code/PE_LDD.c **** **     
  32:../Generated_Code/PE_LDD.c **** **     THIS SOFTWARE IS PROVIDED BY THE COPYRIGHT HOLDERS AND CONTRIBUTORS "AS IS" AND
  33:../Generated_Code/PE_LDD.c **** **     ANY EXPRESS OR IMPLIED WARRANTIES, INCLUDING, BUT NOT LIMITED TO, THE IMPLIED
  34:../Generated_Code/PE_LDD.c **** **     WARRANTIES OF MERCHANTABILITY AND FITNESS FOR A PARTICULAR PURPOSE ARE
  35:../Generated_Code/PE_LDD.c **** **     DISCLAIMED. IN NO EVENT SHALL THE COPYRIGHT HOLDER OR CONTRIBUTORS BE LIABLE FOR
  36:../Generated_Code/PE_LDD.c **** **     ANY DIRECT, INDIRECT, INCIDENTAL, SPECIAL, EXEMPLARY, OR CONSEQUENTIAL DAMAGES
  37:../Generated_Code/PE_LDD.c **** **     (INCLUDING, BUT NOT LIMITED TO, PROCUREMENT OF SUBSTITUTE GOODS OR SERVICES;
  38:../Generated_Code/PE_LDD.c **** **     LOSS OF USE, DATA, OR PROFITS; OR BUSINESS INTERRUPTION) HOWEVER CAUSED AND ON
  39:../Generated_Code/PE_LDD.c **** **     ANY THEORY OF LIABILITY, WHETHER IN CONTRACT, STRICT LIABILITY, OR TORT
  40:../Generated_Code/PE_LDD.c **** **     (INCLUDING NEGLIGENCE OR OTHERWISE) ARISING IN ANY WAY OUT OF THE USE OF THIS
  41:../Generated_Code/PE_LDD.c **** **     SOFTWARE, EVEN IF ADVISED OF THE POSSIBILITY OF SUCH DAMAGE.
  42:../Generated_Code/PE_LDD.c **** **     
  43:../Generated_Code/PE_LDD.c **** **     http: www.freescale.com
  44:../Generated_Code/PE_LDD.c **** **     mail: support@freescale.com
  45:../Generated_Code/PE_LDD.c **** ** ###################################################################*/
  46:../Generated_Code/PE_LDD.c **** /*!
  47:../Generated_Code/PE_LDD.c **** ** @file PE_LDD.c                                                  
  48:../Generated_Code/PE_LDD.c **** ** @version 01.04
  49:../Generated_Code/PE_LDD.c **** ** @brief
  50:../Generated_Code/PE_LDD.c **** **
  51:../Generated_Code/PE_LDD.c **** */         
  52:../Generated_Code/PE_LDD.c **** /*!
  53:../Generated_Code/PE_LDD.c **** **  @addtogroup PE_LDD_module PE_LDD module documentation
  54:../Generated_Code/PE_LDD.c **** **  @{
  55:../Generated_Code/PE_LDD.c **** */         
  56:../Generated_Code/PE_LDD.c **** 
  57:../Generated_Code/PE_LDD.c **** /* MODULE PE_LDD. */
  58:../Generated_Code/PE_LDD.c **** 
  59:../Generated_Code/PE_LDD.c **** /* {Default RTOS Adapter} No RTOS includes */
  60:../Generated_Code/PE_LDD.c **** /* {Default RTOS Adapter} No RTOS driver includes */
  61:../Generated_Code/PE_LDD.c **** 
  62:../Generated_Code/PE_LDD.c **** #include "PE_LDD.h"
  63:../Generated_Code/PE_LDD.c **** #include "Cpu.h"
  64:../Generated_Code/PE_LDD.c **** 
  65:../Generated_Code/PE_LDD.c **** /*lint -esym(765,PE_PeripheralUsed,LDD_SetClockConfiguration,PE_CpuClockConfigurations,PE_FillMemor
  66:../Generated_Code/PE_LDD.c **** 
  67:../Generated_Code/PE_LDD.c **** /*
  68:../Generated_Code/PE_LDD.c **** ** ===========================================================================
  69:../Generated_Code/PE_LDD.c **** ** Array of initialized device structures of LDD components.
  70:../Generated_Code/PE_LDD.c **** ** ===========================================================================
  71:../Generated_Code/PE_LDD.c **** */
  72:../Generated_Code/PE_LDD.c **** LDD_TDeviceData *PE_LDD_DeviceDataList[25] = {
  73:../Generated_Code/PE_LDD.c ****     NULL,
  74:../Generated_Code/PE_LDD.c ****     NULL,
  75:../Generated_Code/PE_LDD.c ****     NULL,
  76:../Generated_Code/PE_LDD.c ****     NULL,
  77:../Generated_Code/PE_LDD.c ****     NULL,
  78:../Generated_Code/PE_LDD.c ****     NULL,
  79:../Generated_Code/PE_LDD.c ****     NULL,
  80:../Generated_Code/PE_LDD.c ****     NULL,
  81:../Generated_Code/PE_LDD.c ****     NULL,
  82:../Generated_Code/PE_LDD.c ****     NULL,
  83:../Generated_Code/PE_LDD.c ****     NULL,
  84:../Generated_Code/PE_LDD.c ****     NULL,
  85:../Generated_Code/PE_LDD.c ****     NULL,
  86:../Generated_Code/PE_LDD.c ****     NULL,
  87:../Generated_Code/PE_LDD.c ****     NULL,
  88:../Generated_Code/PE_LDD.c ****     NULL,
  89:../Generated_Code/PE_LDD.c ****     NULL,
  90:../Generated_Code/PE_LDD.c ****     NULL,
  91:../Generated_Code/PE_LDD.c ****     NULL,
  92:../Generated_Code/PE_LDD.c ****     NULL,
  93:../Generated_Code/PE_LDD.c ****     NULL,
  94:../Generated_Code/PE_LDD.c ****     NULL,
  95:../Generated_Code/PE_LDD.c ****     NULL,
  96:../Generated_Code/PE_LDD.c ****     NULL,
  97:../Generated_Code/PE_LDD.c ****     NULL
  98:../Generated_Code/PE_LDD.c ****   };
  99:../Generated_Code/PE_LDD.c **** 
 100:../Generated_Code/PE_LDD.c **** /*
 101:../Generated_Code/PE_LDD.c **** ** ===========================================================================
 102:../Generated_Code/PE_LDD.c **** ** The array of clock frequencies in configured clock configurations.
 103:../Generated_Code/PE_LDD.c **** ** ===========================================================================
 104:../Generated_Code/PE_LDD.c **** */
 105:../Generated_Code/PE_LDD.c **** /*! The array of clock configurations (frequencies) configured in configured clock configurations o
 106:../Generated_Code/PE_LDD.c **** const TCpuClockConfiguration PE_CpuClockConfigurations[CPU_CLOCK_CONFIG_NUMBER] = {
 107:../Generated_Code/PE_LDD.c ****   /* Clock configuration 0 */
 108:../Generated_Code/PE_LDD.c ****   {
 109:../Generated_Code/PE_LDD.c ****     CPU_CORE_CLK_HZ_CONFIG_0,          /*!< Core clock frequency in clock configuration 0 */
 110:../Generated_Code/PE_LDD.c ****     CPU_BUS_CLK_HZ_CONFIG_0,           /*!< Bus clock frequency in clock configuration 0 */
 111:../Generated_Code/PE_LDD.c ****     CPU_FLEXBUS_CLK_HZ_CONFIG_0,       /*!< Flexbus clock frequency in clock configuration 0 */
 112:../Generated_Code/PE_LDD.c ****     CPU_FLASH_CLK_HZ_CONFIG_0,         /*!< FLASH clock frequency in clock configuration 0 */
 113:../Generated_Code/PE_LDD.c ****     CPU_USB_CLK_HZ_CONFIG_0,           /*!< USB clock frequency in clock configuration 0 */
 114:../Generated_Code/PE_LDD.c ****     CPU_PLL_FLL_CLK_HZ_CONFIG_0,       /*!< PLL/FLL clock frequency in clock configuration 0 */
 115:../Generated_Code/PE_LDD.c ****     CPU_MCGIR_CLK_HZ_CONFIG_0,         /*!< MCG internal reference clock frequency in clock configu
 116:../Generated_Code/PE_LDD.c ****     CPU_OSCER_CLK_HZ_CONFIG_0,         /*!< System OSC external reference clock frequency in clock 
 117:../Generated_Code/PE_LDD.c ****     CPU_ERCLK32K_CLK_HZ_CONFIG_0,      /*!< External reference clock 32k frequency in clock configu
 118:../Generated_Code/PE_LDD.c ****     CPU_MCGFF_CLK_HZ_CONFIG_0          /*!< MCG fixed frequency clock */
 119:../Generated_Code/PE_LDD.c ****   }
 120:../Generated_Code/PE_LDD.c **** };
 121:../Generated_Code/PE_LDD.c **** 
 122:../Generated_Code/PE_LDD.c **** /*
 123:../Generated_Code/PE_LDD.c **** ** ===================================================================
 124:../Generated_Code/PE_LDD.c **** **     Method      :  Cpu_PE_FillMemory (component MK22FN1M0LK12)
 125:../Generated_Code/PE_LDD.c **** */
 126:../Generated_Code/PE_LDD.c **** /*!
 127:../Generated_Code/PE_LDD.c **** **     @brief
 128:../Generated_Code/PE_LDD.c **** **         Fills a memory area block by a specified value.
 129:../Generated_Code/PE_LDD.c **** **     @param
 130:../Generated_Code/PE_LDD.c **** **       SourceAddressPtr - Source address pointer.
 131:../Generated_Code/PE_LDD.c **** **     @param
 132:../Generated_Code/PE_LDD.c **** **       c - A value used to fill a memory block.
 133:../Generated_Code/PE_LDD.c **** **     @param
 134:../Generated_Code/PE_LDD.c **** **       len - Length of a memory block to fill.
 135:../Generated_Code/PE_LDD.c **** */
 136:../Generated_Code/PE_LDD.c **** /* ===================================================================*/
 137:../Generated_Code/PE_LDD.c **** void PE_FillMemory(register void* SourceAddressPtr, register uint8_t c, register uint32_t len)
 138:../Generated_Code/PE_LDD.c **** {
  69              		.loc 1 138 0
  70              		.cfi_startproc
  71              		@ args = 0, pretend = 0, frame = 0
  72              		@ frame_needed = 1, uses_anonymous_args = 0
  73              		@ link register save eliminated.
  74 0000 90B4     		push	{r4, r7}
  75              		.cfi_def_cfa_offset 8
  76              		.cfi_offset 4, -8
  77              		.cfi_offset 7, -4
  78 0002 00AF     		add	r7, sp, #0
  79              		.cfi_def_cfa_register 7
  80 0004 1346     		mov	r3, r2
 139:../Generated_Code/PE_LDD.c ****   register uint8_t *ptr = (uint8_t*)SourceAddressPtr;
  81              		.loc 1 139 0
  82 0006 0446     		mov	r4, r0
 140:../Generated_Code/PE_LDD.c **** 
 141:../Generated_Code/PE_LDD.c ****   if (len > 0U) {
  83              		.loc 1 141 0
  84 0008 002B     		cmp	r3, #0
  85 000a 08D0     		beq	.L1
 142:../Generated_Code/PE_LDD.c ****     while (len--) {
  86              		.loc 1 142 0
  87 000c 03E0     		b	.L3
  88              	.L4:
 143:../Generated_Code/PE_LDD.c ****       *ptr++ = c;
  89              		.loc 1 143 0
  90 000e 2246     		mov	r2, r4
  91 0010 541C     		adds	r4, r2, #1
  92 0012 0846     		mov	r0, r1
  93 0014 1070     		strb	r0, [r2]
  94              	.L3:
 142:../Generated_Code/PE_LDD.c ****     while (len--) {
  95              		.loc 1 142 0 discriminator 1
  96 0016 1A46     		mov	r2, r3
  97 0018 531E     		subs	r3, r2, #1
  98 001a 002A     		cmp	r2, #0
  99 001c F7D1     		bne	.L4
 100              	.L1:
 144:../Generated_Code/PE_LDD.c ****     }
 145:../Generated_Code/PE_LDD.c ****   }
 146:../Generated_Code/PE_LDD.c **** }
 101              		.loc 1 146 0
 102 001e BD46     		mov	sp, r7
 103              		@ sp needed
 104 0020 90BC     		pop	{r4, r7}
 105 0022 7047     		bx	lr
 106              		.cfi_endproc
 107              	.LFE0:
 109              		.section	.text.PE_PeripheralUsed,"ax",%progbits
 110              		.align	2
 111              		.global	PE_PeripheralUsed
 112              		.thumb
 113              		.thumb_func
 115              	PE_PeripheralUsed:
 116              	.LFB1:
 147:../Generated_Code/PE_LDD.c **** 
 148:../Generated_Code/PE_LDD.c **** /*
 149:../Generated_Code/PE_LDD.c **** ** ===================================================================
 150:../Generated_Code/PE_LDD.c **** **     Method      :  Cpu_PE_PeripheralUsed (component MK22FN1M0LK12)
 151:../Generated_Code/PE_LDD.c **** */
 152:../Generated_Code/PE_LDD.c **** /*!
 153:../Generated_Code/PE_LDD.c **** **     @brief
 154:../Generated_Code/PE_LDD.c **** **         Returns information whether a peripheral is allocated by PEx 
 155:../Generated_Code/PE_LDD.c **** **         or not.
 156:../Generated_Code/PE_LDD.c **** **     @param
 157:../Generated_Code/PE_LDD.c **** **       PrphBaseAddress - Base address of a peripheral.
 158:../Generated_Code/PE_LDD.c **** **     @return
 159:../Generated_Code/PE_LDD.c **** **       TRUE if a peripheral is used by PEx or FALSE if it isn't used.
 160:../Generated_Code/PE_LDD.c **** */
 161:../Generated_Code/PE_LDD.c **** /* ===================================================================*/
 162:../Generated_Code/PE_LDD.c **** bool PE_PeripheralUsed(uint32_t PrphBaseAddress)
 163:../Generated_Code/PE_LDD.c **** {
 117              		.loc 1 163 0
 118              		.cfi_startproc
 119              		@ args = 0, pretend = 0, frame = 16
 120              		@ frame_needed = 1, uses_anonymous_args = 0
 121              		@ link register save eliminated.
 122 0000 80B4     		push	{r7}
 123              		.cfi_def_cfa_offset 4
 124              		.cfi_offset 7, -4
 125 0002 85B0     		sub	sp, sp, #20
 126              		.cfi_def_cfa_offset 24
 127 0004 00AF     		add	r7, sp, #0
 128              		.cfi_def_cfa_register 7
 129 0006 7860     		str	r0, [r7, #4]
 164:../Generated_Code/PE_LDD.c ****   bool result = FALSE;
 130              		.loc 1 164 0
 131 0008 0023     		movs	r3, #0
 132 000a FB73     		strb	r3, [r7, #15]
 165:../Generated_Code/PE_LDD.c **** 
 166:../Generated_Code/PE_LDD.c ****   switch (PrphBaseAddress) {
 133              		.loc 1 166 0
 134 000c 7B68     		ldr	r3, [r7, #4]
 135 000e 154A     		ldr	r2, .L12
 136 0010 9342     		cmp	r3, r2
 137 0012 1DD0     		beq	.L7
 138 0014 134A     		ldr	r2, .L12
 139 0016 9342     		cmp	r3, r2
 140 0018 09D8     		bhi	.L8
 141 001a 134A     		ldr	r2, .L12+4
 142 001c 9342     		cmp	r3, r2
 143 001e 17D0     		beq	.L7
 144 0020 124A     		ldr	r2, .L12+8
 145 0022 9342     		cmp	r3, r2
 146 0024 14D0     		beq	.L7
 147 0026 124A     		ldr	r2, .L12+12
 148 0028 9342     		cmp	r3, r2
 149 002a 11D0     		beq	.L7
 167:../Generated_Code/PE_LDD.c ****     /* Base address allocated by peripheral(s) PTD */
 168:../Generated_Code/PE_LDD.c ****     case 0x400FF0C0UL:
 169:../Generated_Code/PE_LDD.c ****     /* Base address allocated by peripheral(s) PTA */
 170:../Generated_Code/PE_LDD.c ****     case 0x400FF000UL:
 171:../Generated_Code/PE_LDD.c ****     /* Base address allocated by peripheral(s) PTC */
 172:../Generated_Code/PE_LDD.c ****     case 0x400FF080UL:
 173:../Generated_Code/PE_LDD.c ****     /* Base address allocated by peripheral(s) FTM2 */
 174:../Generated_Code/PE_LDD.c ****     case 0x400B8000UL:
 175:../Generated_Code/PE_LDD.c ****     /* Base address allocated by peripheral(s) FTM0 */
 176:../Generated_Code/PE_LDD.c ****     case 0x40038000UL:
 177:../Generated_Code/PE_LDD.c ****     /* Base address allocated by peripheral(s) PIT */
 178:../Generated_Code/PE_LDD.c ****     case 0x40037000UL:
 179:../Generated_Code/PE_LDD.c ****     /* Base address allocated by peripheral(s) FTFE */
 180:../Generated_Code/PE_LDD.c ****     case 0x40020000UL:
 181:../Generated_Code/PE_LDD.c ****     /* Base address allocated by peripheral(s) ADC1 */
 182:../Generated_Code/PE_LDD.c ****     case 0x400BB000UL:
 183:../Generated_Code/PE_LDD.c ****       result = TRUE;
 184:../Generated_Code/PE_LDD.c ****       break;
 185:../Generated_Code/PE_LDD.c ****     default:
 186:../Generated_Code/PE_LDD.c ****       break;
 150              		.loc 1 186 0
 151 002c 13E0     		b	.L10
 152              	.L8:
 166:../Generated_Code/PE_LDD.c ****   switch (PrphBaseAddress) {
 153              		.loc 1 166 0
 154 002e 114A     		ldr	r2, .L12+16
 155 0030 9342     		cmp	r3, r2
 156 0032 0DD0     		beq	.L7
 157 0034 0F4A     		ldr	r2, .L12+16
 158 0036 9342     		cmp	r3, r2
 159 0038 03D8     		bhi	.L9
 160 003a 0F4A     		ldr	r2, .L12+20
 161 003c 9342     		cmp	r3, r2
 162 003e 07D0     		beq	.L7
 163              		.loc 1 186 0
 164 0040 09E0     		b	.L10
 165              	.L9:
 166:../Generated_Code/PE_LDD.c ****   switch (PrphBaseAddress) {
 166              		.loc 1 166 0
 167 0042 0E4A     		ldr	r2, .L12+24
 168 0044 9342     		cmp	r3, r2
 169 0046 03D0     		beq	.L7
 170 0048 0D4A     		ldr	r2, .L12+28
 171 004a 9342     		cmp	r3, r2
 172 004c 00D0     		beq	.L7
 173              		.loc 1 186 0
 174 004e 02E0     		b	.L10
 175              	.L7:
 183:../Generated_Code/PE_LDD.c ****       result = TRUE;
 176              		.loc 1 183 0
 177 0050 0123     		movs	r3, #1
 178 0052 FB73     		strb	r3, [r7, #15]
 184:../Generated_Code/PE_LDD.c ****       break;
 179              		.loc 1 184 0
 180 0054 00BF     		nop
 181              	.L10:
 187:../Generated_Code/PE_LDD.c ****   }
 188:../Generated_Code/PE_LDD.c ****   return result;
 182              		.loc 1 188 0
 183 0056 FB7B     		ldrb	r3, [r7, #15]	@ zero_extendqisi2
 189:../Generated_Code/PE_LDD.c **** }
 184              		.loc 1 189 0
 185 0058 1846     		mov	r0, r3
 186 005a 1437     		adds	r7, r7, #20
 187 005c BD46     		mov	sp, r7
 188              		@ sp needed
 189 005e 5DF8047B 		ldr	r7, [sp], #4
 190 0062 7047     		bx	lr
 191              	.L13:
 192              		.align	2
 193              	.L12:
 194 0064 00800B40 		.word	1074495488
 195 0068 00700340 		.word	1073967104
 196 006c 00800340 		.word	1073971200
 197 0070 00000240 		.word	1073872896
 198 0074 00F00F40 		.word	1074786304
 199 0078 00B00B40 		.word	1074507776
 200 007c 80F00F40 		.word	1074786432
 201 0080 C0F00F40 		.word	1074786496
 202              		.cfi_endproc
 203              	.LFE1:
 205              		.section	.text.LDD_SetClockConfiguration,"ax",%progbits
 206              		.align	2
 207              		.global	LDD_SetClockConfiguration
 208              		.thumb
 209              		.thumb_func
 211              	LDD_SetClockConfiguration:
 212              	.LFB2:
 190:../Generated_Code/PE_LDD.c **** 
 191:../Generated_Code/PE_LDD.c **** /*
 192:../Generated_Code/PE_LDD.c **** ** ===================================================================
 193:../Generated_Code/PE_LDD.c **** **     Method      :  Cpu_LDD_SetClockConfiguration (component MK22FN1M0LK12)
 194:../Generated_Code/PE_LDD.c **** */
 195:../Generated_Code/PE_LDD.c **** /*!
 196:../Generated_Code/PE_LDD.c **** **     @brief
 197:../Generated_Code/PE_LDD.c **** **         Changes the clock configuration of all LDD components in a 
 198:../Generated_Code/PE_LDD.c **** **         project.
 199:../Generated_Code/PE_LDD.c **** **     @param
 200:../Generated_Code/PE_LDD.c **** **       ClockConfiguration - New CPU clock configuration changed by CPU SetClockConfiguration meth
 201:../Generated_Code/PE_LDD.c **** */
 202:../Generated_Code/PE_LDD.c **** /* ===================================================================*/
 203:../Generated_Code/PE_LDD.c **** void LDD_SetClockConfiguration(LDD_TClockConfiguration ClockConfiguration)
 204:../Generated_Code/PE_LDD.c **** {
 213              		.loc 1 204 0
 214              		.cfi_startproc
 215              		@ args = 0, pretend = 0, frame = 8
 216              		@ frame_needed = 1, uses_anonymous_args = 0
 217              		@ link register save eliminated.
 218 0000 80B4     		push	{r7}
 219              		.cfi_def_cfa_offset 4
 220              		.cfi_offset 7, -4
 221 0002 83B0     		sub	sp, sp, #12
 222              		.cfi_def_cfa_offset 16
 223 0004 00AF     		add	r7, sp, #0
 224              		.cfi_def_cfa_register 7
 225 0006 0346     		mov	r3, r0
 226 0008 FB71     		strb	r3, [r7, #7]
 205:../Generated_Code/PE_LDD.c ****   (void)ClockConfiguration;            /*!< Parameter is not used, suppress unused argument warning
 206:../Generated_Code/PE_LDD.c ****   /* Just one clock configuration defined in CPU component. */
 207:../Generated_Code/PE_LDD.c **** }
 227              		.loc 1 207 0
 228 000a 0C37     		adds	r7, r7, #12
 229 000c BD46     		mov	sp, r7
 230              		@ sp needed
 231 000e 5DF8047B 		ldr	r7, [sp], #4
 232 0012 7047     		bx	lr
 233              		.cfi_endproc
 234              	.LFE2:
 236              		.text
 237              	.Letext0:
 238              		.file 2 "c:\\freescale\\kds_v3\\toolchain\\arm-none-eabi\\include\\machine\\_default_types.h"
 239              		.file 3 "c:\\freescale\\kds_v3\\toolchain\\arm-none-eabi\\include\\stdint.h"
 240              		.file 4 "../Generated_Code/PE_Types.h"
 241              		.file 5 "../Generated_Code/Cpu.h"
 242              		.file 6 "../Generated_Code/TmDt1.h"
DEFINED SYMBOLS
                            *ABS*:00000000 PE_LDD.c
C:\Users\Aron\AppData\Local\Temp\ccocYWm4.s:21     .rodata.TmDt1_DefaultTime:00000000 $d
C:\Users\Aron\AppData\Local\Temp\ccocYWm4.s:24     .rodata.TmDt1_DefaultTime:00000000 TmDt1_DefaultTime
C:\Users\Aron\AppData\Local\Temp\ccocYWm4.s:30     .rodata.TmDt1_DefaultDate:00000000 $d
C:\Users\Aron\AppData\Local\Temp\ccocYWm4.s:33     .rodata.TmDt1_DefaultDate:00000000 TmDt1_DefaultDate
C:\Users\Aron\AppData\Local\Temp\ccocYWm4.s:42     .bss.PE_LDD_DeviceDataList:00000000 PE_LDD_DeviceDataList
C:\Users\Aron\AppData\Local\Temp\ccocYWm4.s:39     .bss.PE_LDD_DeviceDataList:00000000 $d
C:\Users\Aron\AppData\Local\Temp\ccocYWm4.s:49     .rodata.PE_CpuClockConfigurations:00000000 PE_CpuClockConfigurations
C:\Users\Aron\AppData\Local\Temp\ccocYWm4.s:46     .rodata.PE_CpuClockConfigurations:00000000 $d
C:\Users\Aron\AppData\Local\Temp\ccocYWm4.s:61     .text.PE_FillMemory:00000000 $t
C:\Users\Aron\AppData\Local\Temp\ccocYWm4.s:66     .text.PE_FillMemory:00000000 PE_FillMemory
C:\Users\Aron\AppData\Local\Temp\ccocYWm4.s:110    .text.PE_PeripheralUsed:00000000 $t
C:\Users\Aron\AppData\Local\Temp\ccocYWm4.s:115    .text.PE_PeripheralUsed:00000000 PE_PeripheralUsed
C:\Users\Aron\AppData\Local\Temp\ccocYWm4.s:194    .text.PE_PeripheralUsed:00000064 $d
C:\Users\Aron\AppData\Local\Temp\ccocYWm4.s:206    .text.LDD_SetClockConfiguration:00000000 $t
C:\Users\Aron\AppData\Local\Temp\ccocYWm4.s:211    .text.LDD_SetClockConfiguration:00000000 LDD_SetClockConfiguration
                     .debug_frame:00000010 $d
                           .group:00000000 wm4.0.22dcf9ce9babd46e5ea858ea4400d115
                           .group:00000000 wm4.features.h.22.6a4ca7cd053637cc1d0db6c16f39b2d7
                           .group:00000000 wm4._default_types.h.15.8b2cb27e528498f8ff711db085d6e489
                           .group:00000000 wm4.stdint.h.20.796e373797e732130a803d4c0338fa1b
                           .group:00000000 wm4.PE_Types.h.68.de7a315b6e4c635a9a7a45ae6ec20b08
                           .group:00000000 wm4.PE_Error.h.60.6ccf96637e85421388d147a5dcbc3621
                           .group:00000000 wm4.PE_Const.h.60.44eca2ca2a72148441f11b3e43b344a9
                           .group:00000000 wm4.MCUC1config.h.9.0bb8fec22d828f19e34a4cdf9951d555
                           .group:00000000 wm4.MK22F12.h.59.83dcc0895f45d7d67f2182a38aa7f04f
                           .group:00000000 wm4.Cpu.h.66.9574a96471c5a4e92ddf5418cbdcf9a5
                           .group:00000000 wm4.CLS1config.h.2.854bb35357facad932898800d8509913
                           .group:00000000 wm4.CLS1.h.122.6dfe00e3ccac8c27c20e405bc6b8e609
                           .group:00000000 wm4.WAIT1config.h.9.10dc563fdcbcf1b71ae6cd3c0d22fd32
                           .group:00000000 wm4.WAIT1.h.93.af9b975f9a6d5eb80ff72ca188861d18
                           .group:00000000 wm4.newlib.h.8.fec018e441fee7bfa1923812ad010f97
                           .group:00000000 wm4.config.h.212.4163ef2871a828c674038d036b081cfd
                           .group:00000000 wm4._ansi.h.23.2147fde150631f5584b9dc29b914d1b8
                           .group:00000000 wm4.stddef.h.39.daafd3d79fe2f3a84d2d73d7d4e706f8
                           .group:00000000 wm4.lock.h.2.9bc98482741e5e2a9450b12934a684ea
                           .group:00000000 wm4._types.h.54.d3d34a3b7f3cc230cd159baf022b4b08
                           .group:00000000 wm4.stddef.h.158.61317cdbfb4026324507d123a50b0fd6
                           .group:00000000 wm4.reent.h.17.8bd9e4098e0428508c282cad794fae43
                           .group:00000000 wm4.cdefs.h.56.a2d04de9d47039852021e66fca39bb58
                           .group:00000000 wm4.string.h.15.dab3980bf35408a4c507182805e2de3a
                           .group:00000000 wm4.stddef.h.158.a7efb00f6cbc6f43213b50e183c9830c
                           .group:00000000 wm4.UTIL1.h.779.3f4da336bf693064cf78522cb140d5f7
                           .group:00000000 wm4.XF1config.h.2.019525ef4bf64d9e3cd792a651ed2fc0
                           .group:00000000 wm4.stdarg.h.31.72c3aa8d68b291953fa52b9471bcdff7
                           .group:00000000 wm4.CS1config.h.2.e5153cf58e5fe0ee6ea0dc776d94aafd
                           .group:00000000 wm4.CS1.h.86.71773cc9f7a1189b60d5af00334fca8e
                           .group:00000000 wm4.CLS1.h.172.83b9daee286b58c7d453522f7dba0b4f
                           .group:00000000 wm4.HF1config.h.2.9ac2f63384419afc90014cf0377b0f43
                           .group:00000000 wm4.KIN1config.h.9.ab40a5871d92daf91163fbd666cce881
                           .group:00000000 wm4.KIN1.h.91.3d4462c05cb3114f21995efcad73491e
                           .group:00000000 wm4.PDD_Types.h.5.e0b4125fe5201c5e1f688b067f4f0d54
                           .group:00000000 wm4.GPIO_PDD.h.123.0d360e6978ec29f76970d5d88d4be5fd
                           .group:00000000 wm4.BitIoLdd1.h.106.6aefd12cf122f858b9a6e67e04698df3
                           .group:00000000 wm4.LEDPin1.h.120.0f7601ad191d04c80fd3ddb71251d171
                           .group:00000000 wm4.BitIoLdd2.h.84.64d657f533e4e051bbc2978dd6e2235b
                           .group:00000000 wm4.LEDPin2.h.120.c2ee03db2e7e458899a79b5e691b310f
                           .group:00000000 wm4.BitIoLdd3.h.80.f05901605addf9f16fd809d9e28a4caf
                           .group:00000000 wm4.BitIoLdd4.h.84.7eb71e610568b023506a69afad8f09fd
                           .group:00000000 wm4.BUZ1.h.120.8e6c531384bea9e8ca2bbc8bc2d3ddfa
                           .group:00000000 wm4.RTT1config.h.9.558b8e72f87fd463160ae39e042c41f1
                           .group:00000000 wm4.SEGGER_RTT_Conf.h.68.24b18c92ee0ed50596d5a2ac2446e1f3
                           .group:00000000 wm4.SEGGER_RTT.h.170.7440a65c6e414fb2a8040073a0d6a958
                           .group:00000000 wm4.RTT1.h.115.43f0ed708a6264c94c5a08549cc1736d
                           .group:00000000 wm4.BitIoLdd5.h.83.06666aca4789003a87ddf4a1c03c30bb
                           .group:00000000 wm4.LEDpin3.h.119.c8dbb0df9eaea76eb8c772f8b6a93b9e
                           .group:00000000 wm4.LED_IR.h.89.bb1bda720ff4993422313b57362152b8
                           .group:00000000 wm4.FTM_PDD.h.9.4bf67b81fa923530600b2f7d82fb2c82
                           .group:00000000 wm4.RefCnt.h.119.51c58ca380cb781004d49e143bcf25ce
                           .group:00000000 wm4.BitIoLdd6.h.86.8c3db6ace448db0460b7b918d55b052f
                           .group:00000000 wm4.IR1.h.115.7ad95a1efdb73410d85da1efd9af50ec
                           .group:00000000 wm4.BitIoLdd7.h.86.1aca84bdbe0d0f3eb31633a0dd178595
                           .group:00000000 wm4.IR2.h.115.4c52749d4740eb1eb024d7b73d3ae164
                           .group:00000000 wm4.BitIoLdd8.h.86.3f05f0deda60864e24298fccd4f84847
                           .group:00000000 wm4.IR3.h.115.487f3b2e89cbf00a9b70404b3ff28538
                           .group:00000000 wm4.BitIoLdd9.h.86.193660535d8a583368f21e5788049bc2
                           .group:00000000 wm4.IR4.h.115.43d770b35540c7b4c57f8578a4ac4859
                           .group:00000000 wm4.BitIoLdd10.h.86.0a65f301f331cf043a491a1d5af49375
                           .group:00000000 wm4.IR5.h.115.5fa5d4527eda62e01e2eb48ec2474852
                           .group:00000000 wm4.BitIoLdd11.h.86.118e31cee7bf502dc8f630e7613f28ff
                           .group:00000000 wm4.IR6.h.115.844e1ca32815ba11d89c1a6d4994d491
                           .group:00000000 wm4.BitIoLdd16.h.80.553771aed0ac977680127199a53411c3
                           .group:00000000 wm4.BitIoLdd17.h.80.4955ec09d8ba6218b2155bd2806c47ef
                           .group:00000000 wm4.Q4CLeft.h.95.e8e289488260c59685bbedea33440786
                           .group:00000000 wm4.BitIoLdd18.h.80.9bd8c96d631c658197bd9f5a96217378
                           .group:00000000 wm4.BitIoLdd19.h.80.3e408b47d901a6602b2ffb435d1bed45
                           .group:00000000 wm4.Q4CRight.h.95.2dcac9bda47be73a4c2f58b434332738
                           .group:00000000 wm4.MOTTU.h.132.efbe072b278d4563486200c24bc4d8f2
                           .group:00000000 wm4.BitIoLdd12.h.83.89ad729bdc6bcdd64dbdba0a7a785f29
                           .group:00000000 wm4.DIRL.h.119.0ba0dba920116942c24256eef94918d6
                           .group:00000000 wm4.PwmLdd2.h.98.bc83a6167704a236eb65a91868225596
                           .group:00000000 wm4.PWMR.h.104.1676261867e53519aacdeb0fe42a5e28
                           .group:00000000 wm4.BitIoLdd13.h.83.b3e4843c66f80c7b9f602fbe583579ff
                           .group:00000000 wm4.DIRR.h.119.3819064066d96bdb639e5fdeb31268a4
                           .group:00000000 wm4.PwmLdd3.h.98.4e755c5cacda2ff1bc644a2d16364051
                           .group:00000000 wm4.PWML.h.104.39854974e902631947e808c7b34a4660
                           .group:00000000 wm4.PIT_PDD.h.9.7be1c07eaee825acab7b9ea5f7bf2d60
                           .group:00000000 wm4.TU_QuadInt.h.119.c95e3fe39b4be442ba105baa4ac336a5
                           .group:00000000 wm4.TimerIntLdd2.h.115.d2bfa8e5c6927b3e9f2311b6b5c7077a
                           .group:00000000 wm4.TMOUT1.h.87.b6e8a0bc76f5ddb6885fb8160d83a276
                           .group:00000000 wm4.CDC1config.h.2.2be1a589b954aa914c1902ad9ba021c3
                           .group:00000000 wm4.Rx1config.h.2.c30e4a0e45f6e807cce9dde5ea425cff
                           .group:00000000 wm4.Tx1config.h.2.d91879c115169a321839683317c9c920
                           .group:00000000 wm4.CDC1.h.124.b4a2251cc75154da6719786102b54d8a
                           .group:00000000 wm4.USB1.h.87.d7dd529d6ff87e63a83403004f604115
                           .group:00000000 wm4.FTFE_PDD.h.9.40d68fd77e239c683ea3840917fd4e47
                           .group:00000000 wm4.FMC_PDD.h.9.181464bd332af8d36f15c072c1936de8
                           .group:00000000 wm4.IntFlashLdd1.h.119.6ef6fcca95541f24b629003abfa3038e
                           .group:00000000 wm4.IFsh1.h.121.c87d7033c18812659e3ae9b3118ceeb7
                           .group:00000000 wm4.USB0.h.229.b789068b5a727688d0846632d913cfef
                           .group:00000000 wm4.ADC_PDD.h.9.df8c50f584de4b57c0a352475fa7e81c
                           .group:00000000 wm4.ADC_Bat.h.137.a84b4e3a144db38a435c2634c7d72458
                           .group:00000000 wm4.TmDt1.h.123.693fa6f195c7fc631f6dcf3a45c64eb4

NO UNDEFINED SYMBOLS
