   1              		.syntax unified
   2              		.cpu cortex-m4
   3              		.eabi_attribute 27, 3
   4              		.eabi_attribute 28, 1
   5              		.fpu fpv4-sp-d16
   6              		.eabi_attribute 20, 1
   7              		.eabi_attribute 21, 1
   8              		.eabi_attribute 23, 3
   9              		.eabi_attribute 24, 1
  10              		.eabi_attribute 25, 1
  11              		.eabi_attribute 26, 1
  12              		.eabi_attribute 30, 6
  13              		.eabi_attribute 34, 1
  14              		.eabi_attribute 18, 4
  15              		.thumb
  16              		.file	"TMOUT1.c"
  17              		.text
  18              	.Ltext0:
  19              		.cfi_sections	.debug_frame
  20              		.section	.bss.TMOUT1_Counters,"aw",%nobits
  21              		.align	2
  24              	TMOUT1_Counters:
  25 0000 00000000 		.space	12
  25      00000000 
  25      00000000 
  26              		.section	.bss.TMOUT1_FreeCounters,"aw",%nobits
  27              		.align	2
  30              	TMOUT1_FreeCounters:
  31 0000 000000   		.space	3
  32 0003 00       		.section	.text.TMOUT1_GetCounter,"ax",%progbits
  33              		.align	2
  34              		.global	TMOUT1_GetCounter
  35              		.thumb
  36              		.thumb_func
  38              	TMOUT1_GetCounter:
  39              	.LFB0:
  40              		.file 1 "../Generated_Code/TMOUT1.c"
   1:../Generated_Code/TMOUT1.c **** /* ###################################################################
   2:../Generated_Code/TMOUT1.c **** **     This component module is generated by Processor Expert. Do not modify it.
   3:../Generated_Code/TMOUT1.c **** **     Filename    : TMOUT1.c
   4:../Generated_Code/TMOUT1.c **** **     Project     : TEAM_Robot
   5:../Generated_Code/TMOUT1.c **** **     Processor   : MK22FX512VLK12
   6:../Generated_Code/TMOUT1.c **** **     Component   : Timeout
   7:../Generated_Code/TMOUT1.c **** **     Version     : Component 01.037, Driver 01.00, CPU db: 3.00.000
   8:../Generated_Code/TMOUT1.c **** **     Repository  : My Components
   9:../Generated_Code/TMOUT1.c **** **     Compiler    : GNU C Compiler
  10:../Generated_Code/TMOUT1.c **** **     Date/Time   : 2018-09-28, 15:03, # CodeGen: 0
  11:../Generated_Code/TMOUT1.c **** **     Abstract    :
  12:../Generated_Code/TMOUT1.c **** **
  13:../Generated_Code/TMOUT1.c **** The module implements timeout functionality. With this implementation,
  14:../Generated_Code/TMOUT1.c **** it is possible to wait for a given time, and the time is counted by
  15:../Generated_Code/TMOUT1.c **** a periodic interrupt.
  16:../Generated_Code/TMOUT1.c **** **     Settings    :
  17:../Generated_Code/TMOUT1.c **** **          Component name                                 : TMOUT1
  18:../Generated_Code/TMOUT1.c **** **          SDK                                            : MCUC1
  19:../Generated_Code/TMOUT1.c **** **          Critical Section                               : CS1
  20:../Generated_Code/TMOUT1.c **** **          Maximum counters                               : 3
  21:../Generated_Code/TMOUT1.c **** **          Counter tick period (ms)                       : 10
  22:../Generated_Code/TMOUT1.c **** **          RTOS                                           : Disabled
  23:../Generated_Code/TMOUT1.c **** **     Contents    :
  24:../Generated_Code/TMOUT1.c **** **         GetCounter     - TMOUT1_CounterHandle TMOUT1_GetCounter(TMOUT1_CounterType nofTicks);
  25:../Generated_Code/TMOUT1.c **** **         LeaveCounter   - void TMOUT1_LeaveCounter(TMOUT1_CounterHandle handle);
  26:../Generated_Code/TMOUT1.c **** **         Value          - TMOUT1_CounterType TMOUT1_Value(TMOUT1_CounterHandle handle);
  27:../Generated_Code/TMOUT1.c **** **         SetCounter     - TMOUT1_CounterType TMOUT1_SetCounter(TMOUT1_CounterHandle handle,...
  28:../Generated_Code/TMOUT1.c **** **         CounterExpired - bool TMOUT1_CounterExpired(TMOUT1_CounterHandle handle);
  29:../Generated_Code/TMOUT1.c **** **         AddTick        - void TMOUT1_AddTick(void);
  30:../Generated_Code/TMOUT1.c **** **         Init           - void TMOUT1_Init(void);
  31:../Generated_Code/TMOUT1.c **** **
  32:../Generated_Code/TMOUT1.c **** **     * Copyright (c) 2011-2016, Erich Styger
  33:../Generated_Code/TMOUT1.c **** **      * Web:         https://mcuoneclipse.com
  34:../Generated_Code/TMOUT1.c **** **      * SourceForge: https://sourceforge.net/projects/mcuoneclipse
  35:../Generated_Code/TMOUT1.c **** **      * Git:         https://github.com/ErichStyger/McuOnEclipse_PEx
  36:../Generated_Code/TMOUT1.c **** **      * All rights reserved.
  37:../Generated_Code/TMOUT1.c **** **      *
  38:../Generated_Code/TMOUT1.c **** **      * Redistribution and use in source and binary forms, with or without modification,
  39:../Generated_Code/TMOUT1.c **** **      * are permitted provided that the following conditions are met:
  40:../Generated_Code/TMOUT1.c **** **      *
  41:../Generated_Code/TMOUT1.c **** **      * - Redistributions of source code must retain the above copyright notice, this list
  42:../Generated_Code/TMOUT1.c **** **      *   of conditions and the following disclaimer.
  43:../Generated_Code/TMOUT1.c **** **      *
  44:../Generated_Code/TMOUT1.c **** **      * - Redistributions in binary form must reproduce the above copyright notice, this
  45:../Generated_Code/TMOUT1.c **** **      *   list of conditions and the following disclaimer in the documentation and/or
  46:../Generated_Code/TMOUT1.c **** **      *   other materials provided with the distribution.
  47:../Generated_Code/TMOUT1.c **** **      *
  48:../Generated_Code/TMOUT1.c **** **      * THIS SOFTWARE IS PROVIDED BY THE COPYRIGHT HOLDERS AND CONTRIBUTORS "AS IS" AND
  49:../Generated_Code/TMOUT1.c **** **      * ANY EXPRESS OR IMPLIED WARRANTIES, INCLUDING, BUT NOT LIMITED TO, THE IMPLIED
  50:../Generated_Code/TMOUT1.c **** **      * WARRANTIES OF MERCHANTABILITY AND FITNESS FOR A PARTICULAR PURPOSE ARE
  51:../Generated_Code/TMOUT1.c **** **      * DISCLAIMED. IN NO EVENT SHALL THE COPYRIGHT HOLDER OR CONTRIBUTORS BE LIABLE FOR
  52:../Generated_Code/TMOUT1.c **** **      * ANY DIRECT, INDIRECT, INCIDENTAL, SPECIAL, EXEMPLARY, OR CONSEQUENTIAL DAMAGES
  53:../Generated_Code/TMOUT1.c **** **      * (INCLUDING, BUT NOT LIMITED TO, PROCUREMENT OF SUBSTITUTE GOODS OR SERVICES;
  54:../Generated_Code/TMOUT1.c **** **      * LOSS OF USE, DATA, OR PROFITS; OR BUSINESS INTERRUPTION) HOWEVER CAUSED AND ON
  55:../Generated_Code/TMOUT1.c **** **      * ANY THEORY OF LIABILITY, WHETHER IN CONTRACT, STRICT LIABILITY, OR TORT
  56:../Generated_Code/TMOUT1.c **** **      * (INCLUDING NEGLIGENCE OR OTHERWISE) ARISING IN ANY WAY OUT OF THE USE OF THIS
  57:../Generated_Code/TMOUT1.c **** **      * SOFTWARE, EVEN IF ADVISED OF THE POSSIBILITY OF SUCH DAMAGE.
  58:../Generated_Code/TMOUT1.c **** ** ###################################################################*/
  59:../Generated_Code/TMOUT1.c **** /*!
  60:../Generated_Code/TMOUT1.c **** ** @file TMOUT1.c
  61:../Generated_Code/TMOUT1.c **** ** @version 01.00
  62:../Generated_Code/TMOUT1.c **** ** @brief
  63:../Generated_Code/TMOUT1.c **** **
  64:../Generated_Code/TMOUT1.c **** The module implements timeout functionality. With this implementation,
  65:../Generated_Code/TMOUT1.c **** it is possible to wait for a given time, and the time is counted by
  66:../Generated_Code/TMOUT1.c **** a periodic interrupt.
  67:../Generated_Code/TMOUT1.c **** */         
  68:../Generated_Code/TMOUT1.c **** /*!
  69:../Generated_Code/TMOUT1.c **** **  @addtogroup TMOUT1_module TMOUT1 module documentation
  70:../Generated_Code/TMOUT1.c **** **  @{
  71:../Generated_Code/TMOUT1.c **** */         
  72:../Generated_Code/TMOUT1.c **** 
  73:../Generated_Code/TMOUT1.c **** /* MODULE TMOUT1. */
  74:../Generated_Code/TMOUT1.c **** 
  75:../Generated_Code/TMOUT1.c **** #include "TMOUT1.h"
  76:../Generated_Code/TMOUT1.c **** 
  77:../Generated_Code/TMOUT1.c **** #define TMOUT1_NOF_COUNTERS  3         /* number of timeout counters available */
  78:../Generated_Code/TMOUT1.c **** 
  79:../Generated_Code/TMOUT1.c **** static TMOUT1_CounterType TMOUT1_Counters[TMOUT1_NOF_COUNTERS]; /* array of timeout counters */
  80:../Generated_Code/TMOUT1.c **** static bool TMOUT1_FreeCounters[TMOUT1_NOF_COUNTERS]; /* array to indicate which counters are free 
  81:../Generated_Code/TMOUT1.c **** 
  82:../Generated_Code/TMOUT1.c **** /*
  83:../Generated_Code/TMOUT1.c **** ** ===================================================================
  84:../Generated_Code/TMOUT1.c **** **     Method      :  TMOUT1_GetCounter (component Timeout)
  85:../Generated_Code/TMOUT1.c **** **     Description :
  86:../Generated_Code/TMOUT1.c **** **         Initializes a new timeout counter and returns the handle to
  87:../Generated_Code/TMOUT1.c **** **         it. At the end, use LeaveCounter() to free up the resource.
  88:../Generated_Code/TMOUT1.c **** **     Parameters  :
  89:../Generated_Code/TMOUT1.c **** **         NAME            - DESCRIPTION
  90:../Generated_Code/TMOUT1.c **** **         nofTicks        - Number of ticks for the counter
  91:../Generated_Code/TMOUT1.c **** **                           until it expires.
  92:../Generated_Code/TMOUT1.c **** **     Returns     :
  93:../Generated_Code/TMOUT1.c **** **         ---             - Handle to the counter, to be used for
  94:../Generated_Code/TMOUT1.c **** **                           further API calls.
  95:../Generated_Code/TMOUT1.c **** ** ===================================================================
  96:../Generated_Code/TMOUT1.c **** */
  97:../Generated_Code/TMOUT1.c **** TMOUT1_CounterHandle TMOUT1_GetCounter(TMOUT1_CounterType nofTicks)
  98:../Generated_Code/TMOUT1.c **** {
  41              		.loc 1 98 0
  42              		.cfi_startproc
  43              		@ args = 0, pretend = 0, frame = 16
  44              		@ frame_needed = 1, uses_anonymous_args = 0
  45              		@ link register save eliminated.
  46 0000 80B4     		push	{r7}
  47              		.cfi_def_cfa_offset 4
  48              		.cfi_offset 7, -4
  49 0002 85B0     		sub	sp, sp, #20
  50              		.cfi_def_cfa_offset 24
  51 0004 00AF     		add	r7, sp, #0
  52              		.cfi_def_cfa_register 7
  53 0006 7860     		str	r0, [r7, #4]
  99:../Generated_Code/TMOUT1.c ****   TMOUT1_CounterHandle handle;
 100:../Generated_Code/TMOUT1.c ****   CS1_CriticalVariable();
 101:../Generated_Code/TMOUT1.c **** 
 102:../Generated_Code/TMOUT1.c ****   handle = 0;
  54              		.loc 1 102 0
  55 0008 0023     		movs	r3, #0
  56 000a FB73     		strb	r3, [r7, #15]
 103:../Generated_Code/TMOUT1.c ****   if (nofTicks==0) {
  57              		.loc 1 103 0
  58 000c 7B68     		ldr	r3, [r7, #4]
  59 000e 002B     		cmp	r3, #0
  60 0010 01D1     		bne	.L2
 104:../Generated_Code/TMOUT1.c ****     nofTicks = 1; /* wait at least for one tick, otherwise will timeout immediately */
  61              		.loc 1 104 0
  62 0012 0123     		movs	r3, #1
  63 0014 7B60     		str	r3, [r7, #4]
  64              	.L2:
 105:../Generated_Code/TMOUT1.c ****   }
 106:../Generated_Code/TMOUT1.c ****   CS1_EnterCritical();
  65              		.loc 1 106 0
  66              	@ 106 "../Generated_Code/TMOUT1.c" 1
  67 0016 EFF31080 		mrs   r0, PRIMASK     
  68 001a 72B6     		cpsid i               
  69 001c B873     		strb r0, [r7, #14]   
  70              		
  71              	@ 0 "" 2
 107:../Generated_Code/TMOUT1.c ****   while (handle<TMOUT1_NOF_COUNTERS && !TMOUT1_FreeCounters[handle]) {
  72              		.loc 1 107 0
  73              		.thumb
  74 001e 02E0     		b	.L3
  75              	.L5:
 108:../Generated_Code/TMOUT1.c ****     handle++;
  76              		.loc 1 108 0
  77 0020 FB7B     		ldrb	r3, [r7, #15]	@ zero_extendqisi2
  78 0022 0133     		adds	r3, r3, #1
  79 0024 FB73     		strb	r3, [r7, #15]
  80              	.L3:
 107:../Generated_Code/TMOUT1.c ****   while (handle<TMOUT1_NOF_COUNTERS && !TMOUT1_FreeCounters[handle]) {
  81              		.loc 1 107 0 discriminator 1
  82 0026 FB7B     		ldrb	r3, [r7, #15]	@ zero_extendqisi2
  83 0028 022B     		cmp	r3, #2
  84 002a 04D8     		bhi	.L4
 107:../Generated_Code/TMOUT1.c ****   while (handle<TMOUT1_NOF_COUNTERS && !TMOUT1_FreeCounters[handle]) {
  85              		.loc 1 107 0 is_stmt 0 discriminator 2
  86 002c FB7B     		ldrb	r3, [r7, #15]	@ zero_extendqisi2
  87 002e 0F4A     		ldr	r2, .L10
  88 0030 D35C     		ldrb	r3, [r2, r3]	@ zero_extendqisi2
  89 0032 002B     		cmp	r3, #0
  90 0034 F4D0     		beq	.L5
  91              	.L4:
 109:../Generated_Code/TMOUT1.c ****   }
 110:../Generated_Code/TMOUT1.c ****   if (handle<TMOUT1_NOF_COUNTERS) {
  92              		.loc 1 110 0 is_stmt 1
  93 0036 FB7B     		ldrb	r3, [r7, #15]	@ zero_extendqisi2
  94 0038 022B     		cmp	r3, #2
  95 003a 08D8     		bhi	.L6
 111:../Generated_Code/TMOUT1.c ****     TMOUT1_FreeCounters[handle]=FALSE;
  96              		.loc 1 111 0
  97 003c FB7B     		ldrb	r3, [r7, #15]	@ zero_extendqisi2
  98 003e 0B4A     		ldr	r2, .L10
  99 0040 0021     		movs	r1, #0
 100 0042 D154     		strb	r1, [r2, r3]
 112:../Generated_Code/TMOUT1.c ****     TMOUT1_Counters[handle] = nofTicks;
 101              		.loc 1 112 0
 102 0044 FA7B     		ldrb	r2, [r7, #15]	@ zero_extendqisi2
 103 0046 0A4B     		ldr	r3, .L10+4
 104 0048 7968     		ldr	r1, [r7, #4]
 105 004a 43F82210 		str	r1, [r3, r2, lsl #2]
 106              	.L6:
 113:../Generated_Code/TMOUT1.c ****   }
 114:../Generated_Code/TMOUT1.c ****   CS1_ExitCritical();
 107              		.loc 1 114 0
 108              	@ 114 "../Generated_Code/TMOUT1.c" 1
 109 004e B87B     		ldrb r0, [r7, #14]    
 110 0050 80F31088 		msr PRIMASK,r0        
 111              		
 112              	@ 0 "" 2
 115:../Generated_Code/TMOUT1.c ****   if (handle==TMOUT1_NOF_COUNTERS) {
 113              		.loc 1 115 0
 114              		.thumb
 115 0054 FB7B     		ldrb	r3, [r7, #15]	@ zero_extendqisi2
 116 0056 032B     		cmp	r3, #3
 117 0058 01D1     		bne	.L7
 116:../Generated_Code/TMOUT1.c ****     return TMOUT1_OUT_OF_HANDLE;
 118              		.loc 1 116 0
 119 005a FF23     		movs	r3, #255
 120 005c 00E0     		b	.L9
 121              	.L7:
 117:../Generated_Code/TMOUT1.c ****   }
 118:../Generated_Code/TMOUT1.c ****   return handle;
 122              		.loc 1 118 0
 123 005e FB7B     		ldrb	r3, [r7, #15]	@ zero_extendqisi2
 124              	.L9:
 119:../Generated_Code/TMOUT1.c **** }
 125              		.loc 1 119 0
 126 0060 1846     		mov	r0, r3
 127 0062 1437     		adds	r7, r7, #20
 128 0064 BD46     		mov	sp, r7
 129              		@ sp needed
 130 0066 5DF8047B 		ldr	r7, [sp], #4
 131 006a 7047     		bx	lr
 132              	.L11:
 133              		.align	2
 134              	.L10:
 135 006c 00000000 		.word	TMOUT1_FreeCounters
 136 0070 00000000 		.word	TMOUT1_Counters
 137              		.cfi_endproc
 138              	.LFE0:
 140              		.section	.text.TMOUT1_LeaveCounter,"ax",%progbits
 141              		.align	2
 142              		.global	TMOUT1_LeaveCounter
 143              		.thumb
 144              		.thumb_func
 146              	TMOUT1_LeaveCounter:
 147              	.LFB1:
 120:../Generated_Code/TMOUT1.c **** 
 121:../Generated_Code/TMOUT1.c **** /*
 122:../Generated_Code/TMOUT1.c **** ** ===================================================================
 123:../Generated_Code/TMOUT1.c **** **     Method      :  TMOUT1_LeaveCounter (component Timeout)
 124:../Generated_Code/TMOUT1.c **** **     Description :
 125:../Generated_Code/TMOUT1.c **** **         To be called to return the counter. Note that a counter
 126:../Generated_Code/TMOUT1.c **** **         always should be returned so it can be reused.
 127:../Generated_Code/TMOUT1.c **** **     Parameters  :
 128:../Generated_Code/TMOUT1.c **** **         NAME            - DESCRIPTION
 129:../Generated_Code/TMOUT1.c **** **         handle          - Counter handle
 130:../Generated_Code/TMOUT1.c **** **     Returns     : Nothing
 131:../Generated_Code/TMOUT1.c **** ** ===================================================================
 132:../Generated_Code/TMOUT1.c **** */
 133:../Generated_Code/TMOUT1.c **** void TMOUT1_LeaveCounter(TMOUT1_CounterHandle handle)
 134:../Generated_Code/TMOUT1.c **** {
 148              		.loc 1 134 0
 149              		.cfi_startproc
 150              		@ args = 0, pretend = 0, frame = 16
 151              		@ frame_needed = 1, uses_anonymous_args = 0
 152              		@ link register save eliminated.
 153 0000 80B4     		push	{r7}
 154              		.cfi_def_cfa_offset 4
 155              		.cfi_offset 7, -4
 156 0002 85B0     		sub	sp, sp, #20
 157              		.cfi_def_cfa_offset 24
 158 0004 00AF     		add	r7, sp, #0
 159              		.cfi_def_cfa_register 7
 160 0006 0346     		mov	r3, r0
 161 0008 FB71     		strb	r3, [r7, #7]
 135:../Generated_Code/TMOUT1.c ****   CS1_CriticalVariable();
 136:../Generated_Code/TMOUT1.c **** 
 137:../Generated_Code/TMOUT1.c ****   if (handle==TMOUT1_OUT_OF_HANDLE) {
 162              		.loc 1 137 0
 163 000a FB79     		ldrb	r3, [r7, #7]	@ zero_extendqisi2
 164 000c FF2B     		cmp	r3, #255
 165 000e 0FD0     		beq	.L12
 138:../Generated_Code/TMOUT1.c ****     return;
 139:../Generated_Code/TMOUT1.c ****   }
 140:../Generated_Code/TMOUT1.c ****   CS1_EnterCritical();
 166              		.loc 1 140 0
 167              	@ 140 "../Generated_Code/TMOUT1.c" 1
 168 0010 EFF31080 		mrs   r0, PRIMASK     
 169 0014 72B6     		cpsid i               
 170 0016 F873     		strb r0, [r7, #15]   
 171              		
 172              	@ 0 "" 2
 141:../Generated_Code/TMOUT1.c ****   TMOUT1_Counters[handle] = 0;
 173              		.loc 1 141 0
 174              		.thumb
 175 0018 FA79     		ldrb	r2, [r7, #7]	@ zero_extendqisi2
 176 001a 084B     		ldr	r3, .L15
 177 001c 0021     		movs	r1, #0
 178 001e 43F82210 		str	r1, [r3, r2, lsl #2]
 142:../Generated_Code/TMOUT1.c ****   TMOUT1_FreeCounters[handle]=TRUE;
 179              		.loc 1 142 0
 180 0022 FB79     		ldrb	r3, [r7, #7]	@ zero_extendqisi2
 181 0024 064A     		ldr	r2, .L15+4
 182 0026 0121     		movs	r1, #1
 183 0028 D154     		strb	r1, [r2, r3]
 143:../Generated_Code/TMOUT1.c ****   CS1_ExitCritical();
 184              		.loc 1 143 0
 185              	@ 143 "../Generated_Code/TMOUT1.c" 1
 186 002a F87B     		ldrb r0, [r7, #15]    
 187 002c 80F31088 		msr PRIMASK,r0        
 188              		
 189              	@ 0 "" 2
 190              		.thumb
 191              	.L12:
 144:../Generated_Code/TMOUT1.c **** }
 192              		.loc 1 144 0
 193 0030 1437     		adds	r7, r7, #20
 194 0032 BD46     		mov	sp, r7
 195              		@ sp needed
 196 0034 5DF8047B 		ldr	r7, [sp], #4
 197 0038 7047     		bx	lr
 198              	.L16:
 199 003a 00BF     		.align	2
 200              	.L15:
 201 003c 00000000 		.word	TMOUT1_Counters
 202 0040 00000000 		.word	TMOUT1_FreeCounters
 203              		.cfi_endproc
 204              	.LFE1:
 206              		.section	.text.TMOUT1_CounterExpired,"ax",%progbits
 207              		.align	2
 208              		.global	TMOUT1_CounterExpired
 209              		.thumb
 210              		.thumb_func
 212              	TMOUT1_CounterExpired:
 213              	.LFB2:
 145:../Generated_Code/TMOUT1.c **** 
 146:../Generated_Code/TMOUT1.c **** /*
 147:../Generated_Code/TMOUT1.c **** ** ===================================================================
 148:../Generated_Code/TMOUT1.c **** **     Method      :  TMOUT1_CounterExpired (component Timeout)
 149:../Generated_Code/TMOUT1.c **** **     Description :
 150:../Generated_Code/TMOUT1.c **** **         Returns true if the timeout counter has been expired
 151:../Generated_Code/TMOUT1.c **** **     Parameters  :
 152:../Generated_Code/TMOUT1.c **** **         NAME            - DESCRIPTION
 153:../Generated_Code/TMOUT1.c **** **         handle          - The timeout handle retrieved using
 154:../Generated_Code/TMOUT1.c **** **                           GetCounter()
 155:../Generated_Code/TMOUT1.c **** **     Returns     :
 156:../Generated_Code/TMOUT1.c **** **         ---             - Returns TRUE if the counter has been
 157:../Generated_Code/TMOUT1.c **** **                           expired, FALSE otherwise
 158:../Generated_Code/TMOUT1.c **** ** ===================================================================
 159:../Generated_Code/TMOUT1.c **** */
 160:../Generated_Code/TMOUT1.c **** bool TMOUT1_CounterExpired(TMOUT1_CounterHandle handle)
 161:../Generated_Code/TMOUT1.c **** {
 214              		.loc 1 161 0
 215              		.cfi_startproc
 216              		@ args = 0, pretend = 0, frame = 16
 217              		@ frame_needed = 1, uses_anonymous_args = 0
 218              		@ link register save eliminated.
 219 0000 80B4     		push	{r7}
 220              		.cfi_def_cfa_offset 4
 221              		.cfi_offset 7, -4
 222 0002 85B0     		sub	sp, sp, #20
 223              		.cfi_def_cfa_offset 24
 224 0004 00AF     		add	r7, sp, #0
 225              		.cfi_def_cfa_register 7
 226 0006 0346     		mov	r3, r0
 227 0008 FB71     		strb	r3, [r7, #7]
 162:../Generated_Code/TMOUT1.c ****   bool res;
 163:../Generated_Code/TMOUT1.c ****   CS1_CriticalVariable();
 164:../Generated_Code/TMOUT1.c **** 
 165:../Generated_Code/TMOUT1.c ****   if (handle==TMOUT1_OUT_OF_HANDLE) {
 228              		.loc 1 165 0
 229 000a FB79     		ldrb	r3, [r7, #7]	@ zero_extendqisi2
 230 000c FF2B     		cmp	r3, #255
 231 000e 01D1     		bne	.L18
 166:../Generated_Code/TMOUT1.c ****     return TRUE;
 232              		.loc 1 166 0
 233 0010 0123     		movs	r3, #1
 234 0012 11E0     		b	.L20
 235              	.L18:
 167:../Generated_Code/TMOUT1.c ****   }
 168:../Generated_Code/TMOUT1.c ****   CS1_EnterCritical();
 236              		.loc 1 168 0
 237              	@ 168 "../Generated_Code/TMOUT1.c" 1
 238 0014 EFF31080 		mrs   r0, PRIMASK     
 239 0018 72B6     		cpsid i               
 240 001a B873     		strb r0, [r7, #14]   
 241              		
 242              	@ 0 "" 2
 169:../Generated_Code/TMOUT1.c ****   res = (bool)(TMOUT1_Counters[handle]==0);
 243              		.loc 1 169 0
 244              		.thumb
 245 001c FA79     		ldrb	r2, [r7, #7]	@ zero_extendqisi2
 246 001e 094B     		ldr	r3, .L21
 247 0020 53F82230 		ldr	r3, [r3, r2, lsl #2]
 248 0024 002B     		cmp	r3, #0
 249 0026 14BF     		ite	ne
 250 0028 0023     		movne	r3, #0
 251 002a 0123     		moveq	r3, #1
 252 002c DBB2     		uxtb	r3, r3
 253 002e FB73     		strb	r3, [r7, #15]
 170:../Generated_Code/TMOUT1.c ****   CS1_ExitCritical();
 254              		.loc 1 170 0
 255              	@ 170 "../Generated_Code/TMOUT1.c" 1
 256 0030 B87B     		ldrb r0, [r7, #14]    
 257 0032 80F31088 		msr PRIMASK,r0        
 258              		
 259              	@ 0 "" 2
 171:../Generated_Code/TMOUT1.c ****   return res;
 260              		.loc 1 171 0
 261              		.thumb
 262 0036 FB7B     		ldrb	r3, [r7, #15]	@ zero_extendqisi2
 263              	.L20:
 172:../Generated_Code/TMOUT1.c **** }
 264              		.loc 1 172 0
 265 0038 1846     		mov	r0, r3
 266 003a 1437     		adds	r7, r7, #20
 267 003c BD46     		mov	sp, r7
 268              		@ sp needed
 269 003e 5DF8047B 		ldr	r7, [sp], #4
 270 0042 7047     		bx	lr
 271              	.L22:
 272              		.align	2
 273              	.L21:
 274 0044 00000000 		.word	TMOUT1_Counters
 275              		.cfi_endproc
 276              	.LFE2:
 278              		.section	.text.TMOUT1_AddTick,"ax",%progbits
 279              		.align	2
 280              		.global	TMOUT1_AddTick
 281              		.thumb
 282              		.thumb_func
 284              	TMOUT1_AddTick:
 285              	.LFB3:
 173:../Generated_Code/TMOUT1.c **** 
 174:../Generated_Code/TMOUT1.c **** /*
 175:../Generated_Code/TMOUT1.c **** ** ===================================================================
 176:../Generated_Code/TMOUT1.c **** **     Method      :  TMOUT1_AddTick (component Timeout)
 177:../Generated_Code/TMOUT1.c **** **     Description :
 178:../Generated_Code/TMOUT1.c **** **         Method to be called from a periodic timer or interrupt. It
 179:../Generated_Code/TMOUT1.c **** **         will decrement all current counters by one down to zero.
 180:../Generated_Code/TMOUT1.c **** **     Parameters  : None
 181:../Generated_Code/TMOUT1.c **** **     Returns     : Nothing
 182:../Generated_Code/TMOUT1.c **** ** ===================================================================
 183:../Generated_Code/TMOUT1.c **** */
 184:../Generated_Code/TMOUT1.c **** void TMOUT1_AddTick(void)
 185:../Generated_Code/TMOUT1.c **** {
 286              		.loc 1 185 0
 287              		.cfi_startproc
 288              		@ args = 0, pretend = 0, frame = 8
 289              		@ frame_needed = 1, uses_anonymous_args = 0
 290              		@ link register save eliminated.
 291 0000 80B4     		push	{r7}
 292              		.cfi_def_cfa_offset 4
 293              		.cfi_offset 7, -4
 294 0002 83B0     		sub	sp, sp, #12
 295              		.cfi_def_cfa_offset 16
 296 0004 00AF     		add	r7, sp, #0
 297              		.cfi_def_cfa_register 7
 186:../Generated_Code/TMOUT1.c ****   uint8_t i;
 187:../Generated_Code/TMOUT1.c ****   CS1_CriticalVariable();
 188:../Generated_Code/TMOUT1.c **** 
 189:../Generated_Code/TMOUT1.c ****   CS1_EnterCritical();
 298              		.loc 1 189 0
 299              	@ 189 "../Generated_Code/TMOUT1.c" 1
 300 0006 EFF31080 		mrs   r0, PRIMASK     
 301 000a 72B6     		cpsid i               
 302 000c B871     		strb r0, [r7, #6]   
 303              		
 304              	@ 0 "" 2
 190:../Generated_Code/TMOUT1.c ****   for(i=0;i<TMOUT1_NOF_COUNTERS;i++) {
 305              		.loc 1 190 0
 306              		.thumb
 307 000e 0023     		movs	r3, #0
 308 0010 FB71     		strb	r3, [r7, #7]
 309 0012 10E0     		b	.L24
 310              	.L26:
 191:../Generated_Code/TMOUT1.c ****     if (TMOUT1_Counters[i]>0) {
 311              		.loc 1 191 0
 312 0014 FA79     		ldrb	r2, [r7, #7]	@ zero_extendqisi2
 313 0016 0D4B     		ldr	r3, .L27
 314 0018 53F82230 		ldr	r3, [r3, r2, lsl #2]
 315 001c 002B     		cmp	r3, #0
 316 001e 07D0     		beq	.L25
 192:../Generated_Code/TMOUT1.c ****       TMOUT1_Counters[i]--;
 317              		.loc 1 192 0
 318 0020 FB79     		ldrb	r3, [r7, #7]	@ zero_extendqisi2
 319 0022 0A4A     		ldr	r2, .L27
 320 0024 52F82320 		ldr	r2, [r2, r3, lsl #2]
 321 0028 511E     		subs	r1, r2, #1
 322 002a 084A     		ldr	r2, .L27
 323 002c 42F82310 		str	r1, [r2, r3, lsl #2]
 324              	.L25:
 190:../Generated_Code/TMOUT1.c ****   for(i=0;i<TMOUT1_NOF_COUNTERS;i++) {
 325              		.loc 1 190 0
 326 0030 FB79     		ldrb	r3, [r7, #7]	@ zero_extendqisi2
 327 0032 0133     		adds	r3, r3, #1
 328 0034 FB71     		strb	r3, [r7, #7]
 329              	.L24:
 190:../Generated_Code/TMOUT1.c ****   for(i=0;i<TMOUT1_NOF_COUNTERS;i++) {
 330              		.loc 1 190 0 is_stmt 0 discriminator 1
 331 0036 FB79     		ldrb	r3, [r7, #7]	@ zero_extendqisi2
 332 0038 022B     		cmp	r3, #2
 333 003a EBD9     		bls	.L26
 193:../Generated_Code/TMOUT1.c ****     }
 194:../Generated_Code/TMOUT1.c ****   }
 195:../Generated_Code/TMOUT1.c ****   CS1_ExitCritical();
 334              		.loc 1 195 0 is_stmt 1
 335              	@ 195 "../Generated_Code/TMOUT1.c" 1
 336 003c B879     		ldrb r0, [r7, #6]    
 337 003e 80F31088 		msr PRIMASK,r0        
 338              		
 339              	@ 0 "" 2
 196:../Generated_Code/TMOUT1.c **** }
 340              		.loc 1 196 0
 341              		.thumb
 342 0042 0C37     		adds	r7, r7, #12
 343 0044 BD46     		mov	sp, r7
 344              		@ sp needed
 345 0046 5DF8047B 		ldr	r7, [sp], #4
 346 004a 7047     		bx	lr
 347              	.L28:
 348              		.align	2
 349              	.L27:
 350 004c 00000000 		.word	TMOUT1_Counters
 351              		.cfi_endproc
 352              	.LFE3:
 354              		.section	.text.TMOUT1_Init,"ax",%progbits
 355              		.align	2
 356              		.global	TMOUT1_Init
 357              		.thumb
 358              		.thumb_func
 360              	TMOUT1_Init:
 361              	.LFB4:
 197:../Generated_Code/TMOUT1.c **** 
 198:../Generated_Code/TMOUT1.c **** /*
 199:../Generated_Code/TMOUT1.c **** ** ===================================================================
 200:../Generated_Code/TMOUT1.c **** **     Method      :  TMOUT1_Init (component Timeout)
 201:../Generated_Code/TMOUT1.c **** **     Description :
 202:../Generated_Code/TMOUT1.c **** **         Initialization of the driver
 203:../Generated_Code/TMOUT1.c **** **     Parameters  : None
 204:../Generated_Code/TMOUT1.c **** **     Returns     : Nothing
 205:../Generated_Code/TMOUT1.c **** ** ===================================================================
 206:../Generated_Code/TMOUT1.c **** */
 207:../Generated_Code/TMOUT1.c **** void TMOUT1_Init(void)
 208:../Generated_Code/TMOUT1.c **** {
 362              		.loc 1 208 0
 363              		.cfi_startproc
 364              		@ args = 0, pretend = 0, frame = 8
 365              		@ frame_needed = 1, uses_anonymous_args = 0
 366              		@ link register save eliminated.
 367 0000 80B4     		push	{r7}
 368              		.cfi_def_cfa_offset 4
 369              		.cfi_offset 7, -4
 370 0002 83B0     		sub	sp, sp, #12
 371              		.cfi_def_cfa_offset 16
 372 0004 00AF     		add	r7, sp, #0
 373              		.cfi_def_cfa_register 7
 209:../Generated_Code/TMOUT1.c ****   uint8_t i;
 210:../Generated_Code/TMOUT1.c **** 
 211:../Generated_Code/TMOUT1.c ****   for(i=0;i<TMOUT1_NOF_COUNTERS;i++) {
 374              		.loc 1 211 0
 375 0006 0023     		movs	r3, #0
 376 0008 FB71     		strb	r3, [r7, #7]
 377 000a 0BE0     		b	.L30
 378              	.L31:
 212:../Generated_Code/TMOUT1.c ****     TMOUT1_Counters[i] = 0;
 379              		.loc 1 212 0 discriminator 2
 380 000c FA79     		ldrb	r2, [r7, #7]	@ zero_extendqisi2
 381 000e 094B     		ldr	r3, .L32
 382 0010 0021     		movs	r1, #0
 383 0012 43F82210 		str	r1, [r3, r2, lsl #2]
 213:../Generated_Code/TMOUT1.c ****     TMOUT1_FreeCounters[i] = TRUE;
 384              		.loc 1 213 0 discriminator 2
 385 0016 FB79     		ldrb	r3, [r7, #7]	@ zero_extendqisi2
 386 0018 074A     		ldr	r2, .L32+4
 387 001a 0121     		movs	r1, #1
 388 001c D154     		strb	r1, [r2, r3]
 211:../Generated_Code/TMOUT1.c ****   for(i=0;i<TMOUT1_NOF_COUNTERS;i++) {
 389              		.loc 1 211 0 discriminator 2
 390 001e FB79     		ldrb	r3, [r7, #7]	@ zero_extendqisi2
 391 0020 0133     		adds	r3, r3, #1
 392 0022 FB71     		strb	r3, [r7, #7]
 393              	.L30:
 211:../Generated_Code/TMOUT1.c ****   for(i=0;i<TMOUT1_NOF_COUNTERS;i++) {
 394              		.loc 1 211 0 is_stmt 0 discriminator 1
 395 0024 FB79     		ldrb	r3, [r7, #7]	@ zero_extendqisi2
 396 0026 022B     		cmp	r3, #2
 397 0028 F0D9     		bls	.L31
 214:../Generated_Code/TMOUT1.c ****   }
 215:../Generated_Code/TMOUT1.c **** }
 398              		.loc 1 215 0 is_stmt 1
 399 002a 0C37     		adds	r7, r7, #12
 400 002c BD46     		mov	sp, r7
 401              		@ sp needed
 402 002e 5DF8047B 		ldr	r7, [sp], #4
 403 0032 7047     		bx	lr
 404              	.L33:
 405              		.align	2
 406              	.L32:
 407 0034 00000000 		.word	TMOUT1_Counters
 408 0038 00000000 		.word	TMOUT1_FreeCounters
 409              		.cfi_endproc
 410              	.LFE4:
 412              		.section	.text.TMOUT1_Value,"ax",%progbits
 413              		.align	2
 414              		.global	TMOUT1_Value
 415              		.thumb
 416              		.thumb_func
 418              	TMOUT1_Value:
 419              	.LFB5:
 216:../Generated_Code/TMOUT1.c **** 
 217:../Generated_Code/TMOUT1.c **** /*
 218:../Generated_Code/TMOUT1.c **** ** ===================================================================
 219:../Generated_Code/TMOUT1.c **** **     Method      :  TMOUT1_Value (component Timeout)
 220:../Generated_Code/TMOUT1.c **** **     Description :
 221:../Generated_Code/TMOUT1.c **** **         Return the current value of the counter (in ticks)
 222:../Generated_Code/TMOUT1.c **** **     Parameters  :
 223:../Generated_Code/TMOUT1.c **** **         NAME            - DESCRIPTION
 224:../Generated_Code/TMOUT1.c **** **         handle          - Handle of the timeout counter
 225:../Generated_Code/TMOUT1.c **** **     Returns     :
 226:../Generated_Code/TMOUT1.c **** **         ---             - Returns the value of the timeout counter.
 227:../Generated_Code/TMOUT1.c **** ** ===================================================================
 228:../Generated_Code/TMOUT1.c **** */
 229:../Generated_Code/TMOUT1.c **** TMOUT1_CounterType TMOUT1_Value(TMOUT1_CounterHandle handle)
 230:../Generated_Code/TMOUT1.c **** {
 420              		.loc 1 230 0
 421              		.cfi_startproc
 422              		@ args = 0, pretend = 0, frame = 16
 423              		@ frame_needed = 1, uses_anonymous_args = 0
 424              		@ link register save eliminated.
 425 0000 80B4     		push	{r7}
 426              		.cfi_def_cfa_offset 4
 427              		.cfi_offset 7, -4
 428 0002 85B0     		sub	sp, sp, #20
 429              		.cfi_def_cfa_offset 24
 430 0004 00AF     		add	r7, sp, #0
 431              		.cfi_def_cfa_register 7
 432 0006 0346     		mov	r3, r0
 433 0008 FB71     		strb	r3, [r7, #7]
 231:../Generated_Code/TMOUT1.c ****   TMOUT1_CounterType val;
 232:../Generated_Code/TMOUT1.c ****   CS1_CriticalVariable();
 233:../Generated_Code/TMOUT1.c **** 
 234:../Generated_Code/TMOUT1.c ****   if (handle==TMOUT1_OUT_OF_HANDLE) {
 434              		.loc 1 234 0
 435 000a FB79     		ldrb	r3, [r7, #7]	@ zero_extendqisi2
 436 000c FF2B     		cmp	r3, #255
 437 000e 01D1     		bne	.L35
 235:../Generated_Code/TMOUT1.c ****     return 0; /* return dummy value */
 438              		.loc 1 235 0
 439 0010 0023     		movs	r3, #0
 440 0012 0CE0     		b	.L37
 441              	.L35:
 236:../Generated_Code/TMOUT1.c ****   }
 237:../Generated_Code/TMOUT1.c ****   CS1_EnterCritical();
 442              		.loc 1 237 0
 443              	@ 237 "../Generated_Code/TMOUT1.c" 1
 444 0014 EFF31080 		mrs   r0, PRIMASK     
 445 0018 72B6     		cpsid i               
 446 001a F872     		strb r0, [r7, #11]   
 447              		
 448              	@ 0 "" 2
 238:../Generated_Code/TMOUT1.c ****   val = TMOUT1_Counters[handle];
 449              		.loc 1 238 0
 450              		.thumb
 451 001c FA79     		ldrb	r2, [r7, #7]	@ zero_extendqisi2
 452 001e 074B     		ldr	r3, .L38
 453 0020 53F82230 		ldr	r3, [r3, r2, lsl #2]
 454 0024 FB60     		str	r3, [r7, #12]
 239:../Generated_Code/TMOUT1.c ****   CS1_ExitCritical();
 455              		.loc 1 239 0
 456              	@ 239 "../Generated_Code/TMOUT1.c" 1
 457 0026 F87A     		ldrb r0, [r7, #11]    
 458 0028 80F31088 		msr PRIMASK,r0        
 459              		
 460              	@ 0 "" 2
 240:../Generated_Code/TMOUT1.c ****   return val;
 461              		.loc 1 240 0
 462              		.thumb
 463 002c FB68     		ldr	r3, [r7, #12]
 464              	.L37:
 241:../Generated_Code/TMOUT1.c **** }
 465              		.loc 1 241 0
 466 002e 1846     		mov	r0, r3
 467 0030 1437     		adds	r7, r7, #20
 468 0032 BD46     		mov	sp, r7
 469              		@ sp needed
 470 0034 5DF8047B 		ldr	r7, [sp], #4
 471 0038 7047     		bx	lr
 472              	.L39:
 473 003a 00BF     		.align	2
 474              	.L38:
 475 003c 00000000 		.word	TMOUT1_Counters
 476              		.cfi_endproc
 477              	.LFE5:
 479              		.section	.text.TMOUT1_SetCounter,"ax",%progbits
 480              		.align	2
 481              		.global	TMOUT1_SetCounter
 482              		.thumb
 483              		.thumb_func
 485              	TMOUT1_SetCounter:
 486              	.LFB6:
 242:../Generated_Code/TMOUT1.c **** 
 243:../Generated_Code/TMOUT1.c **** /*
 244:../Generated_Code/TMOUT1.c **** ** ===================================================================
 245:../Generated_Code/TMOUT1.c **** **     Method      :  TMOUT1_SetCounter (component Timeout)
 246:../Generated_Code/TMOUT1.c **** **     Description :
 247:../Generated_Code/TMOUT1.c **** **         Sets the counter to a new value and returns the value just
 248:../Generated_Code/TMOUT1.c **** **         prior to the call.
 249:../Generated_Code/TMOUT1.c **** **     Parameters  :
 250:../Generated_Code/TMOUT1.c **** **         NAME            - DESCRIPTION
 251:../Generated_Code/TMOUT1.c **** **         handle          - Counter handle which shall get a new
 252:../Generated_Code/TMOUT1.c **** **                           value.
 253:../Generated_Code/TMOUT1.c **** **         nofTicks        - New value (tick count) of the
 254:../Generated_Code/TMOUT1.c **** **                           timeout counter. Pass zero to have it
 255:../Generated_Code/TMOUT1.c **** **                           expire immediately.
 256:../Generated_Code/TMOUT1.c **** **     Returns     :
 257:../Generated_Code/TMOUT1.c **** **         ---             - Value of counter before reset.
 258:../Generated_Code/TMOUT1.c **** ** ===================================================================
 259:../Generated_Code/TMOUT1.c **** */
 260:../Generated_Code/TMOUT1.c **** TMOUT1_CounterType TMOUT1_SetCounter(TMOUT1_CounterHandle handle, TMOUT1_CounterType nofTicks)
 261:../Generated_Code/TMOUT1.c **** {
 487              		.loc 1 261 0
 488              		.cfi_startproc
 489              		@ args = 0, pretend = 0, frame = 16
 490              		@ frame_needed = 1, uses_anonymous_args = 0
 491              		@ link register save eliminated.
 492 0000 80B4     		push	{r7}
 493              		.cfi_def_cfa_offset 4
 494              		.cfi_offset 7, -4
 495 0002 85B0     		sub	sp, sp, #20
 496              		.cfi_def_cfa_offset 24
 497 0004 00AF     		add	r7, sp, #0
 498              		.cfi_def_cfa_register 7
 499 0006 0346     		mov	r3, r0
 500 0008 3960     		str	r1, [r7]
 501 000a FB71     		strb	r3, [r7, #7]
 262:../Generated_Code/TMOUT1.c ****   TMOUT1_CounterType res;
 263:../Generated_Code/TMOUT1.c ****   CS1_CriticalVariable();
 264:../Generated_Code/TMOUT1.c **** 
 265:../Generated_Code/TMOUT1.c ****   if (handle==TMOUT1_OUT_OF_HANDLE) {
 502              		.loc 1 265 0
 503 000c FB79     		ldrb	r3, [r7, #7]	@ zero_extendqisi2
 504 000e FF2B     		cmp	r3, #255
 505 0010 01D1     		bne	.L41
 266:../Generated_Code/TMOUT1.c ****     return 0; /* return dummy value */
 506              		.loc 1 266 0
 507 0012 0023     		movs	r3, #0
 508 0014 11E0     		b	.L43
 509              	.L41:
 267:../Generated_Code/TMOUT1.c ****   }
 268:../Generated_Code/TMOUT1.c ****   CS1_EnterCritical();
 510              		.loc 1 268 0
 511              	@ 268 "../Generated_Code/TMOUT1.c" 1
 512 0016 EFF31080 		mrs   r0, PRIMASK     
 513 001a 72B6     		cpsid i               
 514 001c F872     		strb r0, [r7, #11]   
 515              		
 516              	@ 0 "" 2
 269:../Generated_Code/TMOUT1.c ****   res = TMOUT1_Counters[handle];
 517              		.loc 1 269 0
 518              		.thumb
 519 001e FA79     		ldrb	r2, [r7, #7]	@ zero_extendqisi2
 520 0020 094B     		ldr	r3, .L44
 521 0022 53F82230 		ldr	r3, [r3, r2, lsl #2]
 522 0026 FB60     		str	r3, [r7, #12]
 270:../Generated_Code/TMOUT1.c ****   TMOUT1_Counters[handle] = nofTicks;
 523              		.loc 1 270 0
 524 0028 FA79     		ldrb	r2, [r7, #7]	@ zero_extendqisi2
 525 002a 074B     		ldr	r3, .L44
 526 002c 3968     		ldr	r1, [r7]
 527 002e 43F82210 		str	r1, [r3, r2, lsl #2]
 271:../Generated_Code/TMOUT1.c ****   CS1_ExitCritical();
 528              		.loc 1 271 0
 529              	@ 271 "../Generated_Code/TMOUT1.c" 1
 530 0032 F87A     		ldrb r0, [r7, #11]    
 531 0034 80F31088 		msr PRIMASK,r0        
 532              		
 533              	@ 0 "" 2
 272:../Generated_Code/TMOUT1.c ****   return res;
 534              		.loc 1 272 0
 535              		.thumb
 536 0038 FB68     		ldr	r3, [r7, #12]
 537              	.L43:
 273:../Generated_Code/TMOUT1.c **** }
 538              		.loc 1 273 0
 539 003a 1846     		mov	r0, r3
 540 003c 1437     		adds	r7, r7, #20
 541 003e BD46     		mov	sp, r7
 542              		@ sp needed
 543 0040 5DF8047B 		ldr	r7, [sp], #4
 544 0044 7047     		bx	lr
 545              	.L45:
 546 0046 00BF     		.align	2
 547              	.L44:
 548 0048 00000000 		.word	TMOUT1_Counters
 549              		.cfi_endproc
 550              	.LFE6:
 552              		.text
 553              	.Letext0:
 554              		.file 2 "c:\\freescale\\kds_v3\\toolchain\\arm-none-eabi\\include\\machine\\_default_types.h"
 555              		.file 3 "c:\\freescale\\kds_v3\\toolchain\\arm-none-eabi\\include\\stdint.h"
 556              		.file 4 "../Generated_Code/PE_Types.h"
 557              		.file 5 "../Generated_Code/TMOUT1.h"
DEFINED SYMBOLS
                            *ABS*:00000000 TMOUT1.c
C:\Users\Aron\AppData\Local\Temp\ccybpL0R.s:21     .bss.TMOUT1_Counters:00000000 $d
C:\Users\Aron\AppData\Local\Temp\ccybpL0R.s:24     .bss.TMOUT1_Counters:00000000 TMOUT1_Counters
C:\Users\Aron\AppData\Local\Temp\ccybpL0R.s:27     .bss.TMOUT1_FreeCounters:00000000 $d
C:\Users\Aron\AppData\Local\Temp\ccybpL0R.s:30     .bss.TMOUT1_FreeCounters:00000000 TMOUT1_FreeCounters
C:\Users\Aron\AppData\Local\Temp\ccybpL0R.s:33     .text.TMOUT1_GetCounter:00000000 $t
C:\Users\Aron\AppData\Local\Temp\ccybpL0R.s:38     .text.TMOUT1_GetCounter:00000000 TMOUT1_GetCounter
C:\Users\Aron\AppData\Local\Temp\ccybpL0R.s:135    .text.TMOUT1_GetCounter:0000006c $d
C:\Users\Aron\AppData\Local\Temp\ccybpL0R.s:141    .text.TMOUT1_LeaveCounter:00000000 $t
C:\Users\Aron\AppData\Local\Temp\ccybpL0R.s:146    .text.TMOUT1_LeaveCounter:00000000 TMOUT1_LeaveCounter
C:\Users\Aron\AppData\Local\Temp\ccybpL0R.s:201    .text.TMOUT1_LeaveCounter:0000003c $d
C:\Users\Aron\AppData\Local\Temp\ccybpL0R.s:207    .text.TMOUT1_CounterExpired:00000000 $t
C:\Users\Aron\AppData\Local\Temp\ccybpL0R.s:212    .text.TMOUT1_CounterExpired:00000000 TMOUT1_CounterExpired
C:\Users\Aron\AppData\Local\Temp\ccybpL0R.s:274    .text.TMOUT1_CounterExpired:00000044 $d
C:\Users\Aron\AppData\Local\Temp\ccybpL0R.s:279    .text.TMOUT1_AddTick:00000000 $t
C:\Users\Aron\AppData\Local\Temp\ccybpL0R.s:284    .text.TMOUT1_AddTick:00000000 TMOUT1_AddTick
C:\Users\Aron\AppData\Local\Temp\ccybpL0R.s:350    .text.TMOUT1_AddTick:0000004c $d
C:\Users\Aron\AppData\Local\Temp\ccybpL0R.s:355    .text.TMOUT1_Init:00000000 $t
C:\Users\Aron\AppData\Local\Temp\ccybpL0R.s:360    .text.TMOUT1_Init:00000000 TMOUT1_Init
C:\Users\Aron\AppData\Local\Temp\ccybpL0R.s:407    .text.TMOUT1_Init:00000034 $d
C:\Users\Aron\AppData\Local\Temp\ccybpL0R.s:413    .text.TMOUT1_Value:00000000 $t
C:\Users\Aron\AppData\Local\Temp\ccybpL0R.s:418    .text.TMOUT1_Value:00000000 TMOUT1_Value
C:\Users\Aron\AppData\Local\Temp\ccybpL0R.s:475    .text.TMOUT1_Value:0000003c $d
C:\Users\Aron\AppData\Local\Temp\ccybpL0R.s:480    .text.TMOUT1_SetCounter:00000000 $t
C:\Users\Aron\AppData\Local\Temp\ccybpL0R.s:485    .text.TMOUT1_SetCounter:00000000 TMOUT1_SetCounter
C:\Users\Aron\AppData\Local\Temp\ccybpL0R.s:548    .text.TMOUT1_SetCounter:00000048 $d
                     .debug_frame:00000010 $d
                           .group:00000000 wm4.0.22dcf9ce9babd46e5ea858ea4400d115
                           .group:00000000 wm4.MCUC1config.h.9.0bb8fec22d828f19e34a4cdf9951d555
                           .group:00000000 wm4.features.h.22.6a4ca7cd053637cc1d0db6c16f39b2d7
                           .group:00000000 wm4._default_types.h.15.8b2cb27e528498f8ff711db085d6e489
                           .group:00000000 wm4.stdint.h.20.796e373797e732130a803d4c0338fa1b
                           .group:00000000 wm4.PE_Types.h.68.de7a315b6e4c635a9a7a45ae6ec20b08
                           .group:00000000 wm4.PE_Error.h.60.6ccf96637e85421388d147a5dcbc3621
                           .group:00000000 wm4.PE_Const.h.60.44eca2ca2a72148441f11b3e43b344a9
                           .group:00000000 wm4.MK22F12.h.59.83dcc0895f45d7d67f2182a38aa7f04f
                           .group:00000000 wm4.Cpu.h.66.9574a96471c5a4e92ddf5418cbdcf9a5
                           .group:00000000 wm4.CS1config.h.2.e5153cf58e5fe0ee6ea0dc776d94aafd
                           .group:00000000 wm4.CS1.h.86.71773cc9f7a1189b60d5af00334fca8e
                           .group:00000000 wm4.TMOUT1.h.87.b6e8a0bc76f5ddb6885fb8160d83a276

NO UNDEFINED SYMBOLS
