   1              		.syntax unified
   2              		.cpu cortex-m4
   3              		.eabi_attribute 27, 3
   4              		.eabi_attribute 28, 1
   5              		.fpu fpv4-sp-d16
   6              		.eabi_attribute 20, 1
   7              		.eabi_attribute 21, 1
   8              		.eabi_attribute 23, 3
   9              		.eabi_attribute 24, 1
  10              		.eabi_attribute 25, 1
  11              		.eabi_attribute 26, 1
  12              		.eabi_attribute 30, 6
  13              		.eabi_attribute 34, 1
  14              		.eabi_attribute 18, 4
  15              		.thumb
  16              		.file	"USB0.c"
  17              		.text
  18              	.Ltext0:
  19              		.cfi_sections	.debug_frame
  20              		.section	.text.USB0_Init,"ax",%progbits
  21              		.align	2
  22              		.global	USB0_Init
  23              		.thumb
  24              		.thumb_func
  26              	USB0_Init:
  27              	.LFB0:
  28              		.file 1 "../Generated_Code/USB0.c"
   1:../Generated_Code/USB0.c **** /* ###################################################################
   2:../Generated_Code/USB0.c **** **     This component module is generated by Processor Expert. Do not modify it.
   3:../Generated_Code/USB0.c **** **     Filename    : USB0.c
   4:../Generated_Code/USB0.c **** **     Project     : TEAM_Robot
   5:../Generated_Code/USB0.c **** **     Processor   : MK22FX512VLK12
   6:../Generated_Code/USB0.c **** **     Component   : Init_USB_OTG
   7:../Generated_Code/USB0.c **** **     Version     : Component 01.004, Driver 01.04, CPU db: 3.00.000
   8:../Generated_Code/USB0.c **** **     Repository  : Kinetis
   9:../Generated_Code/USB0.c **** **     Compiler    : GNU C Compiler
  10:../Generated_Code/USB0.c **** **     Date/Time   : 2018-09-28, 15:03, # CodeGen: 0
  11:../Generated_Code/USB0.c **** **     Abstract    :
  12:../Generated_Code/USB0.c **** **          This file implements the USB_OTG (USB0) module initialization
  13:../Generated_Code/USB0.c **** **          according to the Peripheral Initialization settings, and
  14:../Generated_Code/USB0.c **** **          defines interrupt service routines prototypes.
  15:../Generated_Code/USB0.c **** **     Settings    :
  16:../Generated_Code/USB0.c **** **          Component name                                 : USB0
  17:../Generated_Code/USB0.c **** **          Device                                         : USB0
  18:../Generated_Code/USB0.c **** **          Settings                                       : 
  19:../Generated_Code/USB0.c **** **            Clock gate                                   : Enabled
  20:../Generated_Code/USB0.c **** **            Clock settings                               : 
  21:../Generated_Code/USB0.c **** **              Clock divider                              : 
  22:../Generated_Code/USB0.c **** **                Clock divider source                     : PLL/FLL clock
  23:../Generated_Code/USB0.c **** **                Clock divider input frequency            : 120 MHz
  24:../Generated_Code/USB0.c **** **                Clock divider fraction                   : multiply by 2
  25:../Generated_Code/USB0.c **** **                Clock divider divisor                    : divide by 5
  26:../Generated_Code/USB0.c **** **              Module clock source                        : Clock divider output
  27:../Generated_Code/USB0.c **** **              Module clock frequency                     : 48 MHz
  28:../Generated_Code/USB0.c **** **            Pull-up/pull-down settings                   : 
  29:../Generated_Code/USB0.c **** **              Weak pulldowns                             : Enabled
  30:../Generated_Code/USB0.c **** **              Pull-up/pull-down control                  : Mode dependent
  31:../Generated_Code/USB0.c **** **              D+ pull-up                                 : Disabled
  32:../Generated_Code/USB0.c **** **              D+ pull-down                               : Disabled
  33:../Generated_Code/USB0.c **** **              D- pull-down                               : Disabled
  34:../Generated_Code/USB0.c **** **              D+ pull-up for non-OTG mode                : Disabled
  35:../Generated_Code/USB0.c **** **            Endpoints                                    : 
  36:../Generated_Code/USB0.c **** **              EP0                                        : Disabled
  37:../Generated_Code/USB0.c **** **                Direct low speed                         : Disabled
  38:../Generated_Code/USB0.c **** **                Retry                                    : Enabled
  39:../Generated_Code/USB0.c **** **                Setup transfers                          : Enabled
  40:../Generated_Code/USB0.c **** **                Handshake                                : Disabled
  41:../Generated_Code/USB0.c **** **                Rx transfer                              : Disabled
  42:../Generated_Code/USB0.c **** **                Tx transfer                              : Disabled
  43:../Generated_Code/USB0.c **** **                Force stall                              : Disabled
  44:../Generated_Code/USB0.c **** **              EP1                                        : Disabled
  45:../Generated_Code/USB0.c **** **                Setup transfers                          : Enabled
  46:../Generated_Code/USB0.c **** **                Handshake                                : Disabled
  47:../Generated_Code/USB0.c **** **                Rx transfer                              : Disabled
  48:../Generated_Code/USB0.c **** **                Tx transfer                              : Disabled
  49:../Generated_Code/USB0.c **** **                Force stall                              : Disabled
  50:../Generated_Code/USB0.c **** **              EP2                                        : Disabled
  51:../Generated_Code/USB0.c **** **                Setup transfers                          : Enabled
  52:../Generated_Code/USB0.c **** **                Handshake                                : Disabled
  53:../Generated_Code/USB0.c **** **                Rx transfer                              : Disabled
  54:../Generated_Code/USB0.c **** **                Tx transfer                              : Disabled
  55:../Generated_Code/USB0.c **** **                Force stall                              : Disabled
  56:../Generated_Code/USB0.c **** **              EP3                                        : Disabled
  57:../Generated_Code/USB0.c **** **                Setup transfers                          : Enabled
  58:../Generated_Code/USB0.c **** **                Handshake                                : Disabled
  59:../Generated_Code/USB0.c **** **                Rx transfer                              : Disabled
  60:../Generated_Code/USB0.c **** **                Tx transfer                              : Disabled
  61:../Generated_Code/USB0.c **** **                Force stall                              : Disabled
  62:../Generated_Code/USB0.c **** **              EP4                                        : Disabled
  63:../Generated_Code/USB0.c **** **                Setup transfers                          : Enabled
  64:../Generated_Code/USB0.c **** **                Handshake                                : Disabled
  65:../Generated_Code/USB0.c **** **                Rx transfer                              : Disabled
  66:../Generated_Code/USB0.c **** **                Tx transfer                              : Disabled
  67:../Generated_Code/USB0.c **** **                Force stall                              : Disabled
  68:../Generated_Code/USB0.c **** **              EP5                                        : Disabled
  69:../Generated_Code/USB0.c **** **                Setup transfers                          : Enabled
  70:../Generated_Code/USB0.c **** **                Handshake                                : Disabled
  71:../Generated_Code/USB0.c **** **                Rx transfer                              : Disabled
  72:../Generated_Code/USB0.c **** **                Tx transfer                              : Disabled
  73:../Generated_Code/USB0.c **** **                Force stall                              : Disabled
  74:../Generated_Code/USB0.c **** **              EP6                                        : Disabled
  75:../Generated_Code/USB0.c **** **                Setup transfers                          : Enabled
  76:../Generated_Code/USB0.c **** **                Handshake                                : Disabled
  77:../Generated_Code/USB0.c **** **                Rx transfer                              : Disabled
  78:../Generated_Code/USB0.c **** **                Tx transfer                              : Disabled
  79:../Generated_Code/USB0.c **** **                Force stall                              : Disabled
  80:../Generated_Code/USB0.c **** **              EP7                                        : Disabled
  81:../Generated_Code/USB0.c **** **                Setup transfers                          : Enabled
  82:../Generated_Code/USB0.c **** **                Handshake                                : Disabled
  83:../Generated_Code/USB0.c **** **                Rx transfer                              : Disabled
  84:../Generated_Code/USB0.c **** **                Tx transfer                              : Disabled
  85:../Generated_Code/USB0.c **** **                Force stall                              : Disabled
  86:../Generated_Code/USB0.c **** **              EP8                                        : Disabled
  87:../Generated_Code/USB0.c **** **                Setup transfers                          : Enabled
  88:../Generated_Code/USB0.c **** **                Handshake                                : Disabled
  89:../Generated_Code/USB0.c **** **                Rx transfer                              : Disabled
  90:../Generated_Code/USB0.c **** **                Tx transfer                              : Disabled
  91:../Generated_Code/USB0.c **** **                Force stall                              : Disabled
  92:../Generated_Code/USB0.c **** **              EP9                                        : Disabled
  93:../Generated_Code/USB0.c **** **                Setup transfers                          : Enabled
  94:../Generated_Code/USB0.c **** **                Handshake                                : Disabled
  95:../Generated_Code/USB0.c **** **                Rx transfer                              : Disabled
  96:../Generated_Code/USB0.c **** **                Tx transfer                              : Disabled
  97:../Generated_Code/USB0.c **** **                Force stall                              : Disabled
  98:../Generated_Code/USB0.c **** **              EP10                                       : Disabled
  99:../Generated_Code/USB0.c **** **                Setup transfers                          : Enabled
 100:../Generated_Code/USB0.c **** **                Handshake                                : Disabled
 101:../Generated_Code/USB0.c **** **                Rx transfer                              : Disabled
 102:../Generated_Code/USB0.c **** **                Tx transfer                              : Disabled
 103:../Generated_Code/USB0.c **** **                Force stall                              : Disabled
 104:../Generated_Code/USB0.c **** **              EP11                                       : Disabled
 105:../Generated_Code/USB0.c **** **                Setup transfers                          : Enabled
 106:../Generated_Code/USB0.c **** **                Handshake                                : Disabled
 107:../Generated_Code/USB0.c **** **                Rx transfer                              : Disabled
 108:../Generated_Code/USB0.c **** **                Tx transfer                              : Disabled
 109:../Generated_Code/USB0.c **** **                Force stall                              : Disabled
 110:../Generated_Code/USB0.c **** **              EP12                                       : Disabled
 111:../Generated_Code/USB0.c **** **                Setup transfers                          : Enabled
 112:../Generated_Code/USB0.c **** **                Handshake                                : Disabled
 113:../Generated_Code/USB0.c **** **                Rx transfer                              : Disabled
 114:../Generated_Code/USB0.c **** **                Tx transfer                              : Disabled
 115:../Generated_Code/USB0.c **** **                Force stall                              : Disabled
 116:../Generated_Code/USB0.c **** **              EP13                                       : Disabled
 117:../Generated_Code/USB0.c **** **                Setup transfers                          : Enabled
 118:../Generated_Code/USB0.c **** **                Handshake                                : Disabled
 119:../Generated_Code/USB0.c **** **                Rx transfer                              : Disabled
 120:../Generated_Code/USB0.c **** **                Tx transfer                              : Disabled
 121:../Generated_Code/USB0.c **** **                Force stall                              : Disabled
 122:../Generated_Code/USB0.c **** **              EP14                                       : Disabled
 123:../Generated_Code/USB0.c **** **                Setup transfers                          : Enabled
 124:../Generated_Code/USB0.c **** **                Handshake                                : Disabled
 125:../Generated_Code/USB0.c **** **                Rx transfer                              : Disabled
 126:../Generated_Code/USB0.c **** **                Tx transfer                              : Disabled
 127:../Generated_Code/USB0.c **** **                Force stall                              : Disabled
 128:../Generated_Code/USB0.c **** **              EP15                                       : Disabled
 129:../Generated_Code/USB0.c **** **                Setup transfers                          : Enabled
 130:../Generated_Code/USB0.c **** **                Handshake                                : Disabled
 131:../Generated_Code/USB0.c **** **                Rx transfer                              : Disabled
 132:../Generated_Code/USB0.c **** **                Tx transfer                              : Disabled
 133:../Generated_Code/USB0.c **** **                Force stall                              : Disabled
 134:../Generated_Code/USB0.c **** **            Buffer descriptor table                      : 
 135:../Generated_Code/USB0.c **** **              External object declaration                : extern uint8 g_Mem[];
 136:../Generated_Code/USB0.c **** **              Address                                    : ((uint32)&g_Mem[0])
 137:../Generated_Code/USB0.c **** **            SOF threshold                                : 0
 138:../Generated_Code/USB0.c **** **          Pins                                           : 
 139:../Generated_Code/USB0.c **** **            Alternate clock source                       : Disabled
 140:../Generated_Code/USB0.c **** **            SOF output                                   : Disabled
 141:../Generated_Code/USB0.c **** **            Data plus                                    : Enabled
 142:../Generated_Code/USB0.c **** **              Pin                                        : USB0_DP
 143:../Generated_Code/USB0.c **** **              Pin signal                                 : 
 144:../Generated_Code/USB0.c **** **            Data minus                                   : Enabled
 145:../Generated_Code/USB0.c **** **              Pin                                        : USB0_DM
 146:../Generated_Code/USB0.c **** **              Pin signal                                 : 
 147:../Generated_Code/USB0.c **** **          Interrupts                                     : 
 148:../Generated_Code/USB0.c **** **            USB                                          : 
 149:../Generated_Code/USB0.c **** **              Interrupt                                  : INT_USB0
 150:../Generated_Code/USB0.c **** **              Interrupt request                          : Disabled
 151:../Generated_Code/USB0.c **** **              Interrupt priority                         : 0 (Highest)
 152:../Generated_Code/USB0.c **** **              ISR Name                                   : USB_ISR
 153:../Generated_Code/USB0.c **** **              Stall                                      : Disabled
 154:../Generated_Code/USB0.c **** **              Attach                                     : Disabled
 155:../Generated_Code/USB0.c **** **              Resume                                     : Disabled
 156:../Generated_Code/USB0.c **** **              Sleep                                      : Disabled
 157:../Generated_Code/USB0.c **** **              Token OK                                   : Disabled
 158:../Generated_Code/USB0.c **** **              Start of frame                             : Disabled
 159:../Generated_Code/USB0.c **** **              Error interrupt                            : Disabled
 160:../Generated_Code/USB0.c **** **              USB reset                                  : Disabled
 161:../Generated_Code/USB0.c **** **              Asynchronous Resume interrupt              : Disabled
 162:../Generated_Code/USB0.c **** **              Error interrupts                           : 
 163:../Generated_Code/USB0.c **** **                Bit stuff error                          : Disabled
 164:../Generated_Code/USB0.c **** **                DMA error                                : Disabled
 165:../Generated_Code/USB0.c **** **                Bus turnaround timeout                   : Disabled
 166:../Generated_Code/USB0.c **** **                Data length error                        : Disabled
 167:../Generated_Code/USB0.c **** **                CRC16 error                              : Disabled
 168:../Generated_Code/USB0.c **** **                CRC5 or EOF                              : Disabled
 169:../Generated_Code/USB0.c **** **                PID error                                : Disabled
 170:../Generated_Code/USB0.c **** **              OTG interrupts                             : 
 171:../Generated_Code/USB0.c **** **                ID pin changed                           : Disabled
 172:../Generated_Code/USB0.c **** **                1 ms interrupt                           : Disabled
 173:../Generated_Code/USB0.c **** **                Line stage change                        : Disabled
 174:../Generated_Code/USB0.c **** **                Session valid                            : Disabled
 175:../Generated_Code/USB0.c **** **                "B" session end                          : Disabled
 176:../Generated_Code/USB0.c **** **                "A" bus valid                            : Disabled
 177:../Generated_Code/USB0.c **** **          Initialization                                 : 
 178:../Generated_Code/USB0.c **** **            Mode                                         : Device
 179:../Generated_Code/USB0.c **** **            USB transceiver suspend state                : Enabled
 180:../Generated_Code/USB0.c **** **            Call Init method                             : no
 181:../Generated_Code/USB0.c **** **     Contents    :
 182:../Generated_Code/USB0.c **** **         Init - void USB0_Init(void);
 183:../Generated_Code/USB0.c **** **
 184:../Generated_Code/USB0.c **** **     Copyright : 1997 - 2015 Freescale Semiconductor, Inc. 
 185:../Generated_Code/USB0.c **** **     All Rights Reserved.
 186:../Generated_Code/USB0.c **** **     
 187:../Generated_Code/USB0.c **** **     Redistribution and use in source and binary forms, with or without modification,
 188:../Generated_Code/USB0.c **** **     are permitted provided that the following conditions are met:
 189:../Generated_Code/USB0.c **** **     
 190:../Generated_Code/USB0.c **** **     o Redistributions of source code must retain the above copyright notice, this list
 191:../Generated_Code/USB0.c **** **       of conditions and the following disclaimer.
 192:../Generated_Code/USB0.c **** **     
 193:../Generated_Code/USB0.c **** **     o Redistributions in binary form must reproduce the above copyright notice, this
 194:../Generated_Code/USB0.c **** **       list of conditions and the following disclaimer in the documentation and/or
 195:../Generated_Code/USB0.c **** **       other materials provided with the distribution.
 196:../Generated_Code/USB0.c **** **     
 197:../Generated_Code/USB0.c **** **     o Neither the name of Freescale Semiconductor, Inc. nor the names of its
 198:../Generated_Code/USB0.c **** **       contributors may be used to endorse or promote products derived from this
 199:../Generated_Code/USB0.c **** **       software without specific prior written permission.
 200:../Generated_Code/USB0.c **** **     
 201:../Generated_Code/USB0.c **** **     THIS SOFTWARE IS PROVIDED BY THE COPYRIGHT HOLDERS AND CONTRIBUTORS "AS IS" AND
 202:../Generated_Code/USB0.c **** **     ANY EXPRESS OR IMPLIED WARRANTIES, INCLUDING, BUT NOT LIMITED TO, THE IMPLIED
 203:../Generated_Code/USB0.c **** **     WARRANTIES OF MERCHANTABILITY AND FITNESS FOR A PARTICULAR PURPOSE ARE
 204:../Generated_Code/USB0.c **** **     DISCLAIMED. IN NO EVENT SHALL THE COPYRIGHT HOLDER OR CONTRIBUTORS BE LIABLE FOR
 205:../Generated_Code/USB0.c **** **     ANY DIRECT, INDIRECT, INCIDENTAL, SPECIAL, EXEMPLARY, OR CONSEQUENTIAL DAMAGES
 206:../Generated_Code/USB0.c **** **     (INCLUDING, BUT NOT LIMITED TO, PROCUREMENT OF SUBSTITUTE GOODS OR SERVICES;
 207:../Generated_Code/USB0.c **** **     LOSS OF USE, DATA, OR PROFITS; OR BUSINESS INTERRUPTION) HOWEVER CAUSED AND ON
 208:../Generated_Code/USB0.c **** **     ANY THEORY OF LIABILITY, WHETHER IN CONTRACT, STRICT LIABILITY, OR TORT
 209:../Generated_Code/USB0.c **** **     (INCLUDING NEGLIGENCE OR OTHERWISE) ARISING IN ANY WAY OUT OF THE USE OF THIS
 210:../Generated_Code/USB0.c **** **     SOFTWARE, EVEN IF ADVISED OF THE POSSIBILITY OF SUCH DAMAGE.
 211:../Generated_Code/USB0.c **** **     
 212:../Generated_Code/USB0.c **** **     http: www.freescale.com
 213:../Generated_Code/USB0.c **** **     mail: support@freescale.com
 214:../Generated_Code/USB0.c **** ** ###################################################################*/
 215:../Generated_Code/USB0.c **** /*!
 216:../Generated_Code/USB0.c **** ** @file USB0.c
 217:../Generated_Code/USB0.c **** ** @version 01.04
 218:../Generated_Code/USB0.c **** ** @brief
 219:../Generated_Code/USB0.c **** **          This file implements the USB_OTG (USB0) module initialization
 220:../Generated_Code/USB0.c **** **          according to the Peripheral Initialization settings, and
 221:../Generated_Code/USB0.c **** **          defines interrupt service routines prototypes.
 222:../Generated_Code/USB0.c **** */         
 223:../Generated_Code/USB0.c **** /*!
 224:../Generated_Code/USB0.c **** **  @addtogroup USB0_module USB0 module documentation
 225:../Generated_Code/USB0.c **** **  @{
 226:../Generated_Code/USB0.c **** */         
 227:../Generated_Code/USB0.c **** 
 228:../Generated_Code/USB0.c **** /* MODULE USB0. */
 229:../Generated_Code/USB0.c **** 
 230:../Generated_Code/USB0.c **** #include "USB0.h"
 231:../Generated_Code/USB0.c ****   /* Including shared modules, which are used in the whole project */
 232:../Generated_Code/USB0.c **** #include "PE_Types.h"
 233:../Generated_Code/USB0.c **** #include "PE_Error.h"
 234:../Generated_Code/USB0.c **** #include "PE_Const.h"
 235:../Generated_Code/USB0.c **** #include "IO_Map.h"
 236:../Generated_Code/USB0.c **** #include "Cpu.h"
 237:../Generated_Code/USB0.c **** 
 238:../Generated_Code/USB0.c **** 
 239:../Generated_Code/USB0.c **** /*
 240:../Generated_Code/USB0.c **** ** ===================================================================
 241:../Generated_Code/USB0.c **** **     Method      :  USB0_Init (component Init_USB_OTG)
 242:../Generated_Code/USB0.c **** **     Description :
 243:../Generated_Code/USB0.c **** **         This method initializes registers of the USB_OTG module
 244:../Generated_Code/USB0.c **** **         according to the Peripheral Initialization settings.
 245:../Generated_Code/USB0.c **** **         Call this method in user code to initialize the module. By
 246:../Generated_Code/USB0.c **** **         default, the method is called by PE automatically; see "Call
 247:../Generated_Code/USB0.c **** **         Init method" property of the component for more details.
 248:../Generated_Code/USB0.c **** **     Parameters  : None
 249:../Generated_Code/USB0.c **** **     Returns     : Nothing
 250:../Generated_Code/USB0.c **** ** ===================================================================
 251:../Generated_Code/USB0.c **** */
 252:../Generated_Code/USB0.c **** extern uint8 g_Mem[];
 253:../Generated_Code/USB0.c **** void USB0_Init(void)
 254:../Generated_Code/USB0.c **** {
  29              		.loc 1 254 0
  30              		.cfi_startproc
  31              		@ args = 0, pretend = 0, frame = 0
  32              		@ frame_needed = 1, uses_anonymous_args = 0
  33              		@ link register save eliminated.
  34 0000 80B4     		push	{r7}
  35              		.cfi_def_cfa_offset 4
  36              		.cfi_offset 7, -4
  37 0002 00AF     		add	r7, sp, #0
  38              		.cfi_def_cfa_register 7
 255:../Generated_Code/USB0.c ****   /* SIM_CLKDIV2: USBDIV=4,USBFRAC=1 */
 256:../Generated_Code/USB0.c ****   SIM_CLKDIV2 = (uint32_t)((SIM_CLKDIV2 & (uint32_t)~(uint32_t)(
  39              		.loc 1 256 0
  40 0004 6249     		ldr	r1, .L2
  41 0006 624B     		ldr	r3, .L2
  42 0008 03F58253 		add	r3, r3, #4160
  43 000c 0833     		adds	r3, r3, #8
  44 000e 1B68     		ldr	r3, [r3]
  45 0010 23F00F03 		bic	r3, r3, #15
  46 0014 43F00902 		orr	r2, r3, #9
  47 0018 01F58253 		add	r3, r1, #4160
  48 001c 0833     		adds	r3, r3, #8
  49 001e 1A60     		str	r2, [r3]
 257:../Generated_Code/USB0.c ****                  SIM_CLKDIV2_USBDIV(0x03)
 258:../Generated_Code/USB0.c ****                 )) | (uint32_t)(
 259:../Generated_Code/USB0.c ****                  SIM_CLKDIV2_USBDIV(0x04) |
 260:../Generated_Code/USB0.c ****                  SIM_CLKDIV2_USBFRAC_MASK
 261:../Generated_Code/USB0.c ****                 ));
 262:../Generated_Code/USB0.c ****   /* SIM_SOPT2: USBSRC=1 */
 263:../Generated_Code/USB0.c ****   SIM_SOPT2 |= SIM_SOPT2_USBSRC_MASK;
  50              		.loc 1 263 0
  51 0020 5B49     		ldr	r1, .L2
  52 0022 5B4B     		ldr	r3, .L2
  53 0024 03F58053 		add	r3, r3, #4096
  54 0028 0433     		adds	r3, r3, #4
  55 002a 1B68     		ldr	r3, [r3]
  56 002c 43F48022 		orr	r2, r3, #262144
  57 0030 01F58053 		add	r3, r1, #4096
  58 0034 0433     		adds	r3, r3, #4
  59 0036 1A60     		str	r2, [r3]
 264:../Generated_Code/USB0.c ****   /* SIM_SCGC4: USBOTG=1 */
 265:../Generated_Code/USB0.c ****   SIM_SCGC4 |= SIM_SCGC4_USBOTG_MASK;
  60              		.loc 1 265 0
  61 0038 5549     		ldr	r1, .L2
  62 003a 554B     		ldr	r3, .L2
  63 003c 03F58153 		add	r3, r3, #4128
  64 0040 1433     		adds	r3, r3, #20
  65 0042 1B68     		ldr	r3, [r3]
  66 0044 43F48022 		orr	r2, r3, #262144
  67 0048 01F58153 		add	r3, r1, #4128
  68 004c 1433     		adds	r3, r3, #20
  69 004e 1A60     		str	r2, [r3]
 266:../Generated_Code/USB0.c ****   /* USB0_CTL: ODDRST=1 */
 267:../Generated_Code/USB0.c ****   USB0_CTL |= USB_CTL_ODDRST_MASK;
  70              		.loc 1 267 0
  71 0050 504B     		ldr	r3, .L2+4
  72 0052 504A     		ldr	r2, .L2+4
  73 0054 92F89420 		ldrb	r2, [r2, #148]
  74 0058 D2B2     		uxtb	r2, r2
  75 005a 42F00202 		orr	r2, r2, #2
  76 005e D2B2     		uxtb	r2, r2
  77 0060 83F89420 		strb	r2, [r3, #148]
 268:../Generated_Code/USB0.c ****   /* USB0_USBCTRL: SUSP=1,PDE=1,??=0,??=0,??=0,??=0,??=0,??=0 */
 269:../Generated_Code/USB0.c ****   USB0_USBCTRL = (USB_USBCTRL_SUSP_MASK | USB_USBCTRL_PDE_MASK);
  78              		.loc 1 269 0
  79 0064 4B4B     		ldr	r3, .L2+4
  80 0066 C022     		movs	r2, #192
  81 0068 83F80021 		strb	r2, [r3, #256]
 270:../Generated_Code/USB0.c ****   /* USB0_OTGISTAT: IDCHG=1,ONEMSEC=1,LINE_STATE_CHG=1,??=1,SESSVLDCHG=1,B_SESS_CHG=1,??=1,AVBUSCHG
 271:../Generated_Code/USB0.c ****   USB0_OTGISTAT = USB_OTGISTAT_IDCHG_MASK |
  82              		.loc 1 271 0
  83 006c 494B     		ldr	r3, .L2+4
  84 006e FF22     		movs	r2, #255
  85 0070 1A74     		strb	r2, [r3, #16]
 272:../Generated_Code/USB0.c ****                   USB_OTGISTAT_ONEMSEC_MASK |
 273:../Generated_Code/USB0.c ****                   USB_OTGISTAT_LINE_STATE_CHG_MASK |
 274:../Generated_Code/USB0.c ****                   USB_OTGISTAT_SESSVLDCHG_MASK |
 275:../Generated_Code/USB0.c ****                   USB_OTGISTAT_B_SESS_CHG_MASK |
 276:../Generated_Code/USB0.c ****                   USB_OTGISTAT_AVBUSCHG_MASK |
 277:../Generated_Code/USB0.c ****                   0x12U;
 278:../Generated_Code/USB0.c ****   /* USB0_ISTAT: STALL=1,ATTACH=1,RESUME=1,SLEEP=1,TOKDNE=1,SOFTOK=1,ERROR=1,USBRST=1 */
 279:../Generated_Code/USB0.c ****   USB0_ISTAT = USB_ISTAT_STALL_MASK |
  86              		.loc 1 279 0
  87 0072 484B     		ldr	r3, .L2+4
  88 0074 FF22     		movs	r2, #255
  89 0076 83F88020 		strb	r2, [r3, #128]
 280:../Generated_Code/USB0.c ****                USB_ISTAT_ATTACH_MASK |
 281:../Generated_Code/USB0.c ****                USB_ISTAT_RESUME_MASK |
 282:../Generated_Code/USB0.c ****                USB_ISTAT_SLEEP_MASK |
 283:../Generated_Code/USB0.c ****                USB_ISTAT_TOKDNE_MASK |
 284:../Generated_Code/USB0.c ****                USB_ISTAT_SOFTOK_MASK |
 285:../Generated_Code/USB0.c ****                USB_ISTAT_ERROR_MASK |
 286:../Generated_Code/USB0.c ****                USB_ISTAT_USBRST_MASK;
 287:../Generated_Code/USB0.c ****   /* USB0_ERRSTAT: BTSERR=1,??=1,DMAERR=1,BTOERR=1,DFN8=1,CRC16=1,CRC5EOF=1,PIDERR=1 */
 288:../Generated_Code/USB0.c ****   USB0_ERRSTAT = USB_ERRSTAT_BTSERR_MASK |
  90              		.loc 1 288 0
  91 007a 464B     		ldr	r3, .L2+4
  92 007c FF22     		movs	r2, #255
  93 007e 83F88820 		strb	r2, [r3, #136]
 289:../Generated_Code/USB0.c ****                  USB_ERRSTAT_DMAERR_MASK |
 290:../Generated_Code/USB0.c ****                  USB_ERRSTAT_BTOERR_MASK |
 291:../Generated_Code/USB0.c ****                  USB_ERRSTAT_DFN8_MASK |
 292:../Generated_Code/USB0.c ****                  USB_ERRSTAT_CRC16_MASK |
 293:../Generated_Code/USB0.c ****                  USB_ERRSTAT_CRC5EOF_MASK |
 294:../Generated_Code/USB0.c ****                  USB_ERRSTAT_PIDERR_MASK |
 295:../Generated_Code/USB0.c ****                  0x40U;
 296:../Generated_Code/USB0.c ****   /* USB0_INTEN: STALLEN=0,ATTACHEN=0,RESUMEEN=0,SLEEPEN=0,TOKDNEEN=0,SOFTOKEN=0,ERROREN=0,USBRSTEN
 297:../Generated_Code/USB0.c ****   USB0_INTEN = 0x00U;
  94              		.loc 1 297 0
  95 0082 444B     		ldr	r3, .L2+4
  96 0084 0022     		movs	r2, #0
  97 0086 83F88420 		strb	r2, [r3, #132]
 298:../Generated_Code/USB0.c ****   /* USB0_ERREN: BTSERREN=0,??=0,DMAERREN=0,BTOERREN=0,DFN8EN=0,CRC16EN=0,CRC5EOFEN=0,PIDERREN=0 */
 299:../Generated_Code/USB0.c ****   USB0_ERREN = 0x00U;
  98              		.loc 1 299 0
  99 008a 424B     		ldr	r3, .L2+4
 100 008c 0022     		movs	r2, #0
 101 008e 83F88C20 		strb	r2, [r3, #140]
 300:../Generated_Code/USB0.c ****   /* USB0_USBTRC0: USBRESET=0,??=1,USBRESMEN=0,??=0,??=0,??=0,SYNC_DET=0,USB_RESUME_INT=0 */
 301:../Generated_Code/USB0.c ****   USB0_USBTRC0 = 0x40U;
 102              		.loc 1 301 0
 103 0092 404B     		ldr	r3, .L2+4
 104 0094 4022     		movs	r2, #64
 105 0096 83F80C21 		strb	r2, [r3, #268]
 302:../Generated_Code/USB0.c ****   /* USB0_OTGICR: IDEN=0,ONEMSECEN=0,LINESTATEEN=0,??=0,SESSVLDEN=0,BSESSEN=0,??=0,AVBUSEN=0 */
 303:../Generated_Code/USB0.c ****   USB0_OTGICR = 0x00U;
 106              		.loc 1 303 0
 107 009a 3E4B     		ldr	r3, .L2+4
 108 009c 0022     		movs	r2, #0
 109 009e 1A75     		strb	r2, [r3, #20]
 304:../Generated_Code/USB0.c ****   /* USB0_ADDR: LSEN=0,ADDR=0 */
 305:../Generated_Code/USB0.c ****   USB0_ADDR = USB_ADDR_ADDR(0x00);
 110              		.loc 1 305 0
 111 00a0 3C4B     		ldr	r3, .L2+4
 112 00a2 0022     		movs	r2, #0
 113 00a4 83F89820 		strb	r2, [r3, #152]
 306:../Generated_Code/USB0.c ****   /* USB0_ENDPT0: HOSTWOHUB=0,RETRYDIS=0,??=0,EPCTLDIS=0,EPRXEN=0,EPTXEN=0,EPSTALL=0,EPHSHK=0 */
 307:../Generated_Code/USB0.c ****   USB0_ENDPT0 = 0x00U;
 114              		.loc 1 307 0
 115 00a8 3A4B     		ldr	r3, .L2+4
 116 00aa 0022     		movs	r2, #0
 117 00ac 83F8C020 		strb	r2, [r3, #192]
 308:../Generated_Code/USB0.c ****   /* USB0_ENDPT1: HOSTWOHUB=0,RETRYDIS=0,??=0,EPCTLDIS=0,EPRXEN=0,EPTXEN=0,EPSTALL=0,EPHSHK=0 */
 309:../Generated_Code/USB0.c ****   USB0_ENDPT1 = 0x00U;
 118              		.loc 1 309 0
 119 00b0 384B     		ldr	r3, .L2+4
 120 00b2 0022     		movs	r2, #0
 121 00b4 83F8C420 		strb	r2, [r3, #196]
 310:../Generated_Code/USB0.c ****   /* USB0_ENDPT2: HOSTWOHUB=0,RETRYDIS=0,??=0,EPCTLDIS=0,EPRXEN=0,EPTXEN=0,EPSTALL=0,EPHSHK=0 */
 311:../Generated_Code/USB0.c ****   USB0_ENDPT2 = 0x00U;
 122              		.loc 1 311 0
 123 00b8 364B     		ldr	r3, .L2+4
 124 00ba 0022     		movs	r2, #0
 125 00bc 83F8C820 		strb	r2, [r3, #200]
 312:../Generated_Code/USB0.c ****   /* USB0_ENDPT3: HOSTWOHUB=0,RETRYDIS=0,??=0,EPCTLDIS=0,EPRXEN=0,EPTXEN=0,EPSTALL=0,EPHSHK=0 */
 313:../Generated_Code/USB0.c ****   USB0_ENDPT3 = 0x00U;
 126              		.loc 1 313 0
 127 00c0 344B     		ldr	r3, .L2+4
 128 00c2 0022     		movs	r2, #0
 129 00c4 83F8CC20 		strb	r2, [r3, #204]
 314:../Generated_Code/USB0.c ****   /* USB0_ENDPT4: HOSTWOHUB=0,RETRYDIS=0,??=0,EPCTLDIS=0,EPRXEN=0,EPTXEN=0,EPSTALL=0,EPHSHK=0 */
 315:../Generated_Code/USB0.c ****   USB0_ENDPT4 = 0x00U;
 130              		.loc 1 315 0
 131 00c8 324B     		ldr	r3, .L2+4
 132 00ca 0022     		movs	r2, #0
 133 00cc 83F8D020 		strb	r2, [r3, #208]
 316:../Generated_Code/USB0.c ****   /* USB0_ENDPT5: HOSTWOHUB=0,RETRYDIS=0,??=0,EPCTLDIS=0,EPRXEN=0,EPTXEN=0,EPSTALL=0,EPHSHK=0 */
 317:../Generated_Code/USB0.c ****   USB0_ENDPT5 = 0x00U;
 134              		.loc 1 317 0
 135 00d0 304B     		ldr	r3, .L2+4
 136 00d2 0022     		movs	r2, #0
 137 00d4 83F8D420 		strb	r2, [r3, #212]
 318:../Generated_Code/USB0.c ****   /* USB0_ENDPT6: HOSTWOHUB=0,RETRYDIS=0,??=0,EPCTLDIS=0,EPRXEN=0,EPTXEN=0,EPSTALL=0,EPHSHK=0 */
 319:../Generated_Code/USB0.c ****   USB0_ENDPT6 = 0x00U;
 138              		.loc 1 319 0
 139 00d8 2E4B     		ldr	r3, .L2+4
 140 00da 0022     		movs	r2, #0
 141 00dc 83F8D820 		strb	r2, [r3, #216]
 320:../Generated_Code/USB0.c ****   /* USB0_ENDPT7: HOSTWOHUB=0,RETRYDIS=0,??=0,EPCTLDIS=0,EPRXEN=0,EPTXEN=0,EPSTALL=0,EPHSHK=0 */
 321:../Generated_Code/USB0.c ****   USB0_ENDPT7 = 0x00U;
 142              		.loc 1 321 0
 143 00e0 2C4B     		ldr	r3, .L2+4
 144 00e2 0022     		movs	r2, #0
 145 00e4 83F8DC20 		strb	r2, [r3, #220]
 322:../Generated_Code/USB0.c ****   /* USB0_ENDPT8: HOSTWOHUB=0,RETRYDIS=0,??=0,EPCTLDIS=0,EPRXEN=0,EPTXEN=0,EPSTALL=0,EPHSHK=0 */
 323:../Generated_Code/USB0.c ****   USB0_ENDPT8 = 0x00U;
 146              		.loc 1 323 0
 147 00e8 2A4B     		ldr	r3, .L2+4
 148 00ea 0022     		movs	r2, #0
 149 00ec 83F8E020 		strb	r2, [r3, #224]
 324:../Generated_Code/USB0.c ****   /* USB0_ENDPT9: HOSTWOHUB=0,RETRYDIS=0,??=0,EPCTLDIS=0,EPRXEN=0,EPTXEN=0,EPSTALL=0,EPHSHK=0 */
 325:../Generated_Code/USB0.c ****   USB0_ENDPT9 = 0x00U;
 150              		.loc 1 325 0
 151 00f0 284B     		ldr	r3, .L2+4
 152 00f2 0022     		movs	r2, #0
 153 00f4 83F8E420 		strb	r2, [r3, #228]
 326:../Generated_Code/USB0.c ****   /* USB0_ENDPT10: HOSTWOHUB=0,RETRYDIS=0,??=0,EPCTLDIS=0,EPRXEN=0,EPTXEN=0,EPSTALL=0,EPHSHK=0 */
 327:../Generated_Code/USB0.c ****   USB0_ENDPT10 = 0x00U;
 154              		.loc 1 327 0
 155 00f8 264B     		ldr	r3, .L2+4
 156 00fa 0022     		movs	r2, #0
 157 00fc 83F8E820 		strb	r2, [r3, #232]
 328:../Generated_Code/USB0.c ****   /* USB0_ENDPT11: HOSTWOHUB=0,RETRYDIS=0,??=0,EPCTLDIS=0,EPRXEN=0,EPTXEN=0,EPSTALL=0,EPHSHK=0 */
 329:../Generated_Code/USB0.c ****   USB0_ENDPT11 = 0x00U;
 158              		.loc 1 329 0
 159 0100 244B     		ldr	r3, .L2+4
 160 0102 0022     		movs	r2, #0
 161 0104 83F8EC20 		strb	r2, [r3, #236]
 330:../Generated_Code/USB0.c ****   /* USB0_ENDPT12: HOSTWOHUB=0,RETRYDIS=0,??=0,EPCTLDIS=0,EPRXEN=0,EPTXEN=0,EPSTALL=0,EPHSHK=0 */
 331:../Generated_Code/USB0.c ****   USB0_ENDPT12 = 0x00U;
 162              		.loc 1 331 0
 163 0108 224B     		ldr	r3, .L2+4
 164 010a 0022     		movs	r2, #0
 165 010c 83F8F020 		strb	r2, [r3, #240]
 332:../Generated_Code/USB0.c ****   /* USB0_ENDPT13: HOSTWOHUB=0,RETRYDIS=0,??=0,EPCTLDIS=0,EPRXEN=0,EPTXEN=0,EPSTALL=0,EPHSHK=0 */
 333:../Generated_Code/USB0.c ****   USB0_ENDPT13 = 0x00U;
 166              		.loc 1 333 0
 167 0110 204B     		ldr	r3, .L2+4
 168 0112 0022     		movs	r2, #0
 169 0114 83F8F420 		strb	r2, [r3, #244]
 334:../Generated_Code/USB0.c ****   /* USB0_ENDPT14: HOSTWOHUB=0,RETRYDIS=0,??=0,EPCTLDIS=0,EPRXEN=0,EPTXEN=0,EPSTALL=0,EPHSHK=0 */
 335:../Generated_Code/USB0.c ****   USB0_ENDPT14 = 0x00U;
 170              		.loc 1 335 0
 171 0118 1E4B     		ldr	r3, .L2+4
 172 011a 0022     		movs	r2, #0
 173 011c 83F8F820 		strb	r2, [r3, #248]
 336:../Generated_Code/USB0.c ****   /* USB0_ENDPT15: HOSTWOHUB=0,RETRYDIS=0,??=0,EPCTLDIS=0,EPRXEN=0,EPTXEN=0,EPSTALL=0,EPHSHK=0 */
 337:../Generated_Code/USB0.c ****   USB0_ENDPT15 = 0x00U;
 174              		.loc 1 337 0
 175 0120 1C4B     		ldr	r3, .L2+4
 176 0122 0022     		movs	r2, #0
 177 0124 83F8FC20 		strb	r2, [r3, #252]
 338:../Generated_Code/USB0.c ****   USB0_BDTPAGE1 = (uint8_t)((((uint32_t)((uint32)&g_Mem[0])) >> 0x08) & 0xFEU);
 178              		.loc 1 338 0
 179 0128 1A4B     		ldr	r3, .L2+4
 180 012a 1B4A     		ldr	r2, .L2+8
 181 012c 120A     		lsrs	r2, r2, #8
 182 012e D2B2     		uxtb	r2, r2
 183 0130 22F00102 		bic	r2, r2, #1
 184 0134 D2B2     		uxtb	r2, r2
 185 0136 83F89C20 		strb	r2, [r3, #156]
 339:../Generated_Code/USB0.c ****   USB0_BDTPAGE2 = (uint8_t)((((uint32_t)((uint32)&g_Mem[0])) >> 0x10) & 0xFFU);
 186              		.loc 1 339 0
 187 013a 164B     		ldr	r3, .L2+4
 188 013c 164A     		ldr	r2, .L2+8
 189 013e 120C     		lsrs	r2, r2, #16
 190 0140 D2B2     		uxtb	r2, r2
 191 0142 83F8B020 		strb	r2, [r3, #176]
 340:../Generated_Code/USB0.c ****   USB0_BDTPAGE3 = (uint8_t)((((uint32_t)((uint32)&g_Mem[0])) >> 0x18) & 0xFFU);
 192              		.loc 1 340 0
 193 0146 134B     		ldr	r3, .L2+4
 194 0148 134A     		ldr	r2, .L2+8
 195 014a 120E     		lsrs	r2, r2, #24
 196 014c D2B2     		uxtb	r2, r2
 197 014e 83F8B420 		strb	r2, [r3, #180]
 341:../Generated_Code/USB0.c ****   /* USB0_SOFTHLD: CNT=0 */
 342:../Generated_Code/USB0.c ****   USB0_SOFTHLD = USB_SOFTHLD_CNT(0x00);
 198              		.loc 1 342 0
 199 0152 104B     		ldr	r3, .L2+4
 200 0154 0022     		movs	r2, #0
 201 0156 83F8AC20 		strb	r2, [r3, #172]
 343:../Generated_Code/USB0.c ****   /* USB0_OTGCTL: DPHIGH=0,??=0,DPLOW=0,DMLOW=0,??=0,OTGEN=0,??=0,??=0 */
 344:../Generated_Code/USB0.c ****   USB0_OTGCTL = 0x00U;
 202              		.loc 1 344 0
 203 015a 0E4B     		ldr	r3, .L2+4
 204 015c 0022     		movs	r2, #0
 205 015e 1A77     		strb	r2, [r3, #28]
 345:../Generated_Code/USB0.c ****   /* USB0_CONTROL: ??=0,??=0,??=0,DPPULLUPNONOTG=0,??=0,??=0,??=0,??=0 */
 346:../Generated_Code/USB0.c ****   USB0_CONTROL = 0x00U;
 206              		.loc 1 346 0
 207 0160 0C4B     		ldr	r3, .L2+4
 208 0162 0022     		movs	r2, #0
 209 0164 83F80821 		strb	r2, [r3, #264]
 347:../Generated_Code/USB0.c ****   /* USB0_CTL: TXSUSPENDTOKENBUSY=0,HOSTMODEEN=0,ODDRST=0,USBENSOFEN=1 */
 348:../Generated_Code/USB0.c ****   USB0_CTL = (uint8_t)((USB0_CTL & (uint8_t)~(uint8_t)(
 210              		.loc 1 348 0
 211 0168 0A4B     		ldr	r3, .L2+4
 212 016a 0A4A     		ldr	r2, .L2+4
 213 016c 92F89420 		ldrb	r2, [r2, #148]
 214 0170 D2B2     		uxtb	r2, r2
 215 0172 D2B2     		uxtb	r2, r2
 216 0174 22F02B02 		bic	r2, r2, #43
 217 0178 D2B2     		uxtb	r2, r2
 218 017a 42F00102 		orr	r2, r2, #1
 219 017e D2B2     		uxtb	r2, r2
 220 0180 D2B2     		uxtb	r2, r2
 221 0182 83F89420 		strb	r2, [r3, #148]
 349:../Generated_Code/USB0.c ****               USB_CTL_TXSUSPENDTOKENBUSY_MASK |
 350:../Generated_Code/USB0.c ****               USB_CTL_HOSTMODEEN_MASK |
 351:../Generated_Code/USB0.c ****               USB_CTL_ODDRST_MASK
 352:../Generated_Code/USB0.c ****              )) | (uint8_t)(
 353:../Generated_Code/USB0.c ****               USB_CTL_USBENSOFEN_MASK
 354:../Generated_Code/USB0.c ****              ));
 355:../Generated_Code/USB0.c **** }
 222              		.loc 1 355 0
 223 0186 BD46     		mov	sp, r7
 224              		@ sp needed
 225 0188 5DF8047B 		ldr	r7, [sp], #4
 226 018c 7047     		bx	lr
 227              	.L3:
 228 018e 00BF     		.align	2
 229              	.L2:
 230 0190 00700440 		.word	1074032640
 231 0194 00200740 		.word	1074208768
 232 0198 00000000 		.word	g_Mem
 233              		.cfi_endproc
 234              	.LFE0:
 236              		.text
 237              	.Letext0:
 238              		.file 2 "c:\\freescale\\kds_v3\\toolchain\\arm-none-eabi\\include\\machine\\_default_types.h"
 239              		.file 3 "c:\\freescale\\kds_v3\\toolchain\\arm-none-eabi\\include\\stdint.h"
 240              		.file 4 "../Generated_Code/PE_Types.h"
 241              		.file 5 "C:/INTRO_HS18/IntroAronAlex/TEAM_Robot/Static_Code/IO_Map/MK22F12.h"
DEFINED SYMBOLS
                            *ABS*:00000000 USB0.c
C:\Users\Aron\AppData\Local\Temp\cc3gNs2d.s:21     .text.USB0_Init:00000000 $t
C:\Users\Aron\AppData\Local\Temp\cc3gNs2d.s:26     .text.USB0_Init:00000000 USB0_Init
C:\Users\Aron\AppData\Local\Temp\cc3gNs2d.s:230    .text.USB0_Init:00000190 $d
                     .debug_frame:00000010 $d
                           .group:00000000 wm4.0.22dcf9ce9babd46e5ea858ea4400d115
                           .group:00000000 wm4.features.h.22.6a4ca7cd053637cc1d0db6c16f39b2d7
                           .group:00000000 wm4._default_types.h.15.8b2cb27e528498f8ff711db085d6e489
                           .group:00000000 wm4.stdint.h.20.796e373797e732130a803d4c0338fa1b
                           .group:00000000 wm4.PE_Types.h.68.de7a315b6e4c635a9a7a45ae6ec20b08
                           .group:00000000 wm4.PE_Error.h.60.6ccf96637e85421388d147a5dcbc3621
                           .group:00000000 wm4.PE_Const.h.60.44eca2ca2a72148441f11b3e43b344a9
                           .group:00000000 wm4.MK22F12.h.59.83dcc0895f45d7d67f2182a38aa7f04f
                           .group:00000000 wm4.Cpu.h.66.9574a96471c5a4e92ddf5418cbdcf9a5

UNDEFINED SYMBOLS
g_Mem
