   1              		.syntax unified
   2              		.cpu cortex-m4
   3              		.eabi_attribute 27, 3
   4              		.eabi_attribute 28, 1
   5              		.fpu fpv4-sp-d16
   6              		.eabi_attribute 20, 1
   7              		.eabi_attribute 21, 1
   8              		.eabi_attribute 23, 3
   9              		.eabi_attribute 24, 1
  10              		.eabi_attribute 25, 1
  11              		.eabi_attribute 26, 1
  12              		.eabi_attribute 30, 6
  13              		.eabi_attribute 34, 1
  14              		.eabi_attribute 18, 4
  15              		.thumb
  16              		.file	"Vectors.c"
  17              		.text
  18              	.Ltext0:
  19              		.cfi_sections	.debug_frame
  20              		.section	.rodata.TmDt1_DefaultTime,"a",%progbits
  21              		.align	2
  24              	TmDt1_DefaultTime:
  25 0000 11       		.byte	17
  26 0001 33       		.byte	51
  27 0002 1F       		.byte	31
  28 0003 00       		.byte	0
  29              		.section	.rodata.TmDt1_DefaultDate,"a",%progbits
  30              		.align	2
  33              	TmDt1_DefaultDate:
  34 0000 DC07     		.short	2012
  35 0002 07       		.byte	7
  36 0003 16       		.byte	22
  37              		.global	__vect_table
  38              		.section	.vectortable,"a",%progbits
  39              		.align	2
  42              	__vect_table:
  43 0000 00000000 		.word	__SP_INIT
  44 0004 00000000 		.word	__thumb_startup
  45 0008 00000000 		.word	Cpu_INT_NMIInterrupt
  46 000c 00000000 		.word	HF1_HardFaultHandler
  47 0010 00000000 		.word	Cpu_ivINT_Mem_Manage_Fault
  48 0014 00000000 		.word	Cpu_ivINT_Bus_Fault
  49 0018 00000000 		.word	Cpu_ivINT_Usage_Fault
  50 001c 00000000 		.word	Cpu_ivINT_Reserved7
  51 0020 00000000 		.word	Cpu_ivINT_Reserved8
  52 0024 00000000 		.word	Cpu_ivINT_Reserved9
  53 0028 00000000 		.word	Cpu_ivINT_Reserved10
  54 002c 00000000 		.word	Cpu_ivINT_SVCall
  55 0030 00000000 		.word	Cpu_ivINT_DebugMonitor
  56 0034 00000000 		.word	Cpu_ivINT_Reserved13
  57 0038 00000000 		.word	Cpu_ivINT_PendableSrvReq
  58 003c 00000000 		.word	Cpu_ivINT_SysTick
  59 0040 00000000 		.word	Cpu_ivINT_DMA0
  60 0044 00000000 		.word	Cpu_ivINT_DMA1
  61 0048 00000000 		.word	Cpu_ivINT_DMA2
  62 004c 00000000 		.word	Cpu_ivINT_DMA3
  63 0050 00000000 		.word	Cpu_ivINT_DMA4
  64 0054 00000000 		.word	Cpu_ivINT_DMA5
  65 0058 00000000 		.word	Cpu_ivINT_DMA6
  66 005c 00000000 		.word	Cpu_ivINT_DMA7
  67 0060 00000000 		.word	Cpu_ivINT_DMA8
  68 0064 00000000 		.word	Cpu_ivINT_DMA9
  69 0068 00000000 		.word	Cpu_ivINT_DMA10
  70 006c 00000000 		.word	Cpu_ivINT_DMA11
  71 0070 00000000 		.word	Cpu_ivINT_DMA12
  72 0074 00000000 		.word	Cpu_ivINT_DMA13
  73 0078 00000000 		.word	Cpu_ivINT_DMA14
  74 007c 00000000 		.word	Cpu_ivINT_DMA15
  75 0080 00000000 		.word	Cpu_ivINT_DMA_Error
  76 0084 00000000 		.word	Cpu_ivINT_MCM
  77 0088 00000000 		.word	Cpu_ivINT_FTFE
  78 008c 00000000 		.word	Cpu_ivINT_Read_Collision
  79 0090 00000000 		.word	Cpu_ivINT_LVD_LVW
  80 0094 00000000 		.word	Cpu_ivINT_LLWU
  81 0098 00000000 		.word	Cpu_ivINT_WDOG_EWM
  82 009c 00000000 		.word	Cpu_ivINT_Reserved39
  83 00a0 00000000 		.word	Cpu_ivINT_I2C0
  84 00a4 00000000 		.word	Cpu_ivINT_I2C1
  85 00a8 00000000 		.word	Cpu_ivINT_SPI0
  86 00ac 00000000 		.word	Cpu_ivINT_SPI1
  87 00b0 00000000 		.word	Cpu_ivINT_I2S0_Tx
  88 00b4 00000000 		.word	Cpu_ivINT_I2S0_Rx
  89 00b8 00000000 		.word	Cpu_ivINT_Reserved46
  90 00bc 00000000 		.word	Cpu_ivINT_UART0_RX_TX
  91 00c0 00000000 		.word	Cpu_ivINT_UART0_ERR
  92 00c4 00000000 		.word	Cpu_ivINT_UART1_RX_TX
  93 00c8 00000000 		.word	Cpu_ivINT_UART1_ERR
  94 00cc 00000000 		.word	Cpu_ivINT_UART2_RX_TX
  95 00d0 00000000 		.word	Cpu_ivINT_UART2_ERR
  96 00d4 00000000 		.word	Cpu_ivINT_UART3_RX_TX
  97 00d8 00000000 		.word	Cpu_ivINT_UART3_ERR
  98 00dc 00000000 		.word	Cpu_ivINT_ADC0
  99 00e0 00000000 		.word	Cpu_ivINT_CMP0
 100 00e4 00000000 		.word	Cpu_ivINT_CMP1
 101 00e8 00000000 		.word	Cpu_ivINT_FTM0
 102 00ec 00000000 		.word	Cpu_ivINT_FTM1
 103 00f0 00000000 		.word	Cpu_ivINT_FTM2
 104 00f4 00000000 		.word	Cpu_ivINT_CMT
 105 00f8 00000000 		.word	Cpu_ivINT_RTC
 106 00fc 00000000 		.word	Cpu_ivINT_RTC_Seconds
 107 0100 00000000 		.word	Cpu_ivINT_PIT0
 108 0104 00000000 		.word	TU_QuadInt_Interrupt
 109 0108 00000000 		.word	Cpu_ivINT_PIT2
 110 010c 00000000 		.word	Cpu_ivINT_PIT3
 111 0110 00000000 		.word	Cpu_ivINT_PDB0
 112 0114 00000000 		.word	USB_ISR
 113 0118 00000000 		.word	Cpu_ivINT_USBDCD
 114 011c 00000000 		.word	Cpu_ivINT_Reserved71
 115 0120 00000000 		.word	Cpu_ivINT_DAC0
 116 0124 00000000 		.word	Cpu_ivINT_MCG
 117 0128 00000000 		.word	Cpu_ivINT_LPTMR0
 118 012c 00000000 		.word	Cpu_ivINT_PORTA
 119 0130 00000000 		.word	Cpu_ivINT_PORTB
 120 0134 00000000 		.word	Cpu_ivINT_PORTC
 121 0138 00000000 		.word	Cpu_ivINT_PORTD
 122 013c 00000000 		.word	Cpu_ivINT_PORTE
 123 0140 00000000 		.word	Cpu_ivINT_SWI
 124 0144 00000000 		.word	Cpu_ivINT_Reserved81
 125 0148 00000000 		.word	Cpu_ivINT_Reserved82
 126 014c 00000000 		.word	Cpu_ivINT_Reserved83
 127 0150 00000000 		.word	Cpu_ivINT_Reserved84
 128 0154 00000000 		.word	Cpu_ivINT_Reserved85
 129 0158 00000000 		.word	Cpu_ivINT_CMP2
 130 015c 00000000 		.word	Cpu_ivINT_FTM3
 131 0160 00000000 		.word	Cpu_ivINT_Reserved88
 132 0164 00000000 		.word	Cpu_ivINT_ADC1
 133 0168 00000000 		.word	Cpu_ivINT_I2C2
 134 016c 00000000 		.word	Cpu_ivINT_CAN0_ORed_Message_buffer
 135 0170 00000000 		.word	Cpu_ivINT_CAN0_Bus_Off
 136 0174 00000000 		.word	Cpu_ivINT_CAN0_Error
 137 0178 00000000 		.word	Cpu_ivINT_CAN0_Tx_Warning
 138 017c 00000000 		.word	Cpu_ivINT_CAN0_Rx_Warning
 139 0180 00000000 		.word	Cpu_ivINT_CAN0_Wake_Up
 140 0184 00000000 		.word	Cpu_ivINT_SDHC
 141              		.text
 142              	.Letext0:
 143              		.file 1 "c:\\freescale\\kds_v3\\toolchain\\arm-none-eabi\\include\\machine\\_default_types.h"
 144              		.file 2 "c:\\freescale\\kds_v3\\toolchain\\arm-none-eabi\\include\\stdint.h"
 145              		.file 3 "../Generated_Code/Cpu.h"
 146              		.file 4 "../Generated_Code/TmDt1.h"
 147              		.file 5 "../Generated_Code/Vectors.c"
DEFINED SYMBOLS
                            *ABS*:00000000 Vectors.c
C:\Users\Aron\AppData\Local\Temp\ccsJDqZQ.s:21     .rodata.TmDt1_DefaultTime:00000000 $d
C:\Users\Aron\AppData\Local\Temp\ccsJDqZQ.s:24     .rodata.TmDt1_DefaultTime:00000000 TmDt1_DefaultTime
C:\Users\Aron\AppData\Local\Temp\ccsJDqZQ.s:30     .rodata.TmDt1_DefaultDate:00000000 $d
C:\Users\Aron\AppData\Local\Temp\ccsJDqZQ.s:33     .rodata.TmDt1_DefaultDate:00000000 TmDt1_DefaultDate
C:\Users\Aron\AppData\Local\Temp\ccsJDqZQ.s:42     .vectortable:00000000 __vect_table
C:\Users\Aron\AppData\Local\Temp\ccsJDqZQ.s:39     .vectortable:00000000 $d
                           .group:00000000 wm4.0.22dcf9ce9babd46e5ea858ea4400d115
                           .group:00000000 wm4.features.h.22.6a4ca7cd053637cc1d0db6c16f39b2d7
                           .group:00000000 wm4._default_types.h.15.8b2cb27e528498f8ff711db085d6e489
                           .group:00000000 wm4.stdint.h.20.796e373797e732130a803d4c0338fa1b
                           .group:00000000 wm4.PE_Types.h.68.de7a315b6e4c635a9a7a45ae6ec20b08
                           .group:00000000 wm4.PE_Error.h.60.6ccf96637e85421388d147a5dcbc3621
                           .group:00000000 wm4.PE_Const.h.60.44eca2ca2a72148441f11b3e43b344a9
                           .group:00000000 wm4.MK22F12.h.59.83dcc0895f45d7d67f2182a38aa7f04f
                           .group:00000000 wm4.Cpu.h.80.27ab3269a1d751f899c04690559be7d6
                           .group:00000000 wm4.MCUC1config.h.9.0bb8fec22d828f19e34a4cdf9951d555
                           .group:00000000 wm4.CLS1config.h.2.854bb35357facad932898800d8509913
                           .group:00000000 wm4.CLS1.h.122.6dfe00e3ccac8c27c20e405bc6b8e609
                           .group:00000000 wm4.WAIT1config.h.9.10dc563fdcbcf1b71ae6cd3c0d22fd32
                           .group:00000000 wm4.WAIT1.h.93.af9b975f9a6d5eb80ff72ca188861d18
                           .group:00000000 wm4.newlib.h.8.fec018e441fee7bfa1923812ad010f97
                           .group:00000000 wm4.config.h.212.4163ef2871a828c674038d036b081cfd
                           .group:00000000 wm4._ansi.h.23.2147fde150631f5584b9dc29b914d1b8
                           .group:00000000 wm4.stddef.h.39.daafd3d79fe2f3a84d2d73d7d4e706f8
                           .group:00000000 wm4.lock.h.2.9bc98482741e5e2a9450b12934a684ea
                           .group:00000000 wm4._types.h.54.d3d34a3b7f3cc230cd159baf022b4b08
                           .group:00000000 wm4.stddef.h.158.61317cdbfb4026324507d123a50b0fd6
                           .group:00000000 wm4.reent.h.17.8bd9e4098e0428508c282cad794fae43
                           .group:00000000 wm4.cdefs.h.56.a2d04de9d47039852021e66fca39bb58
                           .group:00000000 wm4.string.h.15.dab3980bf35408a4c507182805e2de3a
                           .group:00000000 wm4.stddef.h.158.a7efb00f6cbc6f43213b50e183c9830c
                           .group:00000000 wm4.UTIL1.h.779.3f4da336bf693064cf78522cb140d5f7
                           .group:00000000 wm4.XF1config.h.2.019525ef4bf64d9e3cd792a651ed2fc0
                           .group:00000000 wm4.stdarg.h.31.72c3aa8d68b291953fa52b9471bcdff7
                           .group:00000000 wm4.CS1config.h.2.e5153cf58e5fe0ee6ea0dc776d94aafd
                           .group:00000000 wm4.CS1.h.86.71773cc9f7a1189b60d5af00334fca8e
                           .group:00000000 wm4.CLS1.h.172.83b9daee286b58c7d453522f7dba0b4f
                           .group:00000000 wm4.HF1config.h.2.9ac2f63384419afc90014cf0377b0f43
                           .group:00000000 wm4.KIN1config.h.9.ab40a5871d92daf91163fbd666cce881
                           .group:00000000 wm4.KIN1.h.91.3d4462c05cb3114f21995efcad73491e
                           .group:00000000 wm4.PDD_Types.h.5.e0b4125fe5201c5e1f688b067f4f0d54
                           .group:00000000 wm4.GPIO_PDD.h.123.0d360e6978ec29f76970d5d88d4be5fd
                           .group:00000000 wm4.BitIoLdd1.h.106.6aefd12cf122f858b9a6e67e04698df3
                           .group:00000000 wm4.LEDPin1.h.120.0f7601ad191d04c80fd3ddb71251d171
                           .group:00000000 wm4.BitIoLdd2.h.84.64d657f533e4e051bbc2978dd6e2235b
                           .group:00000000 wm4.LEDPin2.h.120.c2ee03db2e7e458899a79b5e691b310f
                           .group:00000000 wm4.BitIoLdd3.h.80.f05901605addf9f16fd809d9e28a4caf
                           .group:00000000 wm4.BitIoLdd4.h.84.7eb71e610568b023506a69afad8f09fd
                           .group:00000000 wm4.BUZ1.h.120.8e6c531384bea9e8ca2bbc8bc2d3ddfa
                           .group:00000000 wm4.RTT1config.h.9.558b8e72f87fd463160ae39e042c41f1
                           .group:00000000 wm4.SEGGER_RTT_Conf.h.68.24b18c92ee0ed50596d5a2ac2446e1f3
                           .group:00000000 wm4.SEGGER_RTT.h.170.7440a65c6e414fb2a8040073a0d6a958
                           .group:00000000 wm4.RTT1.h.115.43f0ed708a6264c94c5a08549cc1736d
                           .group:00000000 wm4.BitIoLdd5.h.83.06666aca4789003a87ddf4a1c03c30bb
                           .group:00000000 wm4.LEDpin3.h.119.c8dbb0df9eaea76eb8c772f8b6a93b9e
                           .group:00000000 wm4.LED_IR.h.89.bb1bda720ff4993422313b57362152b8
                           .group:00000000 wm4.FTM_PDD.h.9.4bf67b81fa923530600b2f7d82fb2c82
                           .group:00000000 wm4.RefCnt.h.119.51c58ca380cb781004d49e143bcf25ce
                           .group:00000000 wm4.BitIoLdd6.h.86.8c3db6ace448db0460b7b918d55b052f
                           .group:00000000 wm4.IR1.h.115.7ad95a1efdb73410d85da1efd9af50ec
                           .group:00000000 wm4.BitIoLdd7.h.86.1aca84bdbe0d0f3eb31633a0dd178595
                           .group:00000000 wm4.IR2.h.115.4c52749d4740eb1eb024d7b73d3ae164
                           .group:00000000 wm4.BitIoLdd8.h.86.3f05f0deda60864e24298fccd4f84847
                           .group:00000000 wm4.IR3.h.115.487f3b2e89cbf00a9b70404b3ff28538
                           .group:00000000 wm4.BitIoLdd9.h.86.193660535d8a583368f21e5788049bc2
                           .group:00000000 wm4.IR4.h.115.43d770b35540c7b4c57f8578a4ac4859
                           .group:00000000 wm4.BitIoLdd10.h.86.0a65f301f331cf043a491a1d5af49375
                           .group:00000000 wm4.IR5.h.115.5fa5d4527eda62e01e2eb48ec2474852
                           .group:00000000 wm4.BitIoLdd11.h.86.118e31cee7bf502dc8f630e7613f28ff
                           .group:00000000 wm4.IR6.h.115.844e1ca32815ba11d89c1a6d4994d491
                           .group:00000000 wm4.BitIoLdd16.h.80.553771aed0ac977680127199a53411c3
                           .group:00000000 wm4.BitIoLdd17.h.80.4955ec09d8ba6218b2155bd2806c47ef
                           .group:00000000 wm4.Q4CLeft.h.95.e8e289488260c59685bbedea33440786
                           .group:00000000 wm4.BitIoLdd18.h.80.9bd8c96d631c658197bd9f5a96217378
                           .group:00000000 wm4.BitIoLdd19.h.80.3e408b47d901a6602b2ffb435d1bed45
                           .group:00000000 wm4.Q4CRight.h.95.2dcac9bda47be73a4c2f58b434332738
                           .group:00000000 wm4.MOTTU.h.132.efbe072b278d4563486200c24bc4d8f2
                           .group:00000000 wm4.BitIoLdd12.h.83.89ad729bdc6bcdd64dbdba0a7a785f29
                           .group:00000000 wm4.DIRL.h.119.0ba0dba920116942c24256eef94918d6
                           .group:00000000 wm4.PwmLdd2.h.98.bc83a6167704a236eb65a91868225596
                           .group:00000000 wm4.PWMR.h.104.1676261867e53519aacdeb0fe42a5e28
                           .group:00000000 wm4.BitIoLdd13.h.83.b3e4843c66f80c7b9f602fbe583579ff
                           .group:00000000 wm4.DIRR.h.119.3819064066d96bdb639e5fdeb31268a4
                           .group:00000000 wm4.PwmLdd3.h.98.4e755c5cacda2ff1bc644a2d16364051
                           .group:00000000 wm4.PWML.h.104.39854974e902631947e808c7b34a4660
                           .group:00000000 wm4.PIT_PDD.h.9.7be1c07eaee825acab7b9ea5f7bf2d60
                           .group:00000000 wm4.TU_QuadInt.h.119.c95e3fe39b4be442ba105baa4ac336a5
                           .group:00000000 wm4.TimerIntLdd2.h.115.d2bfa8e5c6927b3e9f2311b6b5c7077a
                           .group:00000000 wm4.TMOUT1.h.87.b6e8a0bc76f5ddb6885fb8160d83a276
                           .group:00000000 wm4.CDC1config.h.2.2be1a589b954aa914c1902ad9ba021c3
                           .group:00000000 wm4.Rx1config.h.2.c30e4a0e45f6e807cce9dde5ea425cff
                           .group:00000000 wm4.Tx1config.h.2.d91879c115169a321839683317c9c920
                           .group:00000000 wm4.CDC1.h.124.b4a2251cc75154da6719786102b54d8a
                           .group:00000000 wm4.USB1.h.87.d7dd529d6ff87e63a83403004f604115
                           .group:00000000 wm4.FTFE_PDD.h.9.40d68fd77e239c683ea3840917fd4e47
                           .group:00000000 wm4.FMC_PDD.h.9.181464bd332af8d36f15c072c1936de8
                           .group:00000000 wm4.IntFlashLdd1.h.119.6ef6fcca95541f24b629003abfa3038e
                           .group:00000000 wm4.IFsh1.h.121.c87d7033c18812659e3ae9b3118ceeb7
                           .group:00000000 wm4.USB0.h.229.b789068b5a727688d0846632d913cfef
                           .group:00000000 wm4.ADC_PDD.h.9.df8c50f584de4b57c0a352475fa7e81c
                           .group:00000000 wm4.ADC_Bat.h.137.a84b4e3a144db38a435c2634c7d72458
                           .group:00000000 wm4.TmDt1.h.123.693fa6f195c7fc631f6dcf3a45c64eb4

UNDEFINED SYMBOLS
__SP_INIT
__thumb_startup
Cpu_INT_NMIInterrupt
HF1_HardFaultHandler
Cpu_ivINT_Mem_Manage_Fault
Cpu_ivINT_Bus_Fault
Cpu_ivINT_Usage_Fault
Cpu_ivINT_Reserved7
Cpu_ivINT_Reserved8
Cpu_ivINT_Reserved9
Cpu_ivINT_Reserved10
Cpu_ivINT_SVCall
Cpu_ivINT_DebugMonitor
Cpu_ivINT_Reserved13
Cpu_ivINT_PendableSrvReq
Cpu_ivINT_SysTick
Cpu_ivINT_DMA0
Cpu_ivINT_DMA1
Cpu_ivINT_DMA2
Cpu_ivINT_DMA3
Cpu_ivINT_DMA4
Cpu_ivINT_DMA5
Cpu_ivINT_DMA6
Cpu_ivINT_DMA7
Cpu_ivINT_DMA8
Cpu_ivINT_DMA9
Cpu_ivINT_DMA10
Cpu_ivINT_DMA11
Cpu_ivINT_DMA12
Cpu_ivINT_DMA13
Cpu_ivINT_DMA14
Cpu_ivINT_DMA15
Cpu_ivINT_DMA_Error
Cpu_ivINT_MCM
Cpu_ivINT_FTFE
Cpu_ivINT_Read_Collision
Cpu_ivINT_LVD_LVW
Cpu_ivINT_LLWU
Cpu_ivINT_WDOG_EWM
Cpu_ivINT_Reserved39
Cpu_ivINT_I2C0
Cpu_ivINT_I2C1
Cpu_ivINT_SPI0
Cpu_ivINT_SPI1
Cpu_ivINT_I2S0_Tx
Cpu_ivINT_I2S0_Rx
Cpu_ivINT_Reserved46
Cpu_ivINT_UART0_RX_TX
Cpu_ivINT_UART0_ERR
Cpu_ivINT_UART1_RX_TX
Cpu_ivINT_UART1_ERR
Cpu_ivINT_UART2_RX_TX
Cpu_ivINT_UART2_ERR
Cpu_ivINT_UART3_RX_TX
Cpu_ivINT_UART3_ERR
Cpu_ivINT_ADC0
Cpu_ivINT_CMP0
Cpu_ivINT_CMP1
Cpu_ivINT_FTM0
Cpu_ivINT_FTM1
Cpu_ivINT_FTM2
Cpu_ivINT_CMT
Cpu_ivINT_RTC
Cpu_ivINT_RTC_Seconds
Cpu_ivINT_PIT0
TU_QuadInt_Interrupt
Cpu_ivINT_PIT2
Cpu_ivINT_PIT3
Cpu_ivINT_PDB0
USB_ISR
Cpu_ivINT_USBDCD
Cpu_ivINT_Reserved71
Cpu_ivINT_DAC0
Cpu_ivINT_MCG
Cpu_ivINT_LPTMR0
Cpu_ivINT_PORTA
Cpu_ivINT_PORTB
Cpu_ivINT_PORTC
Cpu_ivINT_PORTD
Cpu_ivINT_PORTE
Cpu_ivINT_SWI
Cpu_ivINT_Reserved81
Cpu_ivINT_Reserved82
Cpu_ivINT_Reserved83
Cpu_ivINT_Reserved84
Cpu_ivINT_Reserved85
Cpu_ivINT_CMP2
Cpu_ivINT_FTM3
Cpu_ivINT_Reserved88
Cpu_ivINT_ADC1
Cpu_ivINT_I2C2
Cpu_ivINT_CAN0_ORed_Message_buffer
Cpu_ivINT_CAN0_Bus_Off
Cpu_ivINT_CAN0_Error
Cpu_ivINT_CAN0_Tx_Warning
Cpu_ivINT_CAN0_Rx_Warning
Cpu_ivINT_CAN0_Wake_Up
Cpu_ivINT_SDHC
