   1              		.syntax unified
   2              		.cpu cortex-m4
   3              		.eabi_attribute 27, 3
   4              		.eabi_attribute 28, 1
   5              		.fpu fpv4-sp-d16
   6              		.eabi_attribute 20, 1
   7              		.eabi_attribute 21, 1
   8              		.eabi_attribute 23, 3
   9              		.eabi_attribute 24, 1
  10              		.eabi_attribute 25, 1
  11              		.eabi_attribute 26, 1
  12              		.eabi_attribute 30, 6
  13              		.eabi_attribute 34, 1
  14              		.eabi_attribute 18, 4
  15              		.thumb
  16              		.file	"main.c"
  17              		.text
  18              	.Ltext0:
  19              		.cfi_sections	.debug_frame
  20              		.section	.rodata.TmDt1_DefaultTime,"a",%progbits
  21              		.align	2
  24              	TmDt1_DefaultTime:
  25 0000 11       		.byte	17
  26 0001 33       		.byte	51
  27 0002 1F       		.byte	31
  28 0003 00       		.byte	0
  29              		.section	.rodata.TmDt1_DefaultDate,"a",%progbits
  30              		.align	2
  33              	TmDt1_DefaultDate:
  34 0000 DC07     		.short	2012
  35 0002 07       		.byte	7
  36 0003 16       		.byte	22
  37              		.section	.text.main,"ax",%progbits
  38              		.align	2
  39              		.global	main
  40              		.thumb
  41              		.thumb_func
  43              	main:
  44              	.LFB0:
  45              		.file 1 "../Sources/main.c"
   1:../Sources/main.c **** /* ###################################################################
   2:../Sources/main.c **** **     Filename    : main.c
   3:../Sources/main.c **** **     Project     : INTRO_Robot_Master
   4:../Sources/main.c **** **     Processor   : MK22FX512VLQ12
   5:../Sources/main.c **** **     Version     : Driver 01.01
   6:../Sources/main.c **** **     Compiler    : GNU C Compiler
   7:../Sources/main.c **** **     Date/Time   : 2016-09-20, 21:03, # CodeGen: 0
   8:../Sources/main.c **** **     Abstract    :
   9:../Sources/main.c **** **         Main module.
  10:../Sources/main.c **** **         This module contains user's application code.
  11:../Sources/main.c **** **     Settings    :
  12:../Sources/main.c **** **     Contents    :
  13:../Sources/main.c **** **         No public methods
  14:../Sources/main.c **** **
  15:../Sources/main.c **** ** ###################################################################*/
  16:../Sources/main.c **** /*!
  17:../Sources/main.c **** ** @file main.c
  18:../Sources/main.c **** ** @version 01.01
  19:../Sources/main.c **** ** @brief
  20:../Sources/main.c **** **         Main module.
  21:../Sources/main.c **** **         This module contains user's application code.
  22:../Sources/main.c **** */         
  23:../Sources/main.c **** /*!
  24:../Sources/main.c **** **  @addtogroup main_module main module documentation
  25:../Sources/main.c **** **  @{
  26:../Sources/main.c **** */         
  27:../Sources/main.c **** /* MODULE main */
  28:../Sources/main.c **** 
  29:../Sources/main.c **** 
  30:../Sources/main.c **** /* Including needed modules to compile this module/procedure */
  31:../Sources/main.c **** #include "Cpu.h"
  32:../Sources/main.c **** #include "Events.h"
  33:../Sources/main.c **** #include "LEDPin1.h"
  34:../Sources/main.c **** #include "BitIoLdd1.h"
  35:../Sources/main.c **** #include "LEDPin2.h"
  36:../Sources/main.c **** #include "BitIoLdd2.h"
  37:../Sources/main.c **** #include "SW1.h"
  38:../Sources/main.c **** #include "BitIoLdd3.h"
  39:../Sources/main.c **** #include "CLS1.h"
  40:../Sources/main.c **** #include "RTT1.h"
  41:../Sources/main.c **** #include "LED_IR.h"
  42:../Sources/main.c **** #include "LEDpin3.h"
  43:../Sources/main.c **** #include "BitIoLdd5.h"
  44:../Sources/main.c **** #include "RefCnt.h"
  45:../Sources/main.c **** #include "IR1.h"
  46:../Sources/main.c **** #include "BitIoLdd6.h"
  47:../Sources/main.c **** #include "IR2.h"
  48:../Sources/main.c **** #include "BitIoLdd7.h"
  49:../Sources/main.c **** #include "IR3.h"
  50:../Sources/main.c **** #include "BitIoLdd8.h"
  51:../Sources/main.c **** #include "IR4.h"
  52:../Sources/main.c **** #include "BitIoLdd9.h"
  53:../Sources/main.c **** #include "IR5.h"
  54:../Sources/main.c **** #include "BitIoLdd10.h"
  55:../Sources/main.c **** #include "IR6.h"
  56:../Sources/main.c **** #include "BitIoLdd11.h"
  57:../Sources/main.c **** #include "Q4CLeft.h"
  58:../Sources/main.c **** #include "C12.h"
  59:../Sources/main.c **** #include "BitIoLdd16.h"
  60:../Sources/main.c **** #include "C23.h"
  61:../Sources/main.c **** #include "BitIoLdd17.h"
  62:../Sources/main.c **** #include "Q4CRight.h"
  63:../Sources/main.c **** #include "C13.h"
  64:../Sources/main.c **** #include "BitIoLdd18.h"
  65:../Sources/main.c **** #include "C25.h"
  66:../Sources/main.c **** #include "BitIoLdd19.h"
  67:../Sources/main.c **** #include "MOTTU.h"
  68:../Sources/main.c **** #include "DIRL.h"
  69:../Sources/main.c **** #include "BitIoLdd12.h"
  70:../Sources/main.c **** #include "PWMR.h"
  71:../Sources/main.c **** #include "PwmLdd2.h"
  72:../Sources/main.c **** #include "DIRR.h"
  73:../Sources/main.c **** #include "BitIoLdd13.h"
  74:../Sources/main.c **** #include "PWML.h"
  75:../Sources/main.c **** #include "PwmLdd3.h"
  76:../Sources/main.c **** #include "QuadInt.h"
  77:../Sources/main.c **** #include "TimerIntLdd2.h"
  78:../Sources/main.c **** #include "TU_QuadInt.h"
  79:../Sources/main.c **** #include "TMOUT1.h"
  80:../Sources/main.c **** #include "USB1.h"
  81:../Sources/main.c **** #include "CDC1.h"
  82:../Sources/main.c **** #include "Tx1.h"
  83:../Sources/main.c **** #include "Rx1.h"
  84:../Sources/main.c **** #include "USB0.h"
  85:../Sources/main.c **** #include "MCUC1.h"
  86:../Sources/main.c **** #include "ADC_Bat.h"
  87:../Sources/main.c **** #include "TmDt1.h"
  88:../Sources/main.c **** #include "IFsh1.h"
  89:../Sources/main.c **** #include "IntFlashLdd1.h"
  90:../Sources/main.c **** #include "BUZ1.h"
  91:../Sources/main.c **** #include "BitIoLdd4.h"
  92:../Sources/main.c **** #include "WAIT1.h"
  93:../Sources/main.c **** #include "CS1.h"
  94:../Sources/main.c **** #include "HF1.h"
  95:../Sources/main.c **** #include "XF1.h"
  96:../Sources/main.c **** #include "UTIL1.h"
  97:../Sources/main.c **** #include "KIN1.h"
  98:../Sources/main.c **** /* Including shared modules, which are used for whole project */
  99:../Sources/main.c **** #include "PE_Types.h"
 100:../Sources/main.c **** #include "PE_Error.h"
 101:../Sources/main.c **** #include "PE_Const.h"
 102:../Sources/main.c **** #include "IO_Map.h"
 103:../Sources/main.c **** /* User includes (#include below this line is not maintained by Processor Expert) */
 104:../Sources/main.c **** #include "Application.h"
 105:../Sources/main.c **** 
 106:../Sources/main.c **** /*lint -save  -e970 Disable MISRA rule (6.3) checking. */
 107:../Sources/main.c **** int main(void)
 108:../Sources/main.c **** /*lint -restore Enable MISRA rule (6.3) checking. */
 109:../Sources/main.c **** {
  46              		.loc 1 109 0
  47              		.cfi_startproc
  48              		@ args = 0, pretend = 0, frame = 0
  49              		@ frame_needed = 1, uses_anonymous_args = 0
  50 0000 80B5     		push	{r7, lr}
  51              		.cfi_def_cfa_offset 8
  52              		.cfi_offset 7, -8
  53              		.cfi_offset 14, -4
  54 0002 00AF     		add	r7, sp, #0
  55              		.cfi_def_cfa_register 7
 110:../Sources/main.c ****   /* Write your local variable definition here */
 111:../Sources/main.c **** 
 112:../Sources/main.c ****   /*** Processor Expert internal initialization. DON'T REMOVE THIS CODE!!! ***/
 113:../Sources/main.c ****   PE_low_level_init();
  56              		.loc 1 113 0
  57 0004 FFF7FEFF 		bl	PE_low_level_init
 114:../Sources/main.c ****   /*** End of Processor Expert internal initialization.                    ***/
 115:../Sources/main.c **** 
 116:../Sources/main.c ****   /* Write your code here */
 117:../Sources/main.c ****   /* For example: for(;;) { } */
 118:../Sources/main.c ****   APP_Start();
  58              		.loc 1 118 0
  59 0008 FFF7FEFF 		bl	APP_Start
  60              	.L2:
 119:../Sources/main.c ****   /*** Don't write any code pass this line, or it will be deleted during code generation. ***/
 120:../Sources/main.c ****   /*** RTOS startup code. Macro PEX_RTOS_START is defined by the RTOS component. DON'T MODIFY THIS 
 121:../Sources/main.c ****   #ifdef PEX_RTOS_START
 122:../Sources/main.c ****     PEX_RTOS_START();                  /* Startup of the selected RTOS. Macro is defined by the RTO
 123:../Sources/main.c ****   #endif
 124:../Sources/main.c ****   /*** End of RTOS startup code.  ***/
 125:../Sources/main.c ****   /*** Processor Expert end of main routine. DON'T MODIFY THIS CODE!!! ***/
 126:../Sources/main.c ****   for(;;){}
  61              		.loc 1 126 0 discriminator 1
  62 000c FEE7     		b	.L2
  63              		.cfi_endproc
  64              	.LFE0:
  66 000e 00BF     		.text
  67              	.Letext0:
  68              		.file 2 "c:\\freescale\\kds_v3\\toolchain\\arm-none-eabi\\include\\machine\\_default_types.h"
  69              		.file 3 "c:\\freescale\\kds_v3\\toolchain\\arm-none-eabi\\include\\stdint.h"
  70              		.file 4 "C:/INTRO_HS18/IntroAronAlex/TEAM_Robot/Generated_Code/TmDt1.h"
DEFINED SYMBOLS
                            *ABS*:00000000 main.c
C:\Users\Aron\AppData\Local\Temp\cctuz1Bq.s:21     .rodata.TmDt1_DefaultTime:00000000 $d
C:\Users\Aron\AppData\Local\Temp\cctuz1Bq.s:24     .rodata.TmDt1_DefaultTime:00000000 TmDt1_DefaultTime
C:\Users\Aron\AppData\Local\Temp\cctuz1Bq.s:30     .rodata.TmDt1_DefaultDate:00000000 $d
C:\Users\Aron\AppData\Local\Temp\cctuz1Bq.s:33     .rodata.TmDt1_DefaultDate:00000000 TmDt1_DefaultDate
C:\Users\Aron\AppData\Local\Temp\cctuz1Bq.s:38     .text.main:00000000 $t
C:\Users\Aron\AppData\Local\Temp\cctuz1Bq.s:43     .text.main:00000000 main
                     .debug_frame:00000010 $d
                           .group:00000000 wm4.0.22dcf9ce9babd46e5ea858ea4400d115
                           .group:00000000 wm4.features.h.22.6a4ca7cd053637cc1d0db6c16f39b2d7
                           .group:00000000 wm4._default_types.h.15.8b2cb27e528498f8ff711db085d6e489
                           .group:00000000 wm4.stdint.h.20.796e373797e732130a803d4c0338fa1b
                           .group:00000000 wm4.PE_Types.h.68.de7a315b6e4c635a9a7a45ae6ec20b08
                           .group:00000000 wm4.PE_Error.h.60.6ccf96637e85421388d147a5dcbc3621
                           .group:00000000 wm4.PE_Const.h.60.44eca2ca2a72148441f11b3e43b344a9
                           .group:00000000 wm4.MK22F12.h.59.83dcc0895f45d7d67f2182a38aa7f04f
                           .group:00000000 wm4.Cpu.h.80.27ab3269a1d751f899c04690559be7d6
                           .group:00000000 wm4.PDD_Types.h.5.e0b4125fe5201c5e1f688b067f4f0d54
                           .group:00000000 wm4.GPIO_PDD.h.123.0d360e6978ec29f76970d5d88d4be5fd
                           .group:00000000 wm4.BitIoLdd1.h.106.6aefd12cf122f858b9a6e67e04698df3
                           .group:00000000 wm4.LEDPin1.h.120.0f7601ad191d04c80fd3ddb71251d171
                           .group:00000000 wm4.BitIoLdd2.h.84.64d657f533e4e051bbc2978dd6e2235b
                           .group:00000000 wm4.LEDPin2.h.120.c2ee03db2e7e458899a79b5e691b310f
                           .group:00000000 wm4.BitIoLdd3.h.80.f05901605addf9f16fd809d9e28a4caf
                           .group:00000000 wm4.MCUC1config.h.9.0bb8fec22d828f19e34a4cdf9951d555
                           .group:00000000 wm4.CLS1config.h.2.854bb35357facad932898800d8509913
                           .group:00000000 wm4.CLS1.h.122.6dfe00e3ccac8c27c20e405bc6b8e609
                           .group:00000000 wm4.WAIT1config.h.9.10dc563fdcbcf1b71ae6cd3c0d22fd32
                           .group:00000000 wm4.WAIT1.h.93.af9b975f9a6d5eb80ff72ca188861d18
                           .group:00000000 wm4.newlib.h.8.fec018e441fee7bfa1923812ad010f97
                           .group:00000000 wm4.config.h.212.4163ef2871a828c674038d036b081cfd
                           .group:00000000 wm4._ansi.h.23.2147fde150631f5584b9dc29b914d1b8
                           .group:00000000 wm4.stddef.h.39.daafd3d79fe2f3a84d2d73d7d4e706f8
                           .group:00000000 wm4.lock.h.2.9bc98482741e5e2a9450b12934a684ea
                           .group:00000000 wm4._types.h.54.d3d34a3b7f3cc230cd159baf022b4b08
                           .group:00000000 wm4.stddef.h.158.61317cdbfb4026324507d123a50b0fd6
                           .group:00000000 wm4.reent.h.17.8bd9e4098e0428508c282cad794fae43
                           .group:00000000 wm4.cdefs.h.56.a2d04de9d47039852021e66fca39bb58
                           .group:00000000 wm4.string.h.15.dab3980bf35408a4c507182805e2de3a
                           .group:00000000 wm4.stddef.h.158.a7efb00f6cbc6f43213b50e183c9830c
                           .group:00000000 wm4.UTIL1.h.779.3f4da336bf693064cf78522cb140d5f7
                           .group:00000000 wm4.XF1config.h.2.019525ef4bf64d9e3cd792a651ed2fc0
                           .group:00000000 wm4.stdarg.h.31.72c3aa8d68b291953fa52b9471bcdff7
                           .group:00000000 wm4.CS1config.h.2.e5153cf58e5fe0ee6ea0dc776d94aafd
                           .group:00000000 wm4.CS1.h.86.71773cc9f7a1189b60d5af00334fca8e
                           .group:00000000 wm4.CLS1.h.172.83b9daee286b58c7d453522f7dba0b4f
                           .group:00000000 wm4.RTT1config.h.9.558b8e72f87fd463160ae39e042c41f1
                           .group:00000000 wm4.SEGGER_RTT_Conf.h.68.24b18c92ee0ed50596d5a2ac2446e1f3
                           .group:00000000 wm4.SEGGER_RTT.h.170.7440a65c6e414fb2a8040073a0d6a958
                           .group:00000000 wm4.RTT1.h.115.43f0ed708a6264c94c5a08549cc1736d
                           .group:00000000 wm4.BitIoLdd5.h.83.06666aca4789003a87ddf4a1c03c30bb
                           .group:00000000 wm4.LEDpin3.h.119.c8dbb0df9eaea76eb8c772f8b6a93b9e
                           .group:00000000 wm4.LED_IR.h.89.bb1bda720ff4993422313b57362152b8
                           .group:00000000 wm4.FTM_PDD.h.9.4bf67b81fa923530600b2f7d82fb2c82
                           .group:00000000 wm4.RefCnt.h.119.51c58ca380cb781004d49e143bcf25ce
                           .group:00000000 wm4.BitIoLdd6.h.86.8c3db6ace448db0460b7b918d55b052f
                           .group:00000000 wm4.IR1.h.115.7ad95a1efdb73410d85da1efd9af50ec
                           .group:00000000 wm4.BitIoLdd7.h.86.1aca84bdbe0d0f3eb31633a0dd178595
                           .group:00000000 wm4.IR2.h.115.4c52749d4740eb1eb024d7b73d3ae164
                           .group:00000000 wm4.BitIoLdd8.h.86.3f05f0deda60864e24298fccd4f84847
                           .group:00000000 wm4.IR3.h.115.487f3b2e89cbf00a9b70404b3ff28538
                           .group:00000000 wm4.BitIoLdd9.h.86.193660535d8a583368f21e5788049bc2
                           .group:00000000 wm4.IR4.h.115.43d770b35540c7b4c57f8578a4ac4859
                           .group:00000000 wm4.BitIoLdd10.h.86.0a65f301f331cf043a491a1d5af49375
                           .group:00000000 wm4.IR5.h.115.5fa5d4527eda62e01e2eb48ec2474852
                           .group:00000000 wm4.BitIoLdd11.h.86.118e31cee7bf502dc8f630e7613f28ff
                           .group:00000000 wm4.IR6.h.115.844e1ca32815ba11d89c1a6d4994d491
                           .group:00000000 wm4.BitIoLdd16.h.80.553771aed0ac977680127199a53411c3
                           .group:00000000 wm4.BitIoLdd17.h.80.4955ec09d8ba6218b2155bd2806c47ef
                           .group:00000000 wm4.Q4CLeft.h.95.e8e289488260c59685bbedea33440786
                           .group:00000000 wm4.BitIoLdd18.h.80.9bd8c96d631c658197bd9f5a96217378
                           .group:00000000 wm4.BitIoLdd19.h.80.3e408b47d901a6602b2ffb435d1bed45
                           .group:00000000 wm4.Q4CRight.h.95.2dcac9bda47be73a4c2f58b434332738
                           .group:00000000 wm4.MOTTU.h.132.efbe072b278d4563486200c24bc4d8f2
                           .group:00000000 wm4.BitIoLdd12.h.83.89ad729bdc6bcdd64dbdba0a7a785f29
                           .group:00000000 wm4.DIRL.h.119.0ba0dba920116942c24256eef94918d6
                           .group:00000000 wm4.PwmLdd2.h.118.e4d46912157cd88f7c4ee4206e648ce0
                           .group:00000000 wm4.PWMR.h.104.1676261867e53519aacdeb0fe42a5e28
                           .group:00000000 wm4.BitIoLdd13.h.83.b3e4843c66f80c7b9f602fbe583579ff
                           .group:00000000 wm4.DIRR.h.119.3819064066d96bdb639e5fdeb31268a4
                           .group:00000000 wm4.PwmLdd3.h.98.4e755c5cacda2ff1bc644a2d16364051
                           .group:00000000 wm4.PWML.h.104.39854974e902631947e808c7b34a4660
                           .group:00000000 wm4.PIT_PDD.h.9.7be1c07eaee825acab7b9ea5f7bf2d60
                           .group:00000000 wm4.TU_QuadInt.h.119.c95e3fe39b4be442ba105baa4ac336a5
                           .group:00000000 wm4.TimerIntLdd2.h.115.d2bfa8e5c6927b3e9f2311b6b5c7077a
                           .group:00000000 wm4.TMOUT1.h.87.b6e8a0bc76f5ddb6885fb8160d83a276
                           .group:00000000 wm4.CDC1config.h.2.2be1a589b954aa914c1902ad9ba021c3
                           .group:00000000 wm4.Rx1config.h.2.c30e4a0e45f6e807cce9dde5ea425cff
                           .group:00000000 wm4.Tx1config.h.2.d91879c115169a321839683317c9c920
                           .group:00000000 wm4.CDC1.h.124.b4a2251cc75154da6719786102b54d8a
                           .group:00000000 wm4.USB1.h.87.d7dd529d6ff87e63a83403004f604115
                           .group:00000000 wm4.USB0.h.229.b789068b5a727688d0846632d913cfef
                           .group:00000000 wm4.ADC_PDD.h.9.df8c50f584de4b57c0a352475fa7e81c
                           .group:00000000 wm4.ADC_Bat.h.137.a84b4e3a144db38a435c2634c7d72458
                           .group:00000000 wm4.TmDt1.h.123.693fa6f195c7fc631f6dcf3a45c64eb4
                           .group:00000000 wm4.FTFE_PDD.h.9.40d68fd77e239c683ea3840917fd4e47
                           .group:00000000 wm4.FMC_PDD.h.9.181464bd332af8d36f15c072c1936de8
                           .group:00000000 wm4.IntFlashLdd1.h.119.6ef6fcca95541f24b629003abfa3038e
                           .group:00000000 wm4.IFsh1.h.121.c87d7033c18812659e3ae9b3118ceeb7
                           .group:00000000 wm4.BitIoLdd4.h.84.7eb71e610568b023506a69afad8f09fd
                           .group:00000000 wm4.BUZ1.h.120.8e6c531384bea9e8ca2bbc8bc2d3ddfa
                           .group:00000000 wm4.HF1config.h.2.9ac2f63384419afc90014cf0377b0f43
                           .group:00000000 wm4.KIN1config.h.9.ab40a5871d92daf91163fbd666cce881
                           .group:00000000 wm4.KIN1.h.91.3d4462c05cb3114f21995efcad73491e
                           .group:00000000 wm4.Platform_Local.h.12.1c54ecad631b4f1f78f95b12b9dbbf9c
                           .group:00000000 wm4.Platform.h.18.5b06f5253c5f37b7878db104ac027c4e

UNDEFINED SYMBOLS
PE_low_level_init
APP_Start
